{"/home/pantoine/EIP/Strollin/Strollin/Components/ButtonIcon.js": {"path":"/home/pantoine/EIP/Strollin/Strollin/Components/ButtonIcon.js","statementMap":{"0":{"start":{"line":6,"column":2},"end":{"line":10,"column":4}},"1":{"start":{"line":13,"column":15},"end":{"line":21,"column":2}}},"fnMap":{"0":{"name":"ButtonIcon","decl":{"start":{"line":5,"column":9},"end":{"line":5,"column":19}},"loc":{"start":{"line":5,"column":27},"end":{"line":11,"column":1}},"line":5}},"branchMap":{},"s":{"0":3,"1":3},"f":{"0":3},"b":{},"_coverageSchema":"1a1c01bbd47fc00a2c39e90264f33305004495a9","hash":"1b6afc90981e11014f24ce2a47f95fffe2a555ac"}
,"/home/pantoine/EIP/Strollin/Strollin/Components/Comment.js": {"path":"/home/pantoine/EIP/Strollin/Strollin/Components/Comment.js","statementMap":{"0":{"start":{"line":8,"column":2},"end":{"line":21,"column":4}},"1":{"start":{"line":26,"column":15},"end":{"line":54,"column":2}}},"fnMap":{"0":{"name":"Comment","decl":{"start":{"line":6,"column":9},"end":{"line":6,"column":16}},"loc":{"start":{"line":6,"column":24},"end":{"line":22,"column":1}},"line":6}},"branchMap":{},"s":{"0":4,"1":2},"f":{"0":4},"b":{},"_coverageSchema":"1a1c01bbd47fc00a2c39e90264f33305004495a9","hash":"cac213046ed50a06e612477339c4d08787b2ccdd"}
,"/home/pantoine/EIP/Strollin/Strollin/Components/CommentScreen.js": {"path":"/home/pantoine/EIP/Strollin/Strollin/Components/CommentScreen.js","statementMap":{"0":{"start":{"line":9,"column":15},"end":{"line":9,"column":37}},"1":{"start":{"line":10,"column":2},"end":{"line":22,"column":4}},"2":{"start":{"line":17,"column":36},"end":{"line":17,"column":121}},"3":{"start":{"line":18,"column":34},"end":{"line":18,"column":41}},"4":{"start":{"line":27,"column":15},"end":{"line":59,"column":2}}},"fnMap":{"0":{"name":"CommentScreen","decl":{"start":{"line":7,"column":9},"end":{"line":7,"column":22}},"loc":{"start":{"line":7,"column":30},"end":{"line":23,"column":1}},"line":7},"1":{"name":"(anonymous_1)","decl":{"start":{"line":17,"column":22},"end":{"line":17,"column":23}},"loc":{"start":{"line":17,"column":36},"end":{"line":17,"column":121}},"line":17},"2":{"name":"(anonymous_2)","decl":{"start":{"line":18,"column":24},"end":{"line":18,"column":25}},"loc":{"start":{"line":18,"column":34},"end":{"line":18,"column":41}},"line":18}},"branchMap":{},"s":{"0":2,"1":2,"2":3,"3":3,"4":1},"f":{"0":2,"1":3,"2":3},"b":{},"_coverageSchema":"1a1c01bbd47fc00a2c39e90264f33305004495a9","hash":"a4cbe7e05f4a8568cd02356e48c10fc7bba07d5a"}
,"/home/pantoine/EIP/Strollin/Strollin/Components/CourseEvaluation.js": {"path":"/home/pantoine/EIP/Strollin/Strollin/Components/CourseEvaluation.js","statementMap":{"0":{"start":{"line":13,"column":16},"end":{"line":13,"column":32}},"1":{"start":{"line":15,"column":22},"end":{"line":18,"column":4}},"2":{"start":{"line":44,"column":32},"end":{"line":44,"column":44}},"3":{"start":{"line":45,"column":30},"end":{"line":45,"column":42}},"4":{"start":{"line":47,"column":2},"end":{"line":92,"column":4}},"5":{"start":{"line":57,"column":26},"end":{"line":57,"column":40}},"6":{"start":{"line":71,"column":34},"end":{"line":71,"column":50}},"7":{"start":{"line":83,"column":12},"end":{"line":83,"column":47}},"8":{"start":{"line":95,"column":24},"end":{"line":95,"column":40}},"9":{"start":{"line":95,"column":35},"end":{"line":95,"column":40}},"10":{"start":{"line":98,"column":15},"end":{"line":146,"column":2}}},"fnMap":{"0":{"name":"ratingCompleted","decl":{"start":{"line":10,"column":9},"end":{"line":10,"column":24}},"loc":{"start":{"line":10,"column":42},"end":{"line":41,"column":1}},"line":10},"1":{"name":"CourseEvaluation","decl":{"start":{"line":43,"column":16},"end":{"line":43,"column":32}},"loc":{"start":{"line":43,"column":40},"end":{"line":93,"column":1}},"line":43},"2":{"name":"(anonymous_2)","decl":{"start":{"line":57,"column":18},"end":{"line":57,"column":19}},"loc":{"start":{"line":57,"column":25},"end":{"line":57,"column":41}},"line":57},"3":{"name":"(anonymous_3)","decl":{"start":{"line":71,"column":24},"end":{"line":71,"column":25}},"loc":{"start":{"line":71,"column":34},"end":{"line":71,"column":50}},"line":71},"4":{"name":"(anonymous_4)","decl":{"start":{"line":82,"column":19},"end":{"line":82,"column":20}},"loc":{"start":{"line":82,"column":25},"end":{"line":84,"column":11}},"line":82},"5":{"name":"(anonymous_5)","decl":{"start":{"line":95,"column":24},"end":{"line":95,"column":25}},"loc":{"start":{"line":95,"column":35},"end":{"line":95,"column":40}},"line":95}},"branchMap":{},"s":{"0":1,"1":1,"2":6,"3":6,"4":6,"5":1,"6":1,"7":1,"8":1,"9":1,"10":1},"f":{"0":1,"1":6,"2":1,"3":1,"4":1,"5":1},"b":{},"_coverageSchema":"1a1c01bbd47fc00a2c39e90264f33305004495a9","hash":"b96607c07abfbbf78ef76662bb32abacfc023a91"}
,"/home/pantoine/EIP/Strollin/Strollin/Components/Form.js": {"path":"/home/pantoine/EIP/Strollin/Strollin/Components/Form.js","statementMap":{"0":{"start":{"line":12,"column":2},"end":{"line":26,"column":4}},"1":{"start":{"line":22,"column":10},"end":{"line":22,"column":34}}},"fnMap":{"0":{"name":"Form","decl":{"start":{"line":9,"column":9},"end":{"line":9,"column":13}},"loc":{"start":{"line":11,"column":3},"end":{"line":27,"column":1}},"line":11},"1":{"name":"(anonymous_1)","decl":{"start":{"line":21,"column":22},"end":{"line":21,"column":23}},"loc":{"start":{"line":21,"column":37},"end":{"line":23,"column":9}},"line":21}},"branchMap":{},"s":{"0":3,"1":1},"f":{"0":3,"1":1},"b":{},"_coverageSchema":"1a1c01bbd47fc00a2c39e90264f33305004495a9","hash":"742484457f94ee22dc2d13f2e406bc32a2213f83"}
,"/home/pantoine/EIP/Strollin/Strollin/Components/FriendList.js": {"path":"/home/pantoine/EIP/Strollin/Strollin/Components/FriendList.js","statementMap":{"0":{"start":{"line":11,"column":13},"end":{"line":11,"column":14}},"1":{"start":{"line":13,"column":13},"end":{"line":38,"column":1}},"2":{"start":{"line":40,"column":14},"end":{"line":61,"column":1}},"3":{"start":{"line":64,"column":18},"end":{"line":64,"column":20}},"4":{"start":{"line":65,"column":2},"end":{"line":76,"column":3}},"5":{"start":{"line":65,"column":15},"end":{"line":65,"column":16}},"6":{"start":{"line":66,"column":4},"end":{"line":75,"column":5}},"7":{"start":{"line":66,"column":17},"end":{"line":66,"column":18}},"8":{"start":{"line":67,"column":6},"end":{"line":74,"column":7}},"9":{"start":{"line":68,"column":8},"end":{"line":68,"column":32}},"10":{"start":{"line":77,"column":2},"end":{"line":77,"column":17}},"11":{"start":{"line":121,"column":19},"end":{"line":133,"column":1}},"12":{"start":{"line":122,"column":2},"end":{"line":132,"column":9}},"13":{"start":{"line":129,"column":32},"end":{"line":129,"column":86}},"14":{"start":{"line":130,"column":30},"end":{"line":130,"column":37}},"15":{"start":{"line":135,"column":20},"end":{"line":146,"column":1}},"16":{"start":{"line":136,"column":2},"end":{"line":145,"column":9}},"17":{"start":{"line":142,"column":8},"end":{"line":142,"column":42}},"18":{"start":{"line":149,"column":18},"end":{"line":149,"column":61}},"19":{"start":{"line":149,"column":42},"end":{"line":149,"column":60}},"20":{"start":{"line":153,"column":2},"end":{"line":153,"column":16}},"21":{"start":{"line":157,"column":18},"end":{"line":157,"column":59}},"22":{"start":{"line":157,"column":40},"end":{"line":157,"column":58}},"23":{"start":{"line":161,"column":2},"end":{"line":163,"column":3}},"24":{"start":{"line":162,"column":4},"end":{"line":162,"column":34}},"25":{"start":{"line":167,"column":32},"end":{"line":167,"column":50}},"26":{"start":{"line":168,"column":35},"end":{"line":168,"column":53}},"27":{"start":{"line":170,"column":2},"end":{"line":221,"column":4}},"28":{"start":{"line":179,"column":14},"end":{"line":179,"column":55}},"29":{"start":{"line":180,"column":14},"end":{"line":180,"column":31}},"30":{"start":{"line":190,"column":14},"end":{"line":190,"column":33}},"31":{"start":{"line":204,"column":38},"end":{"line":204,"column":102}},"32":{"start":{"line":205,"column":36},"end":{"line":205,"column":43}},"33":{"start":{"line":210,"column":14},"end":{"line":213,"column":21}},"34":{"start":{"line":215,"column":36},"end":{"line":215,"column":43}},"35":{"start":{"line":224,"column":15},"end":{"line":252,"column":2}}},"fnMap":{"0":{"name":"getFriend","decl":{"start":{"line":63,"column":16},"end":{"line":63,"column":25}},"loc":{"start":{"line":63,"column":41},"end":{"line":119,"column":1}},"line":63},"1":{"name":"(anonymous_1)","decl":{"start":{"line":121,"column":19},"end":{"line":121,"column":20}},"loc":{"start":{"line":122,"column":2},"end":{"line":132,"column":9}},"line":122},"2":{"name":"(anonymous_2)","decl":{"start":{"line":129,"column":18},"end":{"line":129,"column":19}},"loc":{"start":{"line":129,"column":32},"end":{"line":129,"column":86}},"line":129},"3":{"name":"(anonymous_3)","decl":{"start":{"line":130,"column":20},"end":{"line":130,"column":21}},"loc":{"start":{"line":130,"column":30},"end":{"line":130,"column":37}},"line":130},"4":{"name":"(anonymous_4)","decl":{"start":{"line":135,"column":20},"end":{"line":135,"column":21}},"loc":{"start":{"line":136,"column":2},"end":{"line":145,"column":9}},"line":136},"5":{"name":"(anonymous_5)","decl":{"start":{"line":141,"column":15},"end":{"line":141,"column":16}},"loc":{"start":{"line":141,"column":21},"end":{"line":143,"column":7}},"line":141},"6":{"name":"deleteFriend","decl":{"start":{"line":148,"column":16},"end":{"line":148,"column":28}},"loc":{"start":{"line":148,"column":50},"end":{"line":154,"column":1}},"line":148},"7":{"name":"(anonymous_7)","decl":{"start":{"line":149,"column":32},"end":{"line":149,"column":33}},"loc":{"start":{"line":149,"column":42},"end":{"line":149,"column":60}},"line":149},"8":{"name":"addFriend","decl":{"start":{"line":156,"column":16},"end":{"line":156,"column":25}},"loc":{"start":{"line":156,"column":47},"end":{"line":164,"column":1}},"line":156},"9":{"name":"(anonymous_9)","decl":{"start":{"line":157,"column":30},"end":{"line":157,"column":31}},"loc":{"start":{"line":157,"column":40},"end":{"line":157,"column":58}},"line":157},"10":{"name":"FriendList","decl":{"start":{"line":166,"column":9},"end":{"line":166,"column":19}},"loc":{"start":{"line":166,"column":27},"end":{"line":222,"column":1}},"line":166},"11":{"name":"(anonymous_11)","decl":{"start":{"line":178,"column":21},"end":{"line":178,"column":22}},"loc":{"start":{"line":178,"column":27},"end":{"line":181,"column":13}},"line":178},"12":{"name":"(anonymous_12)","decl":{"start":{"line":189,"column":26},"end":{"line":189,"column":27}},"loc":{"start":{"line":189,"column":36},"end":{"line":192,"column":13}},"line":189},"13":{"name":"(anonymous_13)","decl":{"start":{"line":204,"column":24},"end":{"line":204,"column":25}},"loc":{"start":{"line":204,"column":38},"end":{"line":204,"column":102}},"line":204},"14":{"name":"(anonymous_14)","decl":{"start":{"line":205,"column":26},"end":{"line":205,"column":27}},"loc":{"start":{"line":205,"column":36},"end":{"line":205,"column":43}},"line":205},"15":{"name":"(anonymous_15)","decl":{"start":{"line":209,"column":24},"end":{"line":209,"column":25}},"loc":{"start":{"line":210,"column":14},"end":{"line":213,"column":21}},"line":210},"16":{"name":"(anonymous_16)","decl":{"start":{"line":215,"column":26},"end":{"line":215,"column":27}},"loc":{"start":{"line":215,"column":36},"end":{"line":215,"column":43}},"line":215}},"branchMap":{"0":{"loc":{"start":{"line":67,"column":6},"end":{"line":74,"column":7}},"type":"if","locations":[{"start":{"line":67,"column":6},"end":{"line":74,"column":7}},{"start":{"line":67,"column":6},"end":{"line":74,"column":7}}],"line":67},"1":{"loc":{"start":{"line":161,"column":2},"end":{"line":163,"column":3}},"type":"if","locations":[{"start":{"line":161,"column":2},"end":{"line":163,"column":3}},{"start":{"line":161,"column":2},"end":{"line":163,"column":3}}],"line":161},"2":{"loc":{"start":{"line":232,"column":15},"end":{"line":232,"column":43}},"type":"binary-expr","locations":[{"start":{"line":232,"column":15},"end":{"line":232,"column":38}},{"start":{"line":232,"column":42},"end":{"line":232,"column":43}}],"line":232}},"s":{"0":1,"1":1,"2":1,"3":5,"4":5,"5":5,"6":12,"7":12,"8":2,"9":0,"10":5,"11":1,"12":4,"13":0,"14":0,"15":1,"16":1,"17":0,"18":1,"19":1,"20":1,"21":2,"22":12,"23":2,"24":1,"25":7,"26":7,"27":7,"28":1,"29":1,"30":1,"31":1,"32":1,"33":4,"34":4,"35":1},"f":{"0":5,"1":4,"2":0,"3":0,"4":1,"5":0,"6":1,"7":1,"8":2,"9":12,"10":7,"11":1,"12":1,"13":1,"14":1,"15":4,"16":4},"b":{"0":[0,2],"1":[1,1],"2":[1,1]},"_coverageSchema":"1a1c01bbd47fc00a2c39e90264f33305004495a9","hash":"cf45e0b93c613e51dee4ce23864cace00afe34d7"}
,"/home/pantoine/EIP/Strollin/Strollin/Components/HistoryElement.js": {"path":"/home/pantoine/EIP/Strollin/Strollin/Components/HistoryElement.js","statementMap":{"0":{"start":{"line":11,"column":22},"end":{"line":11,"column":117}},"1":{"start":{"line":12,"column":32},"end":{"line":12,"column":53}},"2":{"start":{"line":14,"column":20},"end":{"line":17,"column":3}},"3":{"start":{"line":19,"column":2},"end":{"line":118,"column":3}},"4":{"start":{"line":20,"column":4},"end":{"line":117,"column":6}},"5":{"start":{"line":29,"column":12},"end":{"line":42,"column":19}},"6":{"start":{"line":51,"column":29},"end":{"line":51,"column":49}},"7":{"start":{"line":59,"column":14},"end":{"line":72,"column":21}},"8":{"start":{"line":81,"column":41},"end":{"line":85,"column":17}},"9":{"start":{"line":97,"column":16},"end":{"line":108,"column":19}},"10":{"start":{"line":119,"column":2},"end":{"line":181,"column":4}},"11":{"start":{"line":131,"column":27},"end":{"line":131,"column":47}}},"fnMap":{"0":{"name":"ElementHistoryNav","decl":{"start":{"line":10,"column":9},"end":{"line":10,"column":26}},"loc":{"start":{"line":10,"column":58},"end":{"line":182,"column":1}},"line":10},"1":{"name":"(anonymous_1)","decl":{"start":{"line":28,"column":22},"end":{"line":28,"column":23}},"loc":{"start":{"line":29,"column":12},"end":{"line":42,"column":19}},"line":29},"2":{"name":"(anonymous_2)","decl":{"start":{"line":51,"column":23},"end":{"line":51,"column":24}},"loc":{"start":{"line":51,"column":29},"end":{"line":51,"column":49}},"line":51},"3":{"name":"(anonymous_3)","decl":{"start":{"line":58,"column":24},"end":{"line":58,"column":25}},"loc":{"start":{"line":59,"column":14},"end":{"line":72,"column":21}},"line":59},"4":{"name":"(anonymous_4)","decl":{"start":{"line":80,"column":23},"end":{"line":80,"column":24}},"loc":{"start":{"line":80,"column":29},"end":{"line":87,"column":15}},"line":80},"5":{"name":"(anonymous_5)","decl":{"start":{"line":96,"column":23},"end":{"line":96,"column":24}},"loc":{"start":{"line":96,"column":29},"end":{"line":109,"column":15}},"line":96},"6":{"name":"(anonymous_6)","decl":{"start":{"line":131,"column":21},"end":{"line":131,"column":22}},"loc":{"start":{"line":131,"column":27},"end":{"line":131,"column":47}},"line":131},"7":{"name":"(anonymous_7)","decl":{"start":{"line":144,"column":21},"end":{"line":144,"column":22}},"loc":{"start":{"line":144,"column":27},"end":{"line":151,"column":13}},"line":144},"8":{"name":"(anonymous_8)","decl":{"start":{"line":160,"column":21},"end":{"line":160,"column":22}},"loc":{"start":{"line":160,"column":27},"end":{"line":173,"column":13}},"line":160}},"branchMap":{"0":{"loc":{"start":{"line":10,"column":35},"end":{"line":10,"column":54}},"type":"default-arg","locations":[{"start":{"line":10,"column":49},"end":{"line":10,"column":54}}],"line":10},"1":{"loc":{"start":{"line":19,"column":2},"end":{"line":118,"column":3}},"type":"if","locations":[{"start":{"line":19,"column":2},"end":{"line":118,"column":3}},{"start":{"line":19,"column":2},"end":{"line":118,"column":3}}],"line":19}},"s":{"0":11,"1":11,"2":11,"3":11,"4":7,"5":3,"6":1,"7":3,"8":1,"9":1,"10":4,"11":1},"f":{"0":11,"1":3,"2":1,"3":3,"4":1,"5":1,"6":1,"7":1,"8":1},"b":{"0":[7],"1":[7,4]},"_coverageSchema":"1a1c01bbd47fc00a2c39e90264f33305004495a9","hash":"246c4465040b3c34ba1545f59d6c8d22c95c0169"}
,"/home/pantoine/EIP/Strollin/Strollin/Components/HistoryNav.js": {"path":"/home/pantoine/EIP/Strollin/Strollin/Components/HistoryNav.js","statementMap":{"0":{"start":{"line":27,"column":2},"end":{"line":114,"column":4}},"1":{"start":{"line":33,"column":25},"end":{"line":33,"column":56}},"2":{"start":{"line":44,"column":25},"end":{"line":44,"column":60}},"3":{"start":{"line":55,"column":25},"end":{"line":55,"column":62}},"4":{"start":{"line":66,"column":25},"end":{"line":66,"column":58}},"5":{"start":{"line":77,"column":25},"end":{"line":77,"column":55}},"6":{"start":{"line":91,"column":12},"end":{"line":101,"column":19}},"7":{"start":{"line":108,"column":25},"end":{"line":108,"column":62}},"8":{"start":{"line":117,"column":24},"end":{"line":117,"column":40}},"9":{"start":{"line":117,"column":35},"end":{"line":117,"column":40}},"10":{"start":{"line":121,"column":15},"end":{"line":171,"column":2}}},"fnMap":{"0":{"name":"HistoryNav","decl":{"start":{"line":11,"column":16},"end":{"line":11,"column":26}},"loc":{"start":{"line":11,"column":48},"end":{"line":115,"column":1}},"line":11},"1":{"name":"(anonymous_1)","decl":{"start":{"line":33,"column":19},"end":{"line":33,"column":20}},"loc":{"start":{"line":33,"column":25},"end":{"line":33,"column":56}},"line":33},"2":{"name":"(anonymous_2)","decl":{"start":{"line":44,"column":19},"end":{"line":44,"column":20}},"loc":{"start":{"line":44,"column":25},"end":{"line":44,"column":60}},"line":44},"3":{"name":"(anonymous_3)","decl":{"start":{"line":55,"column":19},"end":{"line":55,"column":20}},"loc":{"start":{"line":55,"column":25},"end":{"line":55,"column":62}},"line":55},"4":{"name":"(anonymous_4)","decl":{"start":{"line":66,"column":19},"end":{"line":66,"column":20}},"loc":{"start":{"line":66,"column":25},"end":{"line":66,"column":58}},"line":66},"5":{"name":"(anonymous_5)","decl":{"start":{"line":77,"column":19},"end":{"line":77,"column":20}},"loc":{"start":{"line":77,"column":25},"end":{"line":77,"column":55}},"line":77},"6":{"name":"(anonymous_6)","decl":{"start":{"line":90,"column":22},"end":{"line":90,"column":23}},"loc":{"start":{"line":91,"column":12},"end":{"line":101,"column":19}},"line":91},"7":{"name":"(anonymous_7)","decl":{"start":{"line":108,"column":19},"end":{"line":108,"column":20}},"loc":{"start":{"line":108,"column":25},"end":{"line":108,"column":62}},"line":108},"8":{"name":"(anonymous_8)","decl":{"start":{"line":117,"column":24},"end":{"line":117,"column":25}},"loc":{"start":{"line":117,"column":35},"end":{"line":117,"column":40}},"line":117}},"branchMap":{},"s":{"0":2,"1":1,"2":1,"3":1,"4":1,"5":1,"6":1,"7":1,"8":1,"9":1,"10":1},"f":{"0":2,"1":1,"2":1,"3":1,"4":1,"5":1,"6":1,"7":1,"8":1},"b":{},"_coverageSchema":"1a1c01bbd47fc00a2c39e90264f33305004495a9","hash":"778ea59320a61bad70bec549099bfd962dfae8d3"}
,"/home/pantoine/EIP/Strollin/Strollin/Components/Home.js": {"path":"/home/pantoine/EIP/Strollin/Strollin/Components/Home.js","statementMap":{"0":{"start":{"line":9,"column":2},"end":{"line":32,"column":4}},"1":{"start":{"line":16,"column":25},"end":{"line":16,"column":66}},"2":{"start":{"line":21,"column":25},"end":{"line":21,"column":63}},"3":{"start":{"line":28,"column":25},"end":{"line":28,"column":68}}},"fnMap":{"0":{"name":"Home","decl":{"start":{"line":8,"column":9},"end":{"line":8,"column":13}},"loc":{"start":{"line":8,"column":21},"end":{"line":33,"column":1}},"line":8},"1":{"name":"(anonymous_1)","decl":{"start":{"line":16,"column":19},"end":{"line":16,"column":20}},"loc":{"start":{"line":16,"column":25},"end":{"line":16,"column":66}},"line":16},"2":{"name":"(anonymous_2)","decl":{"start":{"line":21,"column":19},"end":{"line":21,"column":20}},"loc":{"start":{"line":21,"column":25},"end":{"line":21,"column":63}},"line":21},"3":{"name":"(anonymous_3)","decl":{"start":{"line":28,"column":19},"end":{"line":28,"column":20}},"loc":{"start":{"line":28,"column":25},"end":{"line":28,"column":68}},"line":28}},"branchMap":{},"s":{"0":3,"1":1,"2":1,"3":1},"f":{"0":3,"1":1,"2":1,"3":1},"b":{},"_coverageSchema":"1a1c01bbd47fc00a2c39e90264f33305004495a9","hash":"331f1ab779b1057bf34b6df5a5e28e03d3142894"}
,"/home/pantoine/EIP/Strollin/Strollin/Components/HomePage.js": {"path":"/home/pantoine/EIP/Strollin/Strollin/Components/HomePage.js","statementMap":{"0":{"start":{"line":13,"column":20},"end":{"line":13,"column":55}},"1":{"start":{"line":15,"column":21},"end":{"line":15,"column":57}},"2":{"start":{"line":18,"column":16},"end":{"line":18,"column":32}},"3":{"start":{"line":19,"column":19},"end":{"line":19,"column":21}},"4":{"start":{"line":20,"column":10},"end":{"line":20,"column":11}},"5":{"start":{"line":21,"column":10},"end":{"line":21,"column":11}},"6":{"start":{"line":24,"column":2},"end":{"line":31,"column":3}},"7":{"start":{"line":25,"column":4},"end":{"line":30,"column":5}},"8":{"start":{"line":26,"column":6},"end":{"line":29,"column":7}},"9":{"start":{"line":27,"column":8},"end":{"line":27,"column":56}},"10":{"start":{"line":28,"column":8},"end":{"line":28,"column":14}},"11":{"start":{"line":33,"column":17},"end":{"line":36,"column":3}},"12":{"start":{"line":37,"column":2},"end":{"line":37,"column":25}},"13":{"start":{"line":41,"column":16},"end":{"line":41,"column":32}},"14":{"start":{"line":43,"column":2},"end":{"line":47,"column":3}},"15":{"start":{"line":44,"column":4},"end":{"line":44,"column":47}},"16":{"start":{"line":46,"column":4},"end":{"line":46,"column":41}},"17":{"start":{"line":52,"column":2},"end":{"line":186,"column":4}},"18":{"start":{"line":58,"column":25},"end":{"line":58,"column":62}},"19":{"start":{"line":69,"column":25},"end":{"line":69,"column":66}},"20":{"start":{"line":80,"column":25},"end":{"line":80,"column":68}},"21":{"start":{"line":91,"column":25},"end":{"line":91,"column":64}},"22":{"start":{"line":102,"column":25},"end":{"line":102,"column":61}},"23":{"start":{"line":126,"column":12},"end":{"line":132,"column":14}},"24":{"start":{"line":134,"column":34},"end":{"line":134,"column":41}},"25":{"start":{"line":141,"column":27},"end":{"line":141,"column":102}},"26":{"start":{"line":142,"column":12},"end":{"line":142,"column":35}},"27":{"start":{"line":143,"column":12},"end":{"line":143,"column":50}},"28":{"start":{"line":153,"column":12},"end":{"line":153,"column":58}},"29":{"start":{"line":165,"column":12},"end":{"line":165,"column":50}},"30":{"start":{"line":176,"column":25},"end":{"line":176,"column":68}},"31":{"start":{"line":189,"column":15},"end":{"line":238,"column":2}},"32":{"start":{"line":240,"column":24},"end":{"line":240,"column":40}},"33":{"start":{"line":240,"column":35},"end":{"line":240,"column":40}}},"fnMap":{"0":{"name":"setSortedTendanceData","decl":{"start":{"line":17,"column":16},"end":{"line":17,"column":37}},"loc":{"start":{"line":17,"column":43},"end":{"line":38,"column":1}},"line":17},"1":{"name":"getData","decl":{"start":{"line":40,"column":16},"end":{"line":40,"column":23}},"loc":{"start":{"line":40,"column":26},"end":{"line":48,"column":1}},"line":40},"2":{"name":"HomePage","decl":{"start":{"line":50,"column":16},"end":{"line":50,"column":24}},"loc":{"start":{"line":50,"column":32},"end":{"line":187,"column":1}},"line":50},"3":{"name":"(anonymous_3)","decl":{"start":{"line":58,"column":19},"end":{"line":58,"column":20}},"loc":{"start":{"line":58,"column":25},"end":{"line":58,"column":62}},"line":58},"4":{"name":"(anonymous_4)","decl":{"start":{"line":69,"column":19},"end":{"line":69,"column":20}},"loc":{"start":{"line":69,"column":25},"end":{"line":69,"column":66}},"line":69},"5":{"name":"(anonymous_5)","decl":{"start":{"line":80,"column":19},"end":{"line":80,"column":20}},"loc":{"start":{"line":80,"column":25},"end":{"line":80,"column":68}},"line":80},"6":{"name":"(anonymous_6)","decl":{"start":{"line":91,"column":19},"end":{"line":91,"column":20}},"loc":{"start":{"line":91,"column":25},"end":{"line":91,"column":64}},"line":91},"7":{"name":"(anonymous_7)","decl":{"start":{"line":102,"column":19},"end":{"line":102,"column":20}},"loc":{"start":{"line":102,"column":25},"end":{"line":102,"column":61}},"line":102},"8":{"name":"(anonymous_8)","decl":{"start":{"line":125,"column":22},"end":{"line":125,"column":23}},"loc":{"start":{"line":126,"column":12},"end":{"line":132,"column":14}},"line":126},"9":{"name":"(anonymous_9)","decl":{"start":{"line":134,"column":24},"end":{"line":134,"column":25}},"loc":{"start":{"line":134,"column":34},"end":{"line":134,"column":41}},"line":134},"10":{"name":"(anonymous_10)","decl":{"start":{"line":140,"column":19},"end":{"line":140,"column":20}},"loc":{"start":{"line":140,"column":25},"end":{"line":144,"column":11}},"line":140},"11":{"name":"(anonymous_11)","decl":{"start":{"line":152,"column":19},"end":{"line":152,"column":20}},"loc":{"start":{"line":152,"column":25},"end":{"line":154,"column":11}},"line":152},"12":{"name":"(anonymous_12)","decl":{"start":{"line":164,"column":19},"end":{"line":164,"column":20}},"loc":{"start":{"line":164,"column":25},"end":{"line":166,"column":11}},"line":164},"13":{"name":"(anonymous_13)","decl":{"start":{"line":176,"column":19},"end":{"line":176,"column":20}},"loc":{"start":{"line":176,"column":25},"end":{"line":176,"column":68}},"line":176},"14":{"name":"(anonymous_14)","decl":{"start":{"line":240,"column":24},"end":{"line":240,"column":25}},"loc":{"start":{"line":240,"column":35},"end":{"line":240,"column":40}},"line":240}},"branchMap":{"0":{"loc":{"start":{"line":26,"column":6},"end":{"line":29,"column":7}},"type":"if","locations":[{"start":{"line":26,"column":6},"end":{"line":29,"column":7}},{"start":{"line":26,"column":6},"end":{"line":29,"column":7}}],"line":26},"1":{"loc":{"start":{"line":43,"column":2},"end":{"line":47,"column":3}},"type":"if","locations":[{"start":{"line":43,"column":2},"end":{"line":47,"column":3}},{"start":{"line":43,"column":2},"end":{"line":47,"column":3}}],"line":43}},"s":{"0":1,"1":1,"2":1,"3":1,"4":1,"5":1,"6":1,"7":3,"8":7,"9":2,"10":2,"11":1,"12":1,"13":4,"14":4,"15":3,"16":1,"17":2,"18":1,"19":1,"20":1,"21":1,"22":1,"23":2,"24":2,"25":1,"26":1,"27":1,"28":1,"29":1,"30":1,"31":1,"32":1,"33":1},"f":{"0":1,"1":4,"2":2,"3":1,"4":1,"5":1,"6":1,"7":1,"8":2,"9":2,"10":1,"11":1,"12":1,"13":1,"14":1},"b":{"0":[2,5],"1":[3,1]},"_coverageSchema":"1a1c01bbd47fc00a2c39e90264f33305004495a9","hash":"2d5e590a31b18a53732b86a3e2e892d5aef4c3b5"}
,"/home/pantoine/EIP/Strollin/Strollin/Components/LoginPage.js": {"path":"/home/pantoine/EIP/Strollin/Strollin/Components/LoginPage.js","statementMap":{"0":{"start":{"line":15,"column":21},"end":{"line":15,"column":57}},"1":{"start":{"line":16,"column":21},"end":{"line":16,"column":58}},"2":{"start":{"line":17,"column":19},"end":{"line":17,"column":53}},"3":{"start":{"line":18,"column":19},"end":{"line":18,"column":53}},"4":{"start":{"line":23,"column":13},"end":{"line":23,"column":46}},"5":{"start":{"line":24,"column":12},"end":{"line":24,"column":14}},"6":{"start":{"line":26,"column":2},"end":{"line":26,"column":35}},"7":{"start":{"line":26,"column":16},"end":{"line":26,"column":35}},"8":{"start":{"line":27,"column":2},"end":{"line":27,"column":35}},"9":{"start":{"line":27,"column":16},"end":{"line":27,"column":35}},"10":{"start":{"line":28,"column":2},"end":{"line":28,"column":33}},"11":{"start":{"line":28,"column":16},"end":{"line":28,"column":33}},"12":{"start":{"line":29,"column":2},"end":{"line":29,"column":13}},"13":{"start":{"line":32,"column":25},"end":{"line":52,"column":1}},"14":{"start":{"line":33,"column":33},"end":{"line":37,"column":3}},"15":{"start":{"line":38,"column":25},"end":{"line":50,"column":3}},"16":{"start":{"line":42,"column":6},"end":{"line":48,"column":7}},"17":{"start":{"line":46,"column":8},"end":{"line":46,"column":28}},"18":{"start":{"line":47,"column":8},"end":{"line":47,"column":49}},"19":{"start":{"line":51,"column":2},"end":{"line":51,"column":63}},"20":{"start":{"line":55,"column":32},"end":{"line":55,"column":50}},"21":{"start":{"line":56,"column":36},"end":{"line":56,"column":54}},"22":{"start":{"line":57,"column":29},"end":{"line":57,"column":54}},"23":{"start":{"line":58,"column":34},"end":{"line":58,"column":52}},"24":{"start":{"line":62,"column":2},"end":{"line":157,"column":4}},"25":{"start":{"line":79,"column":14},"end":{"line":79,"column":33}},"26":{"start":{"line":92,"column":36},"end":{"line":92,"column":54}},"27":{"start":{"line":103,"column":14},"end":{"line":103,"column":49}},"28":{"start":{"line":119,"column":14},"end":{"line":119,"column":56}},"29":{"start":{"line":134,"column":14},"end":{"line":143,"column":15}},"30":{"start":{"line":136,"column":21},"end":{"line":143,"column":15}},"31":{"start":{"line":139,"column":16},"end":{"line":142,"column":19}},"32":{"start":{"line":140,"column":38},"end":{"line":140,"column":65}},"33":{"start":{"line":141,"column":18},"end":{"line":141,"column":68}},"34":{"start":{"line":145,"column":36},"end":{"line":145,"column":51}},"35":{"start":{"line":160,"column":15},"end":{"line":221,"column":2}},"36":{"start":{"line":223,"column":24},"end":{"line":223,"column":40}},"37":{"start":{"line":223,"column":35},"end":{"line":223,"column":40}}},"fnMap":{"0":{"name":"RandPic","decl":{"start":{"line":22,"column":9},"end":{"line":22,"column":16}},"loc":{"start":{"line":22,"column":19},"end":{"line":30,"column":1}},"line":22},"1":{"name":"(anonymous_1)","decl":{"start":{"line":32,"column":25},"end":{"line":32,"column":26}},"loc":{"start":{"line":32,"column":56},"end":{"line":52,"column":1}},"line":32},"2":{"name":"(anonymous_2)","decl":{"start":{"line":41,"column":4},"end":{"line":41,"column":5}},"loc":{"start":{"line":41,"column":23},"end":{"line":49,"column":5}},"line":41},"3":{"name":"LoginPage","decl":{"start":{"line":54,"column":16},"end":{"line":54,"column":25}},"loc":{"start":{"line":54,"column":33},"end":{"line":158,"column":1}},"line":54},"4":{"name":"(anonymous_4)","decl":{"start":{"line":78,"column":26},"end":{"line":78,"column":27}},"loc":{"start":{"line":78,"column":36},"end":{"line":81,"column":13}},"line":78},"5":{"name":"(anonymous_5)","decl":{"start":{"line":92,"column":26},"end":{"line":92,"column":27}},"loc":{"start":{"line":92,"column":36},"end":{"line":92,"column":54}},"line":92},"6":{"name":"(anonymous_6)","decl":{"start":{"line":102,"column":21},"end":{"line":102,"column":22}},"loc":{"start":{"line":102,"column":27},"end":{"line":105,"column":13}},"line":102},"7":{"name":"(anonymous_7)","decl":{"start":{"line":118,"column":21},"end":{"line":118,"column":22}},"loc":{"start":{"line":118,"column":27},"end":{"line":120,"column":13}},"line":118},"8":{"name":"(anonymous_8)","decl":{"start":{"line":133,"column":29},"end":{"line":133,"column":30}},"loc":{"start":{"line":133,"column":48},"end":{"line":144,"column":13}},"line":133},"9":{"name":"(anonymous_9)","decl":{"start":{"line":139,"column":57},"end":{"line":139,"column":58}},"loc":{"start":{"line":139,"column":67},"end":{"line":142,"column":17}},"line":139},"10":{"name":"(anonymous_10)","decl":{"start":{"line":145,"column":30},"end":{"line":145,"column":31}},"loc":{"start":{"line":145,"column":36},"end":{"line":145,"column":51}},"line":145},"11":{"name":"(anonymous_11)","decl":{"start":{"line":223,"column":24},"end":{"line":223,"column":25}},"loc":{"start":{"line":223,"column":35},"end":{"line":223,"column":40}},"line":223}},"branchMap":{"0":{"loc":{"start":{"line":26,"column":2},"end":{"line":26,"column":35}},"type":"if","locations":[{"start":{"line":26,"column":2},"end":{"line":26,"column":35}},{"start":{"line":26,"column":2},"end":{"line":26,"column":35}}],"line":26},"1":{"loc":{"start":{"line":27,"column":2},"end":{"line":27,"column":35}},"type":"if","locations":[{"start":{"line":27,"column":2},"end":{"line":27,"column":35}},{"start":{"line":27,"column":2},"end":{"line":27,"column":35}}],"line":27},"2":{"loc":{"start":{"line":28,"column":2},"end":{"line":28,"column":33}},"type":"if","locations":[{"start":{"line":28,"column":2},"end":{"line":28,"column":33}},{"start":{"line":28,"column":2},"end":{"line":28,"column":33}}],"line":28},"3":{"loc":{"start":{"line":42,"column":6},"end":{"line":48,"column":7}},"type":"if","locations":[{"start":{"line":42,"column":6},"end":{"line":48,"column":7}},{"start":{"line":42,"column":6},"end":{"line":48,"column":7}}],"line":42},"4":{"loc":{"start":{"line":134,"column":14},"end":{"line":143,"column":15}},"type":"if","locations":[{"start":{"line":134,"column":14},"end":{"line":143,"column":15}},{"start":{"line":134,"column":14},"end":{"line":143,"column":15}}],"line":134},"5":{"loc":{"start":{"line":136,"column":21},"end":{"line":143,"column":15}},"type":"if","locations":[{"start":{"line":136,"column":21},"end":{"line":143,"column":15}},{"start":{"line":136,"column":21},"end":{"line":143,"column":15}}],"line":136},"6":{"loc":{"start":{"line":147,"column":11},"end":{"line":153,"column":11}},"type":"binary-expr","locations":[{"start":{"line":147,"column":11},"end":{"line":147,"column":24}},{"start":{"line":148,"column":10},"end":{"line":152,"column":17}}],"line":147}},"s":{"0":1,"1":1,"2":1,"3":1,"4":4,"5":4,"6":4,"7":4,"8":4,"9":0,"10":4,"11":0,"12":4,"13":1,"14":0,"15":0,"16":0,"17":0,"18":0,"19":0,"20":4,"21":4,"22":4,"23":4,"24":4,"25":1,"26":1,"27":1,"28":1,"29":0,"30":0,"31":0,"32":0,"33":0,"34":0,"35":1,"36":1,"37":1},"f":{"0":4,"1":0,"2":0,"3":4,"4":1,"5":1,"6":1,"7":1,"8":0,"9":0,"10":0,"11":1},"b":{"0":[4,0],"1":[0,4],"2":[0,4],"3":[0,0],"4":[0,0],"5":[0,0],"6":[4,0]},"_coverageSchema":"1a1c01bbd47fc00a2c39e90264f33305004495a9","hash":"d6e9af4636c593eb65b701b3e6173aed8884fc17"}
,"/home/pantoine/EIP/Strollin/Strollin/Components/Notation.js": {"path":"/home/pantoine/EIP/Strollin/Strollin/Components/Notation.js","statementMap":{"0":{"start":{"line":10,"column":18},"end":{"line":52,"column":1}},"1":{"start":{"line":55,"column":33},"end":{"line":55,"column":51}},"2":{"start":{"line":56,"column":37},"end":{"line":56,"column":64}},"3":{"start":{"line":57,"column":34},"end":{"line":57,"column":68}},"4":{"start":{"line":62,"column":16},"end":{"line":62,"column":71}},"5":{"start":{"line":63,"column":4},"end":{"line":79,"column":40}},"6":{"start":{"line":69,"column":26},"end":{"line":69,"column":41}},"7":{"start":{"line":71,"column":8},"end":{"line":71,"column":35}},"8":{"start":{"line":77,"column":8},"end":{"line":77,"column":40}},"9":{"start":{"line":79,"column":21},"end":{"line":79,"column":38}},"10":{"start":{"line":92,"column":2},"end":{"line":138,"column":4}},"11":{"start":{"line":97,"column":36},"end":{"line":97,"column":55}},"12":{"start":{"line":103,"column":14},"end":{"line":103,"column":33}},"13":{"start":{"line":114,"column":38},"end":{"line":114,"column":59}},"14":{"start":{"line":115,"column":36},"end":{"line":115,"column":43}},"15":{"start":{"line":120,"column":38},"end":{"line":120,"column":59}},"16":{"start":{"line":121,"column":36},"end":{"line":121,"column":43}}},"fnMap":{"0":{"name":"Notation","decl":{"start":{"line":54,"column":9},"end":{"line":54,"column":17}},"loc":{"start":{"line":54,"column":25},"end":{"line":139,"column":1}},"line":54},"1":{"name":"sendMessage","decl":{"start":{"line":60,"column":11},"end":{"line":60,"column":22}},"loc":{"start":{"line":60,"column":30},"end":{"line":82,"column":3}},"line":60},"2":{"name":"(anonymous_2)","decl":{"start":{"line":69,"column":12},"end":{"line":69,"column":13}},"loc":{"start":{"line":69,"column":26},"end":{"line":69,"column":41}},"line":69},"3":{"name":"(anonymous_3)","decl":{"start":{"line":70,"column":12},"end":{"line":70,"column":13}},"loc":{"start":{"line":70,"column":24},"end":{"line":72,"column":7}},"line":70},"4":{"name":"(anonymous_4)","decl":{"start":{"line":73,"column":12},"end":{"line":73,"column":13}},"loc":{"start":{"line":73,"column":18},"end":{"line":75,"column":7}},"line":73},"5":{"name":"(anonymous_5)","decl":{"start":{"line":76,"column":13},"end":{"line":76,"column":14}},"loc":{"start":{"line":76,"column":24},"end":{"line":78,"column":7}},"line":76},"6":{"name":"(anonymous_6)","decl":{"start":{"line":79,"column":15},"end":{"line":79,"column":16}},"loc":{"start":{"line":79,"column":21},"end":{"line":79,"column":38}},"line":79},"7":{"name":"(anonymous_7)","decl":{"start":{"line":97,"column":26},"end":{"line":97,"column":27}},"loc":{"start":{"line":97,"column":36},"end":{"line":97,"column":55}},"line":97},"8":{"name":"(anonymous_8)","decl":{"start":{"line":102,"column":21},"end":{"line":102,"column":22}},"loc":{"start":{"line":102,"column":27},"end":{"line":104,"column":13}},"line":102},"9":{"name":"(anonymous_9)","decl":{"start":{"line":114,"column":24},"end":{"line":114,"column":25}},"loc":{"start":{"line":114,"column":38},"end":{"line":114,"column":59}},"line":114},"10":{"name":"(anonymous_10)","decl":{"start":{"line":115,"column":26},"end":{"line":115,"column":27}},"loc":{"start":{"line":115,"column":36},"end":{"line":115,"column":43}},"line":115},"11":{"name":"(anonymous_11)","decl":{"start":{"line":120,"column":24},"end":{"line":120,"column":25}},"loc":{"start":{"line":120,"column":38},"end":{"line":120,"column":59}},"line":120},"12":{"name":"(anonymous_12)","decl":{"start":{"line":121,"column":26},"end":{"line":121,"column":27}},"loc":{"start":{"line":121,"column":36},"end":{"line":121,"column":43}},"line":121}},"branchMap":{"0":{"loc":{"start":{"line":109,"column":9},"end":{"line":136,"column":7}},"type":"cond-expr","locations":[{"start":{"line":109,"column":21},"end":{"line":109,"column":28}},{"start":{"line":110,"column":8},"end":{"line":135,"column":15}}],"line":109}},"s":{"0":1,"1":7,"2":7,"3":7,"4":1,"5":1,"6":1,"7":1,"8":0,"9":1,"10":7,"11":1,"12":1,"13":1,"14":1,"15":1,"16":1},"f":{"0":7,"1":1,"2":1,"3":1,"4":1,"5":0,"6":1,"7":1,"8":1,"9":1,"10":1,"11":1,"12":1},"b":{"0":[3,4]},"_coverageSchema":"1a1c01bbd47fc00a2c39e90264f33305004495a9","hash":"bca57546c364a1da79b5d61dddd1a8f6dbeff134"}
,"/home/pantoine/EIP/Strollin/Strollin/Components/PopUpForm.js": {"path":"/home/pantoine/EIP/Strollin/Strollin/Components/PopUpForm.js","statementMap":{"0":{"start":{"line":8,"column":4},"end":{"line":34,"column":6}}},"fnMap":{"0":{"name":"(anonymous_0)","decl":{"start":{"line":7,"column":2},"end":{"line":7,"column":3}},"loc":{"start":{"line":7,"column":11},"end":{"line":35,"column":3}},"line":7},"1":{"name":"(anonymous_1)","decl":{"start":{"line":24,"column":19},"end":{"line":24,"column":20}},"loc":{"start":{"line":24,"column":25},"end":{"line":25,"column":11}},"line":24},"2":{"name":"(anonymous_2)","decl":{"start":{"line":29,"column":19},"end":{"line":29,"column":20}},"loc":{"start":{"line":29,"column":25},"end":{"line":30,"column":11}},"line":29}},"branchMap":{},"s":{"0":2},"f":{"0":2,"1":0,"2":0},"b":{},"_coverageSchema":"1a1c01bbd47fc00a2c39e90264f33305004495a9","hash":"96816662279af9eb00ce28ae7b96a708cd7c00d2"}
,"/home/pantoine/EIP/Strollin/Strollin/Components/ProfileScreen.js": {"path":"/home/pantoine/EIP/Strollin/Strollin/Components/ProfileScreen.js","statementMap":{"0":{"start":{"line":11,"column":21},"end":{"line":11,"column":57}},"1":{"start":{"line":14,"column":13},"end":{"line":14,"column":20}},"2":{"start":{"line":16,"column":2},"end":{"line":18,"column":3}},"3":{"start":{"line":16,"column":15},"end":{"line":16,"column":16}},"4":{"start":{"line":17,"column":4},"end":{"line":17,"column":27}},"5":{"start":{"line":19,"column":2},"end":{"line":19,"column":14}},"6":{"start":{"line":24,"column":15},"end":{"line":24,"column":35}},"7":{"start":{"line":26,"column":2},"end":{"line":131,"column":4}},"8":{"start":{"line":32,"column":25},"end":{"line":32,"column":62}},"9":{"start":{"line":43,"column":25},"end":{"line":43,"column":66}},"10":{"start":{"line":54,"column":25},"end":{"line":54,"column":68}},"11":{"start":{"line":65,"column":25},"end":{"line":65,"column":64}},"12":{"start":{"line":76,"column":25},"end":{"line":76,"column":70}},"13":{"start":{"line":125,"column":31},"end":{"line":125,"column":72}},"14":{"start":{"line":134,"column":15},"end":{"line":214,"column":2}},"15":{"start":{"line":216,"column":24},"end":{"line":216,"column":40}},"16":{"start":{"line":216,"column":35},"end":{"line":216,"column":40}}},"fnMap":{"0":{"name":"ParseTags","decl":{"start":{"line":13,"column":9},"end":{"line":13,"column":18}},"loc":{"start":{"line":13,"column":25},"end":{"line":20,"column":1}},"line":13},"1":{"name":"ProfileScreen","decl":{"start":{"line":22,"column":16},"end":{"line":22,"column":29}},"loc":{"start":{"line":22,"column":37},"end":{"line":132,"column":1}},"line":22},"2":{"name":"(anonymous_2)","decl":{"start":{"line":32,"column":19},"end":{"line":32,"column":20}},"loc":{"start":{"line":32,"column":25},"end":{"line":32,"column":62}},"line":32},"3":{"name":"(anonymous_3)","decl":{"start":{"line":43,"column":19},"end":{"line":43,"column":20}},"loc":{"start":{"line":43,"column":25},"end":{"line":43,"column":66}},"line":43},"4":{"name":"(anonymous_4)","decl":{"start":{"line":54,"column":19},"end":{"line":54,"column":20}},"loc":{"start":{"line":54,"column":25},"end":{"line":54,"column":68}},"line":54},"5":{"name":"(anonymous_5)","decl":{"start":{"line":65,"column":19},"end":{"line":65,"column":20}},"loc":{"start":{"line":65,"column":25},"end":{"line":65,"column":64}},"line":65},"6":{"name":"(anonymous_6)","decl":{"start":{"line":76,"column":19},"end":{"line":76,"column":20}},"loc":{"start":{"line":76,"column":25},"end":{"line":76,"column":70}},"line":76},"7":{"name":"(anonymous_7)","decl":{"start":{"line":125,"column":25},"end":{"line":125,"column":26}},"loc":{"start":{"line":125,"column":31},"end":{"line":125,"column":72}},"line":125},"8":{"name":"(anonymous_8)","decl":{"start":{"line":216,"column":24},"end":{"line":216,"column":25}},"loc":{"start":{"line":216,"column":35},"end":{"line":216,"column":40}},"line":216}},"branchMap":{},"s":{"0":1,"1":2,"2":2,"3":2,"4":6,"5":2,"6":2,"7":2,"8":1,"9":1,"10":1,"11":1,"12":1,"13":1,"14":1,"15":1,"16":1},"f":{"0":2,"1":2,"2":1,"3":1,"4":1,"5":1,"6":1,"7":1,"8":1},"b":{},"_coverageSchema":"1a1c01bbd47fc00a2c39e90264f33305004495a9","hash":"0bc792417066adde66c0621d12a1bb17ea22421b"}
,"/home/pantoine/EIP/Strollin/Strollin/Components/TagSelection.js": {"path":"/home/pantoine/EIP/Strollin/Strollin/Components/TagSelection.js","statementMap":{"0":{"start":{"line":12,"column":32},"end":{"line":12,"column":54}},"1":{"start":{"line":14,"column":2},"end":{"line":35,"column":4}},"2":{"start":{"line":21,"column":10},"end":{"line":21,"column":31}},"3":{"start":{"line":30,"column":10},"end":{"line":30,"column":31}},"4":{"start":{"line":39,"column":15},"end":{"line":59,"column":3}},"5":{"start":{"line":61,"column":2},"end":{"line":178,"column":4}},"6":{"start":{"line":163,"column":14},"end":{"line":163,"column":61}},"7":{"start":{"line":168,"column":27},"end":{"line":168,"column":57}},"8":{"start":{"line":181,"column":24},"end":{"line":181,"column":40}},"9":{"start":{"line":181,"column":35},"end":{"line":181,"column":40}},"10":{"start":{"line":185,"column":15},"end":{"line":220,"column":2}}},"fnMap":{"0":{"name":"Tag","decl":{"start":{"line":11,"column":16},"end":{"line":11,"column":19}},"loc":{"start":{"line":11,"column":52},"end":{"line":36,"column":1}},"line":11},"1":{"name":"(anonymous_1)","decl":{"start":{"line":20,"column":17},"end":{"line":20,"column":18}},"loc":{"start":{"line":20,"column":23},"end":{"line":22,"column":9}},"line":20},"2":{"name":"(anonymous_2)","decl":{"start":{"line":29,"column":17},"end":{"line":29,"column":18}},"loc":{"start":{"line":29,"column":23},"end":{"line":31,"column":9}},"line":29},"3":{"name":"TagSelection","decl":{"start":{"line":38,"column":16},"end":{"line":38,"column":28}},"loc":{"start":{"line":38,"column":53},"end":{"line":179,"column":1}},"line":38},"4":{"name":"(anonymous_4)","decl":{"start":{"line":162,"column":24},"end":{"line":162,"column":25}},"loc":{"start":{"line":163,"column":14},"end":{"line":163,"column":61}},"line":163},"5":{"name":"(anonymous_5)","decl":{"start":{"line":168,"column":21},"end":{"line":168,"column":22}},"loc":{"start":{"line":168,"column":27},"end":{"line":168,"column":57}},"line":168},"6":{"name":"(anonymous_6)","decl":{"start":{"line":181,"column":24},"end":{"line":181,"column":25}},"loc":{"start":{"line":181,"column":35},"end":{"line":181,"column":40}},"line":181}},"branchMap":{"0":{"loc":{"start":{"line":11,"column":28},"end":{"line":11,"column":48}},"type":"default-arg","locations":[{"start":{"line":11,"column":43},"end":{"line":11,"column":48}}],"line":11},"1":{"loc":{"start":{"line":16,"column":7},"end":{"line":24,"column":7}},"type":"binary-expr","locations":[{"start":{"line":16,"column":7},"end":{"line":16,"column":24}},{"start":{"line":17,"column":6},"end":{"line":23,"column":8}}],"line":16},"2":{"loc":{"start":{"line":25,"column":7},"end":{"line":33,"column":7}},"type":"binary-expr","locations":[{"start":{"line":25,"column":7},"end":{"line":25,"column":23}},{"start":{"line":26,"column":6},"end":{"line":32,"column":8}}],"line":25}},"s":{"0":9,"1":9,"2":1,"3":1,"4":2,"5":2,"6":5,"7":1,"8":1,"9":1,"10":1},"f":{"0":9,"1":1,"2":1,"3":2,"4":5,"5":1,"6":1},"b":{"0":[7],"1":[9,7],"2":[9,2]},"_coverageSchema":"1a1c01bbd47fc00a2c39e90264f33305004495a9","hash":"e8c4c56ef7de2db5b675e72cb6c53062e3d8c1de"}
,"/home/pantoine/EIP/Strollin/Strollin/Components/TendanceSearchBar.js": {"path":"/home/pantoine/EIP/Strollin/Strollin/Components/TendanceSearchBar.js","statementMap":{"0":{"start":{"line":8,"column":34},"end":{"line":8,"column":46}},"1":{"start":{"line":10,"column":2},"end":{"line":30,"column":4}},"2":{"start":{"line":17,"column":36},"end":{"line":17,"column":53}},"3":{"start":{"line":24,"column":12},"end":{"line":24,"column":36}},"4":{"start":{"line":25,"column":12},"end":{"line":25,"column":28}},"5":{"start":{"line":33,"column":15},"end":{"line":54,"column":2}}},"fnMap":{"0":{"name":"SearchBar","decl":{"start":{"line":7,"column":9},"end":{"line":7,"column":18}},"loc":{"start":{"line":7,"column":26},"end":{"line":31,"column":1}},"line":7},"1":{"name":"(anonymous_1)","decl":{"start":{"line":17,"column":26},"end":{"line":17,"column":27}},"loc":{"start":{"line":17,"column":36},"end":{"line":17,"column":53}},"line":17},"2":{"name":"(anonymous_2)","decl":{"start":{"line":23,"column":19},"end":{"line":23,"column":20}},"loc":{"start":{"line":23,"column":25},"end":{"line":26,"column":11}},"line":23}},"branchMap":{},"s":{"0":6,"1":6,"2":1,"3":1,"4":1,"5":2},"f":{"0":6,"1":1,"2":1},"b":{},"_coverageSchema":"1a1c01bbd47fc00a2c39e90264f33305004495a9","hash":"504d1beca7dd4e3d741824a9e01cc6807a6848f4"}
,"/home/pantoine/EIP/Strollin/Strollin/Components/TripNavigation.js": {"path":"/home/pantoine/EIP/Strollin/Strollin/Components/TripNavigation.js","statementMap":{"0":{"start":{"line":46,"column":2},"end":{"line":48,"column":8}},"1":{"start":{"line":47,"column":4},"end":{"line":47,"column":13}},"2":{"start":{"line":51,"column":14},"end":{"line":51,"column":30}},"3":{"start":{"line":52,"column":4},"end":{"line":52,"column":20}},"4":{"start":{"line":53,"column":4},"end":{"line":53,"column":30}},"5":{"start":{"line":55,"column":19},"end":{"line":55,"column":51}},"6":{"start":{"line":56,"column":4},"end":{"line":56,"column":27}},"7":{"start":{"line":58,"column":4},"end":{"line":58,"column":14}},"8":{"start":{"line":61,"column":24},"end":{"line":61,"column":33}},"9":{"start":{"line":63,"column":20},"end":{"line":66,"column":3}},"10":{"start":{"line":68,"column":30},"end":{"line":71,"column":3}},"11":{"start":{"line":73,"column":2},"end":{"line":164,"column":4}},"12":{"start":{"line":78,"column":25},"end":{"line":78,"column":62}},"13":{"start":{"line":89,"column":25},"end":{"line":89,"column":66}},"14":{"start":{"line":100,"column":25},"end":{"line":100,"column":68}},"15":{"start":{"line":111,"column":25},"end":{"line":111,"column":64}},"16":{"start":{"line":122,"column":25},"end":{"line":122,"column":61}},"17":{"start":{"line":138,"column":16},"end":{"line":138,"column":31}},"18":{"start":{"line":139,"column":31},"end":{"line":139,"column":73}},"19":{"start":{"line":140,"column":16},"end":{"line":140,"column":39}},"20":{"start":{"line":141,"column":16},"end":{"line":141,"column":54}},"21":{"start":{"line":167,"column":24},"end":{"line":167,"column":40}},"22":{"start":{"line":167,"column":35},"end":{"line":167,"column":40}},"23":{"start":{"line":170,"column":15},"end":{"line":200,"column":2}}},"fnMap":{"0":{"name":"TripNavigation","decl":{"start":{"line":14,"column":16},"end":{"line":14,"column":30}},"loc":{"start":{"line":14,"column":38},"end":{"line":165,"column":1}},"line":14},"1":{"name":"(anonymous_1)","decl":{"start":{"line":46,"column":12},"end":{"line":46,"column":13}},"loc":{"start":{"line":46,"column":18},"end":{"line":48,"column":3}},"line":46},"2":{"name":"setTime","decl":{"start":{"line":50,"column":17},"end":{"line":50,"column":24}},"loc":{"start":{"line":50,"column":27},"end":{"line":59,"column":3}},"line":50},"3":{"name":"(anonymous_3)","decl":{"start":{"line":78,"column":19},"end":{"line":78,"column":20}},"loc":{"start":{"line":78,"column":25},"end":{"line":78,"column":62}},"line":78},"4":{"name":"(anonymous_4)","decl":{"start":{"line":89,"column":19},"end":{"line":89,"column":20}},"loc":{"start":{"line":89,"column":25},"end":{"line":89,"column":66}},"line":89},"5":{"name":"(anonymous_5)","decl":{"start":{"line":100,"column":19},"end":{"line":100,"column":20}},"loc":{"start":{"line":100,"column":25},"end":{"line":100,"column":68}},"line":100},"6":{"name":"(anonymous_6)","decl":{"start":{"line":111,"column":19},"end":{"line":111,"column":20}},"loc":{"start":{"line":111,"column":25},"end":{"line":111,"column":64}},"line":111},"7":{"name":"(anonymous_7)","decl":{"start":{"line":122,"column":19},"end":{"line":122,"column":20}},"loc":{"start":{"line":122,"column":25},"end":{"line":122,"column":61}},"line":122},"8":{"name":"(anonymous_8)","decl":{"start":{"line":137,"column":23},"end":{"line":137,"column":24}},"loc":{"start":{"line":137,"column":35},"end":{"line":142,"column":15}},"line":137},"9":{"name":"(anonymous_9)","decl":{"start":{"line":167,"column":24},"end":{"line":167,"column":25}},"loc":{"start":{"line":167,"column":35},"end":{"line":167,"column":40}},"line":167}},"branchMap":{},"s":{"0":2,"1":0,"2":1,"3":1,"4":1,"5":1,"6":1,"7":1,"8":2,"9":2,"10":2,"11":2,"12":1,"13":1,"14":1,"15":1,"16":1,"17":1,"18":1,"19":1,"20":1,"21":1,"22":0,"23":1},"f":{"0":2,"1":0,"2":1,"3":1,"4":1,"5":1,"6":1,"7":1,"8":1,"9":0},"b":{},"_coverageSchema":"1a1c01bbd47fc00a2c39e90264f33305004495a9","hash":"503a3198159d30c1e250c55f3408cc629fc76c3b"}
,"/home/pantoine/EIP/Strollin/Strollin/Components/TripSuggestion.js": {"path":"/home/pantoine/EIP/Strollin/Strollin/Components/TripSuggestion.js","statementMap":{"0":{"start":{"line":14,"column":23},"end":{"line":35,"column":3}},"1":{"start":{"line":37,"column":23},"end":{"line":58,"column":3}},"2":{"start":{"line":60,"column":23},"end":{"line":81,"column":3}},"3":{"start":{"line":83,"column":25},"end":{"line":87,"column":3}},"4":{"start":{"line":89,"column":15},"end":{"line":89,"column":56}},"5":{"start":{"line":91,"column":2},"end":{"line":91,"column":30}},"6":{"start":{"line":109,"column":36},"end":{"line":109,"column":61}},"7":{"start":{"line":111,"column":2},"end":{"line":118,"column":18}},"8":{"start":{"line":112,"column":4},"end":{"line":112,"column":36}},"9":{"start":{"line":114,"column":4},"end":{"line":117,"column":5}},"10":{"start":{"line":114,"column":17},"end":{"line":114,"column":18}},"11":{"start":{"line":115,"column":6},"end":{"line":115,"column":33}},"12":{"start":{"line":116,"column":6},"end":{"line":116,"column":35}},"13":{"start":{"line":120,"column":20},"end":{"line":123,"column":3}},"14":{"start":{"line":125,"column":2},"end":{"line":250,"column":4}},"15":{"start":{"line":131,"column":25},"end":{"line":131,"column":62}},"16":{"start":{"line":142,"column":25},"end":{"line":142,"column":66}},"17":{"start":{"line":153,"column":25},"end":{"line":153,"column":68}},"18":{"start":{"line":164,"column":25},"end":{"line":164,"column":64}},"19":{"start":{"line":175,"column":25},"end":{"line":175,"column":61}},"20":{"start":{"line":233,"column":29},"end":{"line":233,"column":58}},"21":{"start":{"line":241,"column":31},"end":{"line":241,"column":74}},"22":{"start":{"line":242,"column":16},"end":{"line":242,"column":39}},"23":{"start":{"line":243,"column":16},"end":{"line":243,"column":60}},"24":{"start":{"line":253,"column":24},"end":{"line":253,"column":40}},"25":{"start":{"line":253,"column":35},"end":{"line":253,"column":40}},"26":{"start":{"line":257,"column":15},"end":{"line":292,"column":2}}},"fnMap":{"0":{"name":"getNavigation","decl":{"start":{"line":13,"column":9},"end":{"line":13,"column":22}},"loc":{"start":{"line":13,"column":25},"end":{"line":92,"column":1}},"line":13},"1":{"name":"TripSuggestion","decl":{"start":{"line":94,"column":16},"end":{"line":94,"column":30}},"loc":{"start":{"line":94,"column":38},"end":{"line":251,"column":1}},"line":94},"2":{"name":"(anonymous_2)","decl":{"start":{"line":111,"column":12},"end":{"line":111,"column":13}},"loc":{"start":{"line":111,"column":18},"end":{"line":118,"column":3}},"line":111},"3":{"name":"(anonymous_3)","decl":{"start":{"line":131,"column":19},"end":{"line":131,"column":20}},"loc":{"start":{"line":131,"column":25},"end":{"line":131,"column":62}},"line":131},"4":{"name":"(anonymous_4)","decl":{"start":{"line":142,"column":19},"end":{"line":142,"column":20}},"loc":{"start":{"line":142,"column":25},"end":{"line":142,"column":66}},"line":142},"5":{"name":"(anonymous_5)","decl":{"start":{"line":153,"column":19},"end":{"line":153,"column":20}},"loc":{"start":{"line":153,"column":25},"end":{"line":153,"column":68}},"line":153},"6":{"name":"(anonymous_6)","decl":{"start":{"line":164,"column":19},"end":{"line":164,"column":20}},"loc":{"start":{"line":164,"column":25},"end":{"line":164,"column":64}},"line":164},"7":{"name":"(anonymous_7)","decl":{"start":{"line":175,"column":19},"end":{"line":175,"column":20}},"loc":{"start":{"line":175,"column":25},"end":{"line":175,"column":61}},"line":175},"8":{"name":"(anonymous_8)","decl":{"start":{"line":233,"column":23},"end":{"line":233,"column":24}},"loc":{"start":{"line":233,"column":29},"end":{"line":233,"column":58}},"line":233},"9":{"name":"(anonymous_9)","decl":{"start":{"line":240,"column":23},"end":{"line":240,"column":24}},"loc":{"start":{"line":240,"column":29},"end":{"line":244,"column":15}},"line":240},"10":{"name":"(anonymous_10)","decl":{"start":{"line":253,"column":24},"end":{"line":253,"column":25}},"loc":{"start":{"line":253,"column":35},"end":{"line":253,"column":40}},"line":253}},"branchMap":{},"s":{"0":3,"1":3,"2":3,"3":3,"4":3,"5":3,"6":2,"7":2,"8":0,"9":0,"10":0,"11":0,"12":0,"13":2,"14":2,"15":1,"16":1,"17":1,"18":1,"19":1,"20":1,"21":1,"22":1,"23":1,"24":1,"25":0,"26":1},"f":{"0":3,"1":2,"2":0,"3":1,"4":1,"5":1,"6":1,"7":1,"8":1,"9":1,"10":0},"b":{},"_coverageSchema":"1a1c01bbd47fc00a2c39e90264f33305004495a9","hash":"981e9658679ea0c18115ccc0edb418f1efe1ed2e"}
,"/home/pantoine/EIP/Strollin/Strollin/Components/UserRegister.js": {"path":"/home/pantoine/EIP/Strollin/Strollin/Components/UserRegister.js","statementMap":{"0":{"start":{"line":19,"column":25},"end":{"line":39,"column":1}},"1":{"start":{"line":20,"column":33},"end":{"line":24,"column":3}},"2":{"start":{"line":25,"column":25},"end":{"line":37,"column":3}},"3":{"start":{"line":29,"column":6},"end":{"line":35,"column":7}},"4":{"start":{"line":33,"column":8},"end":{"line":33,"column":28}},"5":{"start":{"line":34,"column":8},"end":{"line":34,"column":71}},"6":{"start":{"line":38,"column":2},"end":{"line":38,"column":63}},"7":{"start":{"line":42,"column":36},"end":{"line":42,"column":48}},"8":{"start":{"line":43,"column":42},"end":{"line":43,"column":54}},"9":{"start":{"line":44,"column":56},"end":{"line":44,"column":68}},"10":{"start":{"line":45,"column":30},"end":{"line":45,"column":42}},"11":{"start":{"line":46,"column":42},"end":{"line":46,"column":54}},"12":{"start":{"line":47,"column":34},"end":{"line":47,"column":52}},"13":{"start":{"line":69,"column":2},"end":{"line":186,"column":4}},"14":{"start":{"line":94,"column":14},"end":{"line":94,"column":35}},"15":{"start":{"line":107,"column":14},"end":{"line":107,"column":38}},"16":{"start":{"line":122,"column":14},"end":{"line":122,"column":48}},"17":{"start":{"line":129,"column":14},"end":{"line":131,"column":15}},"18":{"start":{"line":130,"column":16},"end":{"line":130,"column":69}},"19":{"start":{"line":149,"column":14},"end":{"line":158,"column":15}},"20":{"start":{"line":151,"column":21},"end":{"line":158,"column":15}},"21":{"start":{"line":154,"column":16},"end":{"line":157,"column":19}},"22":{"start":{"line":155,"column":38},"end":{"line":155,"column":65}},"23":{"start":{"line":156,"column":18},"end":{"line":156,"column":68}},"24":{"start":{"line":160,"column":36},"end":{"line":160,"column":51}},"25":{"start":{"line":181,"column":27},"end":{"line":181,"column":65}},"26":{"start":{"line":189,"column":15},"end":{"line":236,"column":2}},"27":{"start":{"line":239,"column":24},"end":{"line":239,"column":40}},"28":{"start":{"line":239,"column":35},"end":{"line":239,"column":40}}},"fnMap":{"0":{"name":"(anonymous_0)","decl":{"start":{"line":19,"column":25},"end":{"line":19,"column":26}},"loc":{"start":{"line":19,"column":56},"end":{"line":39,"column":1}},"line":19},"1":{"name":"(anonymous_1)","decl":{"start":{"line":28,"column":4},"end":{"line":28,"column":5}},"loc":{"start":{"line":28,"column":23},"end":{"line":36,"column":5}},"line":28},"2":{"name":"UserRegister","decl":{"start":{"line":41,"column":16},"end":{"line":41,"column":28}},"loc":{"start":{"line":41,"column":36},"end":{"line":187,"column":1}},"line":41},"3":{"name":"(anonymous_3)","decl":{"start":{"line":92,"column":26},"end":{"line":92,"column":27}},"loc":{"start":{"line":92,"column":41},"end":{"line":95,"column":13}},"line":92},"4":{"name":"(anonymous_4)","decl":{"start":{"line":105,"column":26},"end":{"line":105,"column":27}},"loc":{"start":{"line":105,"column":41},"end":{"line":108,"column":13}},"line":105},"5":{"name":"(anonymous_5)","decl":{"start":{"line":120,"column":26},"end":{"line":120,"column":27}},"loc":{"start":{"line":120,"column":41},"end":{"line":123,"column":13}},"line":120},"6":{"name":"(anonymous_6)","decl":{"start":{"line":128,"column":21},"end":{"line":128,"column":22}},"loc":{"start":{"line":128,"column":27},"end":{"line":133,"column":13}},"line":128},"7":{"name":"(anonymous_7)","decl":{"start":{"line":148,"column":29},"end":{"line":148,"column":30}},"loc":{"start":{"line":148,"column":48},"end":{"line":159,"column":13}},"line":148},"8":{"name":"(anonymous_8)","decl":{"start":{"line":154,"column":57},"end":{"line":154,"column":58}},"loc":{"start":{"line":154,"column":67},"end":{"line":157,"column":17}},"line":154},"9":{"name":"(anonymous_9)","decl":{"start":{"line":160,"column":30},"end":{"line":160,"column":31}},"loc":{"start":{"line":160,"column":36},"end":{"line":160,"column":51}},"line":160},"10":{"name":"(anonymous_10)","decl":{"start":{"line":181,"column":21},"end":{"line":181,"column":22}},"loc":{"start":{"line":181,"column":27},"end":{"line":181,"column":65}},"line":181},"11":{"name":"(anonymous_11)","decl":{"start":{"line":239,"column":24},"end":{"line":239,"column":25}},"loc":{"start":{"line":239,"column":35},"end":{"line":239,"column":40}},"line":239}},"branchMap":{"0":{"loc":{"start":{"line":29,"column":6},"end":{"line":35,"column":7}},"type":"if","locations":[{"start":{"line":29,"column":6},"end":{"line":35,"column":7}},{"start":{"line":29,"column":6},"end":{"line":35,"column":7}}],"line":29},"1":{"loc":{"start":{"line":129,"column":14},"end":{"line":131,"column":15}},"type":"if","locations":[{"start":{"line":129,"column":14},"end":{"line":131,"column":15}},{"start":{"line":129,"column":14},"end":{"line":131,"column":15}}],"line":129},"2":{"loc":{"start":{"line":149,"column":14},"end":{"line":158,"column":15}},"type":"if","locations":[{"start":{"line":149,"column":14},"end":{"line":158,"column":15}},{"start":{"line":149,"column":14},"end":{"line":158,"column":15}}],"line":149},"3":{"loc":{"start":{"line":151,"column":21},"end":{"line":158,"column":15}},"type":"if","locations":[{"start":{"line":151,"column":21},"end":{"line":158,"column":15}},{"start":{"line":151,"column":21},"end":{"line":158,"column":15}}],"line":151},"4":{"loc":{"start":{"line":162,"column":11},"end":{"line":168,"column":11}},"type":"binary-expr","locations":[{"start":{"line":162,"column":11},"end":{"line":162,"column":24}},{"start":{"line":163,"column":12},"end":{"line":167,"column":19}}],"line":162}},"s":{"0":1,"1":0,"2":0,"3":0,"4":0,"5":0,"6":0,"7":2,"8":2,"9":2,"10":2,"11":2,"12":2,"13":2,"14":0,"15":0,"16":0,"17":0,"18":0,"19":0,"20":0,"21":0,"22":0,"23":0,"24":0,"25":0,"26":1,"27":1,"28":1},"f":{"0":0,"1":0,"2":2,"3":0,"4":0,"5":0,"6":0,"7":0,"8":0,"9":0,"10":0,"11":1},"b":{"0":[0,0],"1":[0,0],"2":[0,0],"3":[0,0],"4":[2,0]},"_coverageSchema":"1a1c01bbd47fc00a2c39e90264f33305004495a9","hash":"36b9e2e057e5341186c2ffd4e20d5e0a12cf679a"}
,"/home/pantoine/EIP/Strollin/Strollin/Components/backgroundImage.js": {"path":"/home/pantoine/EIP/Strollin/Strollin/Components/backgroundImage.js","statementMap":{"0":{"start":{"line":5,"column":13},"end":{"line":5,"column":46}},"1":{"start":{"line":6,"column":12},"end":{"line":6,"column":14}},"2":{"start":{"line":8,"column":2},"end":{"line":8,"column":58}},"3":{"start":{"line":8,"column":15},"end":{"line":8,"column":58}},"4":{"start":{"line":9,"column":2},"end":{"line":9,"column":59}},"5":{"start":{"line":9,"column":15},"end":{"line":9,"column":59}},"6":{"start":{"line":10,"column":2},"end":{"line":10,"column":56}},"7":{"start":{"line":10,"column":15},"end":{"line":10,"column":56}},"8":{"start":{"line":11,"column":2},"end":{"line":11,"column":13}},"9":{"start":{"line":15,"column":29},"end":{"line":15,"column":48}},"10":{"start":{"line":17,"column":2},"end":{"line":24,"column":4}}},"fnMap":{"0":{"name":"RandPic","decl":{"start":{"line":4,"column":9},"end":{"line":4,"column":16}},"loc":{"start":{"line":4,"column":19},"end":{"line":12,"column":1}},"line":4},"1":{"name":"BackgroundImage","decl":{"start":{"line":14,"column":9},"end":{"line":14,"column":24}},"loc":{"start":{"line":14,"column":32},"end":{"line":25,"column":1}},"line":14}},"branchMap":{"0":{"loc":{"start":{"line":8,"column":2},"end":{"line":8,"column":58}},"type":"if","locations":[{"start":{"line":8,"column":2},"end":{"line":8,"column":58}},{"start":{"line":8,"column":2},"end":{"line":8,"column":58}}],"line":8},"1":{"loc":{"start":{"line":9,"column":2},"end":{"line":9,"column":59}},"type":"if","locations":[{"start":{"line":9,"column":2},"end":{"line":9,"column":59}},{"start":{"line":9,"column":2},"end":{"line":9,"column":59}}],"line":9},"2":{"loc":{"start":{"line":10,"column":2},"end":{"line":10,"column":56}},"type":"if","locations":[{"start":{"line":10,"column":2},"end":{"line":10,"column":56}},{"start":{"line":10,"column":2},"end":{"line":10,"column":56}}],"line":10}},"s":{"0":5,"1":5,"2":5,"3":4,"4":5,"5":1,"6":5,"7":0,"8":5,"9":5,"10":5},"f":{"0":5,"1":5},"b":{"0":[4,1],"1":[1,4],"2":[0,5]},"_coverageSchema":"1a1c01bbd47fc00a2c39e90264f33305004495a9","hash":"8ab5085f6622e6148deca5a1b4430747e4f2c3b4"}
,"/home/pantoine/EIP/Strollin/Strollin/Components/box.js": {"path":"/home/pantoine/EIP/Strollin/Strollin/Components/box.js","statementMap":{"0":{"start":{"line":7,"column":2},"end":{"line":7,"column":51}},"1":{"start":{"line":8,"column":2},"end":{"line":8,"column":45}},"2":{"start":{"line":13,"column":2},"end":{"line":49,"column":4}},"3":{"start":{"line":46,"column":23},"end":{"line":46,"column":41}},"4":{"start":{"line":69,"column":15},"end":{"line":99,"column":2}}},"fnMap":{"0":{"name":"GotoComment","decl":{"start":{"line":6,"column":9},"end":{"line":6,"column":20}},"loc":{"start":{"line":6,"column":28},"end":{"line":9,"column":1}},"line":6},"1":{"name":"Box","decl":{"start":{"line":11,"column":9},"end":{"line":11,"column":12}},"loc":{"start":{"line":11,"column":20},"end":{"line":50,"column":1}},"line":11},"2":{"name":"(anonymous_2)","decl":{"start":{"line":46,"column":17},"end":{"line":46,"column":18}},"loc":{"start":{"line":46,"column":23},"end":{"line":46,"column":41}},"line":46}},"branchMap":{},"s":{"0":1,"1":1,"2":4,"3":1,"4":3},"f":{"0":1,"1":4,"2":1},"b":{},"_coverageSchema":"1a1c01bbd47fc00a2c39e90264f33305004495a9","hash":"26e30d75965f49cdfd59560e3e07aedc91b4243a"}
,"/home/pantoine/EIP/Strollin/Strollin/Components/rondForm.js": {"path":"/home/pantoine/EIP/Strollin/Strollin/Components/rondForm.js","statementMap":{"0":{"start":{"line":8,"column":4},"end":{"line":20,"column":6}}},"fnMap":{"0":{"name":"(anonymous_0)","decl":{"start":{"line":7,"column":2},"end":{"line":7,"column":3}},"loc":{"start":{"line":7,"column":11},"end":{"line":21,"column":3}},"line":7}},"branchMap":{},"s":{"0":2},"f":{"0":2},"b":{},"_coverageSchema":"1a1c01bbd47fc00a2c39e90264f33305004495a9","hash":"426aacee998d022539c73992ac520cfd5fe52dba"}
,"/home/pantoine/EIP/Strollin/Strollin/Components/sugest.js": {"path":"/home/pantoine/EIP/Strollin/Strollin/Components/sugest.js","statementMap":{"0":{"start":{"line":7,"column":14},"end":{"line":7,"column":122}},"1":{"start":{"line":11,"column":4},"end":{"line":13,"column":6}},"2":{"start":{"line":17,"column":15},"end":{"line":30,"column":2}}},"fnMap":{"0":{"name":"(anonymous_0)","decl":{"start":{"line":10,"column":2},"end":{"line":10,"column":3}},"loc":{"start":{"line":10,"column":11},"end":{"line":14,"column":3}},"line":10}},"branchMap":{},"s":{"0":1,"1":2,"2":1},"f":{"0":2},"b":{},"_coverageSchema":"1a1c01bbd47fc00a2c39e90264f33305004495a9","hash":"51a77ea803c52e5977c2fe757ef61e8d39c9b0f1"}
,"/home/pantoine/EIP/Strollin/Strollin/env/Environement.js": {"path":"/home/pantoine/EIP/Strollin/Strollin/env/Environement.js","statementMap":{"0":{"start":{"line":1,"column":21},"end":{"line":4,"column":3}},"1":{"start":{"line":6,"column":2},"end":{"line":6,"column":38}},"2":{"start":{"line":8,"column":20},"end":{"line":8,"column":61}},"3":{"start":{"line":10,"column":2},"end":{"line":10,"column":32}},"4":{"start":{"line":12,"column":22},"end":{"line":12,"column":55}},"5":{"start":{"line":14,"column":2},"end":{"line":14,"column":36}}},"fnMap":{},"branchMap":{"0":{"loc":{"start":{"line":8,"column":20},"end":{"line":8,"column":61}},"type":"binary-expr","locations":[{"start":{"line":8,"column":20},"end":{"line":8,"column":41}},{"start":{"line":8,"column":45},"end":{"line":8,"column":61}}],"line":8},"1":{"loc":{"start":{"line":12,"column":22},"end":{"line":12,"column":55}},"type":"binary-expr","locations":[{"start":{"line":12,"column":22},"end":{"line":12,"column":45}},{"start":{"line":12,"column":49},"end":{"line":12,"column":55}}],"line":12}},"s":{"0":11,"1":11,"2":11,"3":11,"4":11,"5":11},"f":{},"b":{"0":[11,11],"1":[11,11]},"_coverageSchema":"1a1c01bbd47fc00a2c39e90264f33305004495a9","hash":"c737a9a1208b432925e131aa54d68216ee29cede"}
,"/home/pantoine/EIP/Strollin/Strollin/images/Logo.png": {"path":"/home/pantoine/EIP/Strollin/Strollin/images/Logo.png","statementMap":{"0":{"start":{"line":1,"column":0},"end":{"line":4,"column":6}}},"fnMap":{},"branchMap":{},"s":{"0":2},"f":{},"b":{},"inputSourceMap":null,"_coverageSchema":"1a1c01bbd47fc00a2c39e90264f33305004495a9","hash":"d9cf188a712302c6bc73e4030f275dba8680c3ef"}
,"/home/pantoine/EIP/Strollin/Strollin/images/empty_star.png": {"path":"/home/pantoine/EIP/Strollin/Strollin/images/empty_star.png","statementMap":{"0":{"start":{"line":1,"column":0},"end":{"line":4,"column":6}}},"fnMap":{},"branchMap":{},"s":{"0":1},"f":{},"b":{},"inputSourceMap":null,"_coverageSchema":"1a1c01bbd47fc00a2c39e90264f33305004495a9","hash":"8476da5a4b9f0ceabceb680c4e6079cd5c0e1cfa"}
,"/home/pantoine/EIP/Strollin/Strollin/images/half_star.png": {"path":"/home/pantoine/EIP/Strollin/Strollin/images/half_star.png","statementMap":{"0":{"start":{"line":1,"column":0},"end":{"line":4,"column":6}}},"fnMap":{},"branchMap":{},"s":{"0":1},"f":{},"b":{},"inputSourceMap":null,"_coverageSchema":"1a1c01bbd47fc00a2c39e90264f33305004495a9","hash":"5be0d4206acdbc6331c77e8ee9552c8b4f44dbf7"}
,"/home/pantoine/EIP/Strollin/Strollin/images/left_arrow.png": {"path":"/home/pantoine/EIP/Strollin/Strollin/images/left_arrow.png","statementMap":{"0":{"start":{"line":1,"column":0},"end":{"line":4,"column":6}}},"fnMap":{},"branchMap":{},"s":{"0":1},"f":{},"b":{},"inputSourceMap":null,"_coverageSchema":"1a1c01bbd47fc00a2c39e90264f33305004495a9","hash":"fd604fa9ab9f483bc21d0e962b31de3b59037796"}
,"/home/pantoine/EIP/Strollin/Strollin/images/search.png": {"path":"/home/pantoine/EIP/Strollin/Strollin/images/search.png","statementMap":{"0":{"start":{"line":1,"column":0},"end":{"line":4,"column":6}}},"fnMap":{},"branchMap":{},"s":{"0":2},"f":{},"b":{},"inputSourceMap":null,"_coverageSchema":"1a1c01bbd47fc00a2c39e90264f33305004495a9","hash":"0afeae743a13c00cab8a3d658bab165d9d7e5aa8"}
,"/home/pantoine/EIP/Strollin/Strollin/images/star.png": {"path":"/home/pantoine/EIP/Strollin/Strollin/images/star.png","statementMap":{"0":{"start":{"line":1,"column":0},"end":{"line":4,"column":6}}},"fnMap":{},"branchMap":{},"s":{"0":1},"f":{},"b":{},"inputSourceMap":null,"_coverageSchema":"1a1c01bbd47fc00a2c39e90264f33305004495a9","hash":"0b18cb15adb4d675c136a1dc51ae47b5c5a22d43"}
,"/home/pantoine/EIP/Strollin/Strollin/ressources/end.png": {"path":"/home/pantoine/EIP/Strollin/Strollin/ressources/end.png","statementMap":{"0":{"start":{"line":1,"column":0},"end":{"line":4,"column":6}}},"fnMap":{},"branchMap":{},"s":{"0":1},"f":{},"b":{},"inputSourceMap":null,"_coverageSchema":"1a1c01bbd47fc00a2c39e90264f33305004495a9","hash":"1ebe1394c6ed63ebef70417b5d60364e33e52001"}
,"/home/pantoine/EIP/Strollin/Strollin/ressources/friend.png": {"path":"/home/pantoine/EIP/Strollin/Strollin/ressources/friend.png","statementMap":{"0":{"start":{"line":1,"column":0},"end":{"line":4,"column":6}}},"fnMap":{},"branchMap":{},"s":{"0":5},"f":{},"b":{},"inputSourceMap":null,"_coverageSchema":"1a1c01bbd47fc00a2c39e90264f33305004495a9","hash":"4ef11caf9c6c8e98641227281fd7f77520972e4a"}
,"/home/pantoine/EIP/Strollin/Strollin/ressources/home.png": {"path":"/home/pantoine/EIP/Strollin/Strollin/ressources/home.png","statementMap":{"0":{"start":{"line":1,"column":0},"end":{"line":4,"column":6}}},"fnMap":{},"branchMap":{},"s":{"0":5},"f":{},"b":{},"inputSourceMap":null,"_coverageSchema":"1a1c01bbd47fc00a2c39e90264f33305004495a9","hash":"f5f1c0bc2ade2797a3967c23e95b02bee67f24ab"}
,"/home/pantoine/EIP/Strollin/Strollin/ressources/logo3.png": {"path":"/home/pantoine/EIP/Strollin/Strollin/ressources/logo3.png","statementMap":{"0":{"start":{"line":1,"column":0},"end":{"line":4,"column":6}}},"fnMap":{},"branchMap":{},"s":{"0":1},"f":{},"b":{},"inputSourceMap":null,"_coverageSchema":"1a1c01bbd47fc00a2c39e90264f33305004495a9","hash":"4edf0e404276819d446fb04a38f545b1b352bd00"}
,"/home/pantoine/EIP/Strollin/Strollin/ressources/partenaire.png": {"path":"/home/pantoine/EIP/Strollin/Strollin/ressources/partenaire.png","statementMap":{"0":{"start":{"line":1,"column":0},"end":{"line":4,"column":6}}},"fnMap":{},"branchMap":{},"s":{"0":1},"f":{},"b":{},"inputSourceMap":null,"_coverageSchema":"1a1c01bbd47fc00a2c39e90264f33305004495a9","hash":"47627f407b26f033a850a0200992419e19c63be9"}
,"/home/pantoine/EIP/Strollin/Strollin/ressources/plum2.jpg": {"path":"/home/pantoine/EIP/Strollin/Strollin/ressources/plum2.jpg","statementMap":{"0":{"start":{"line":1,"column":0},"end":{"line":4,"column":6}}},"fnMap":{},"branchMap":{},"s":{"0":1},"f":{},"b":{},"inputSourceMap":null,"_coverageSchema":"1a1c01bbd47fc00a2c39e90264f33305004495a9","hash":"91692e88c47c58c9c826d38219ebdc3e7a66a77a"}
,"/home/pantoine/EIP/Strollin/Strollin/ressources/plus.png": {"path":"/home/pantoine/EIP/Strollin/Strollin/ressources/plus.png","statementMap":{"0":{"start":{"line":1,"column":0},"end":{"line":4,"column":6}}},"fnMap":{},"branchMap":{},"s":{"0":5},"f":{},"b":{},"inputSourceMap":null,"_coverageSchema":"1a1c01bbd47fc00a2c39e90264f33305004495a9","hash":"a51043ca92ebf8a9a63cd09d451b0c0d3c123cab"}
,"/home/pantoine/EIP/Strollin/Strollin/ressources/profile.png": {"path":"/home/pantoine/EIP/Strollin/Strollin/ressources/profile.png","statementMap":{"0":{"start":{"line":1,"column":0},"end":{"line":4,"column":6}}},"fnMap":{},"branchMap":{},"s":{"0":5},"f":{},"b":{},"inputSourceMap":null,"_coverageSchema":"1a1c01bbd47fc00a2c39e90264f33305004495a9","hash":"39bcaa5395f2231bc7fa84c199cd5c1f60de5bf9"}
,"/home/pantoine/EIP/Strollin/Strollin/ressources/street1.jpg": {"path":"/home/pantoine/EIP/Strollin/Strollin/ressources/street1.jpg","statementMap":{"0":{"start":{"line":1,"column":0},"end":{"line":4,"column":6}}},"fnMap":{},"branchMap":{},"s":{"0":5},"f":{},"b":{},"inputSourceMap":null,"_coverageSchema":"1a1c01bbd47fc00a2c39e90264f33305004495a9","hash":"8080c8a38def6f5135085b305557052a7de6b296"}
,"/home/pantoine/EIP/Strollin/Strollin/ressources/street2.jpeg": {"path":"/home/pantoine/EIP/Strollin/Strollin/ressources/street2.jpeg","statementMap":{"0":{"start":{"line":1,"column":0},"end":{"line":4,"column":6}}},"fnMap":{},"branchMap":{},"s":{"0":2},"f":{},"b":{},"inputSourceMap":null,"_coverageSchema":"1a1c01bbd47fc00a2c39e90264f33305004495a9","hash":"d28100afc865dc51064a36e3a4996a74d9fa7186"}
,"/home/pantoine/EIP/Strollin/Strollin/ressources/trip.png": {"path":"/home/pantoine/EIP/Strollin/Strollin/ressources/trip.png","statementMap":{"0":{"start":{"line":1,"column":0},"end":{"line":4,"column":6}}},"fnMap":{},"branchMap":{},"s":{"0":4},"f":{},"b":{},"inputSourceMap":null,"_coverageSchema":"1a1c01bbd47fc00a2c39e90264f33305004495a9","hash":"1c4ec5b1d7334080273c93adfa012190f0f834f0"}
}
