{"/home/pantoine/EIP/Strollin/Strollin/Components/ButtonIcon.js": {"path":"/home/pantoine/EIP/Strollin/Strollin/Components/ButtonIcon.js","statementMap":{"0":{"start":{"line":6,"column":2},"end":{"line":10,"column":4}},"1":{"start":{"line":13,"column":15},"end":{"line":21,"column":2}}},"fnMap":{"0":{"name":"ButtonIcon","decl":{"start":{"line":5,"column":9},"end":{"line":5,"column":19}},"loc":{"start":{"line":5,"column":27},"end":{"line":11,"column":1}},"line":5}},"branchMap":{},"s":{"0":1,"1":3},"f":{"0":1},"b":{},"_coverageSchema":"1a1c01bbd47fc00a2c39e90264f33305004495a9","hash":"1b6afc90981e11014f24ce2a47f95fffe2a555ac"}
,"/home/pantoine/EIP/Strollin/Strollin/Components/Comment.js": {"path":"/home/pantoine/EIP/Strollin/Strollin/Components/Comment.js","statementMap":{"0":{"start":{"line":8,"column":2},"end":{"line":21,"column":4}},"1":{"start":{"line":26,"column":15},"end":{"line":54,"column":2}}},"fnMap":{"0":{"name":"Comment","decl":{"start":{"line":6,"column":9},"end":{"line":6,"column":16}},"loc":{"start":{"line":6,"column":24},"end":{"line":22,"column":1}},"line":6}},"branchMap":{},"s":{"0":4,"1":2},"f":{"0":4},"b":{},"_coverageSchema":"1a1c01bbd47fc00a2c39e90264f33305004495a9","hash":"cac213046ed50a06e612477339c4d08787b2ccdd"}
,"/home/pantoine/EIP/Strollin/Strollin/Components/CommentScreen.js": {"path":"/home/pantoine/EIP/Strollin/Strollin/Components/CommentScreen.js","statementMap":{"0":{"start":{"line":9,"column":15},"end":{"line":9,"column":37}},"1":{"start":{"line":10,"column":2},"end":{"line":22,"column":4}},"2":{"start":{"line":17,"column":36},"end":{"line":17,"column":121}},"3":{"start":{"line":18,"column":34},"end":{"line":18,"column":41}},"4":{"start":{"line":27,"column":15},"end":{"line":59,"column":2}}},"fnMap":{"0":{"name":"CommentScreen","decl":{"start":{"line":7,"column":9},"end":{"line":7,"column":22}},"loc":{"start":{"line":7,"column":30},"end":{"line":23,"column":1}},"line":7},"1":{"name":"(anonymous_1)","decl":{"start":{"line":17,"column":22},"end":{"line":17,"column":23}},"loc":{"start":{"line":17,"column":36},"end":{"line":17,"column":121}},"line":17},"2":{"name":"(anonymous_2)","decl":{"start":{"line":18,"column":24},"end":{"line":18,"column":25}},"loc":{"start":{"line":18,"column":34},"end":{"line":18,"column":41}},"line":18}},"branchMap":{},"s":{"0":2,"1":2,"2":3,"3":3,"4":1},"f":{"0":2,"1":3,"2":3},"b":{},"_coverageSchema":"1a1c01bbd47fc00a2c39e90264f33305004495a9","hash":"a4cbe7e05f4a8568cd02356e48c10fc7bba07d5a"}
,"/home/pantoine/EIP/Strollin/Strollin/Components/CourseEvaluation.js": {"path":"/home/pantoine/EIP/Strollin/Strollin/Components/CourseEvaluation.js","statementMap":{"0":{"start":{"line":13,"column":16},"end":{"line":13,"column":32}},"1":{"start":{"line":15,"column":22},"end":{"line":18,"column":4}},"2":{"start":{"line":20,"column":2},"end":{"line":40,"column":7}},"3":{"start":{"line":30,"column":24},"end":{"line":30,"column":39}},"4":{"start":{"line":32,"column":6},"end":{"line":36,"column":7}},"5":{"start":{"line":33,"column":8},"end":{"line":33,"column":49}},"6":{"start":{"line":35,"column":8},"end":{"line":35,"column":41}},"7":{"start":{"line":39,"column":6},"end":{"line":39,"column":38}},"8":{"start":{"line":44,"column":32},"end":{"line":44,"column":44}},"9":{"start":{"line":45,"column":30},"end":{"line":45,"column":42}},"10":{"start":{"line":47,"column":2},"end":{"line":91,"column":4}},"11":{"start":{"line":57,"column":26},"end":{"line":57,"column":40}},"12":{"start":{"line":71,"column":34},"end":{"line":71,"column":50}},"13":{"start":{"line":82,"column":12},"end":{"line":82,"column":47}},"14":{"start":{"line":94,"column":24},"end":{"line":94,"column":40}},"15":{"start":{"line":94,"column":35},"end":{"line":94,"column":40}},"16":{"start":{"line":97,"column":15},"end":{"line":145,"column":2}}},"fnMap":{"0":{"name":"ratingCompleted","decl":{"start":{"line":10,"column":9},"end":{"line":10,"column":24}},"loc":{"start":{"line":10,"column":42},"end":{"line":41,"column":1}},"line":10},"1":{"name":"(anonymous_1)","decl":{"start":{"line":30,"column":10},"end":{"line":30,"column":11}},"loc":{"start":{"line":30,"column":24},"end":{"line":30,"column":39}},"line":30},"2":{"name":"(anonymous_2)","decl":{"start":{"line":31,"column":10},"end":{"line":31,"column":11}},"loc":{"start":{"line":31,"column":28},"end":{"line":37,"column":5}},"line":31},"3":{"name":"(anonymous_3)","decl":{"start":{"line":38,"column":11},"end":{"line":38,"column":12}},"loc":{"start":{"line":38,"column":22},"end":{"line":40,"column":5}},"line":38},"4":{"name":"CourseEvaluation","decl":{"start":{"line":43,"column":9},"end":{"line":43,"column":25}},"loc":{"start":{"line":43,"column":33},"end":{"line":92,"column":1}},"line":43},"5":{"name":"(anonymous_5)","decl":{"start":{"line":57,"column":18},"end":{"line":57,"column":19}},"loc":{"start":{"line":57,"column":25},"end":{"line":57,"column":41}},"line":57},"6":{"name":"(anonymous_6)","decl":{"start":{"line":71,"column":24},"end":{"line":71,"column":25}},"loc":{"start":{"line":71,"column":34},"end":{"line":71,"column":50}},"line":71},"7":{"name":"(anonymous_7)","decl":{"start":{"line":81,"column":19},"end":{"line":81,"column":20}},"loc":{"start":{"line":81,"column":25},"end":{"line":83,"column":11}},"line":81},"8":{"name":"(anonymous_8)","decl":{"start":{"line":94,"column":24},"end":{"line":94,"column":25}},"loc":{"start":{"line":94,"column":35},"end":{"line":94,"column":40}},"line":94}},"branchMap":{"0":{"loc":{"start":{"line":32,"column":6},"end":{"line":36,"column":7}},"type":"if","locations":[{"start":{"line":32,"column":6},"end":{"line":36,"column":7}},{"start":{"line":32,"column":6},"end":{"line":36,"column":7}}],"line":32}},"s":{"0":0,"1":0,"2":0,"3":0,"4":0,"5":0,"6":0,"7":0,"8":1,"9":1,"10":1,"11":0,"12":0,"13":0,"14":1,"15":1,"16":1},"f":{"0":0,"1":0,"2":0,"3":0,"4":1,"5":0,"6":0,"7":0,"8":1},"b":{"0":[0,0]},"_coverageSchema":"1a1c01bbd47fc00a2c39e90264f33305004495a9","hash":"1d1a8f804306716e97aabd6b5d0cb2277cbdb2cd"}
,"/home/pantoine/EIP/Strollin/Strollin/Components/Form.js": {"path":"/home/pantoine/EIP/Strollin/Strollin/Components/Form.js","statementMap":{"0":{"start":{"line":12,"column":2},"end":{"line":26,"column":4}},"1":{"start":{"line":22,"column":10},"end":{"line":22,"column":34}}},"fnMap":{"0":{"name":"Form","decl":{"start":{"line":9,"column":9},"end":{"line":9,"column":13}},"loc":{"start":{"line":11,"column":3},"end":{"line":27,"column":1}},"line":11},"1":{"name":"(anonymous_1)","decl":{"start":{"line":21,"column":22},"end":{"line":21,"column":23}},"loc":{"start":{"line":21,"column":37},"end":{"line":23,"column":9}},"line":21}},"branchMap":{},"s":{"0":2,"1":0},"f":{"0":2,"1":0},"b":{},"_coverageSchema":"1a1c01bbd47fc00a2c39e90264f33305004495a9","hash":"742484457f94ee22dc2d13f2e406bc32a2213f83"}
,"/home/pantoine/EIP/Strollin/Strollin/Components/FriendList.js": {"path":"/home/pantoine/EIP/Strollin/Strollin/Components/FriendList.js","statementMap":{"0":{"start":{"line":11,"column":13},"end":{"line":11,"column":14}},"1":{"start":{"line":13,"column":13},"end":{"line":38,"column":1}},"2":{"start":{"line":40,"column":14},"end":{"line":61,"column":1}},"3":{"start":{"line":64,"column":18},"end":{"line":64,"column":20}},"4":{"start":{"line":65,"column":2},"end":{"line":76,"column":3}},"5":{"start":{"line":65,"column":15},"end":{"line":65,"column":16}},"6":{"start":{"line":66,"column":4},"end":{"line":75,"column":5}},"7":{"start":{"line":66,"column":17},"end":{"line":66,"column":18}},"8":{"start":{"line":67,"column":6},"end":{"line":74,"column":7}},"9":{"start":{"line":68,"column":8},"end":{"line":68,"column":32}},"10":{"start":{"line":77,"column":2},"end":{"line":77,"column":17}},"11":{"start":{"line":121,"column":19},"end":{"line":133,"column":1}},"12":{"start":{"line":122,"column":2},"end":{"line":132,"column":9}},"13":{"start":{"line":129,"column":32},"end":{"line":129,"column":86}},"14":{"start":{"line":130,"column":30},"end":{"line":130,"column":37}},"15":{"start":{"line":135,"column":13},"end":{"line":146,"column":1}},"16":{"start":{"line":136,"column":2},"end":{"line":145,"column":9}},"17":{"start":{"line":142,"column":8},"end":{"line":142,"column":42}},"18":{"start":{"line":149,"column":18},"end":{"line":149,"column":61}},"19":{"start":{"line":149,"column":42},"end":{"line":149,"column":60}},"20":{"start":{"line":153,"column":2},"end":{"line":153,"column":16}},"21":{"start":{"line":157,"column":18},"end":{"line":157,"column":59}},"22":{"start":{"line":157,"column":40},"end":{"line":157,"column":58}},"23":{"start":{"line":161,"column":2},"end":{"line":163,"column":3}},"24":{"start":{"line":162,"column":4},"end":{"line":162,"column":34}},"25":{"start":{"line":167,"column":32},"end":{"line":167,"column":50}},"26":{"start":{"line":168,"column":35},"end":{"line":168,"column":53}},"27":{"start":{"line":170,"column":2},"end":{"line":219,"column":4}},"28":{"start":{"line":178,"column":14},"end":{"line":178,"column":55}},"29":{"start":{"line":179,"column":14},"end":{"line":179,"column":31}},"30":{"start":{"line":188,"column":14},"end":{"line":188,"column":33}},"31":{"start":{"line":202,"column":38},"end":{"line":202,"column":102}},"32":{"start":{"line":203,"column":36},"end":{"line":203,"column":43}},"33":{"start":{"line":208,"column":14},"end":{"line":211,"column":21}},"34":{"start":{"line":213,"column":36},"end":{"line":213,"column":43}},"35":{"start":{"line":222,"column":15},"end":{"line":250,"column":2}}},"fnMap":{"0":{"name":"getFriend","decl":{"start":{"line":63,"column":9},"end":{"line":63,"column":18}},"loc":{"start":{"line":63,"column":34},"end":{"line":119,"column":1}},"line":63},"1":{"name":"(anonymous_1)","decl":{"start":{"line":121,"column":19},"end":{"line":121,"column":20}},"loc":{"start":{"line":122,"column":2},"end":{"line":132,"column":9}},"line":122},"2":{"name":"(anonymous_2)","decl":{"start":{"line":129,"column":18},"end":{"line":129,"column":19}},"loc":{"start":{"line":129,"column":32},"end":{"line":129,"column":86}},"line":129},"3":{"name":"(anonymous_3)","decl":{"start":{"line":130,"column":20},"end":{"line":130,"column":21}},"loc":{"start":{"line":130,"column":30},"end":{"line":130,"column":37}},"line":130},"4":{"name":"(anonymous_4)","decl":{"start":{"line":135,"column":13},"end":{"line":135,"column":14}},"loc":{"start":{"line":136,"column":2},"end":{"line":145,"column":9}},"line":136},"5":{"name":"(anonymous_5)","decl":{"start":{"line":141,"column":15},"end":{"line":141,"column":16}},"loc":{"start":{"line":141,"column":21},"end":{"line":143,"column":7}},"line":141},"6":{"name":"deleteFriend","decl":{"start":{"line":148,"column":9},"end":{"line":148,"column":21}},"loc":{"start":{"line":148,"column":43},"end":{"line":154,"column":1}},"line":148},"7":{"name":"(anonymous_7)","decl":{"start":{"line":149,"column":32},"end":{"line":149,"column":33}},"loc":{"start":{"line":149,"column":42},"end":{"line":149,"column":60}},"line":149},"8":{"name":"addFriend","decl":{"start":{"line":156,"column":9},"end":{"line":156,"column":18}},"loc":{"start":{"line":156,"column":40},"end":{"line":164,"column":1}},"line":156},"9":{"name":"(anonymous_9)","decl":{"start":{"line":157,"column":30},"end":{"line":157,"column":31}},"loc":{"start":{"line":157,"column":40},"end":{"line":157,"column":58}},"line":157},"10":{"name":"FriendList","decl":{"start":{"line":166,"column":9},"end":{"line":166,"column":19}},"loc":{"start":{"line":166,"column":27},"end":{"line":220,"column":1}},"line":166},"11":{"name":"(anonymous_11)","decl":{"start":{"line":177,"column":21},"end":{"line":177,"column":22}},"loc":{"start":{"line":177,"column":27},"end":{"line":180,"column":13}},"line":177},"12":{"name":"(anonymous_12)","decl":{"start":{"line":187,"column":26},"end":{"line":187,"column":27}},"loc":{"start":{"line":187,"column":36},"end":{"line":190,"column":13}},"line":187},"13":{"name":"(anonymous_13)","decl":{"start":{"line":202,"column":24},"end":{"line":202,"column":25}},"loc":{"start":{"line":202,"column":38},"end":{"line":202,"column":102}},"line":202},"14":{"name":"(anonymous_14)","decl":{"start":{"line":203,"column":26},"end":{"line":203,"column":27}},"loc":{"start":{"line":203,"column":36},"end":{"line":203,"column":43}},"line":203},"15":{"name":"(anonymous_15)","decl":{"start":{"line":207,"column":24},"end":{"line":207,"column":25}},"loc":{"start":{"line":208,"column":14},"end":{"line":211,"column":21}},"line":208},"16":{"name":"(anonymous_16)","decl":{"start":{"line":213,"column":26},"end":{"line":213,"column":27}},"loc":{"start":{"line":213,"column":36},"end":{"line":213,"column":43}},"line":213}},"branchMap":{"0":{"loc":{"start":{"line":67,"column":6},"end":{"line":74,"column":7}},"type":"if","locations":[{"start":{"line":67,"column":6},"end":{"line":74,"column":7}},{"start":{"line":67,"column":6},"end":{"line":74,"column":7}}],"line":67},"1":{"loc":{"start":{"line":161,"column":2},"end":{"line":163,"column":3}},"type":"if","locations":[{"start":{"line":161,"column":2},"end":{"line":163,"column":3}},{"start":{"line":161,"column":2},"end":{"line":163,"column":3}}],"line":161},"2":{"loc":{"start":{"line":230,"column":15},"end":{"line":230,"column":43}},"type":"binary-expr","locations":[{"start":{"line":230,"column":15},"end":{"line":230,"column":38}},{"start":{"line":230,"column":42},"end":{"line":230,"column":43}}],"line":230}},"s":{"0":1,"1":1,"2":1,"3":0,"4":0,"5":0,"6":0,"7":0,"8":0,"9":0,"10":0,"11":1,"12":0,"13":0,"14":0,"15":1,"16":0,"17":0,"18":0,"19":0,"20":0,"21":0,"22":0,"23":0,"24":0,"25":1,"26":1,"27":1,"28":0,"29":0,"30":0,"31":0,"32":0,"33":0,"34":0,"35":1},"f":{"0":0,"1":0,"2":0,"3":0,"4":0,"5":0,"6":0,"7":0,"8":0,"9":0,"10":1,"11":0,"12":0,"13":0,"14":0,"15":0,"16":0},"b":{"0":[0,0],"1":[0,0],"2":[1,1]},"_coverageSchema":"1a1c01bbd47fc00a2c39e90264f33305004495a9","hash":"c3740ff8a7bdaa8e8d750d5914893476ece7679f"}
,"/home/pantoine/EIP/Strollin/Strollin/Components/HistoryElement.js": {"path":"/home/pantoine/EIP/Strollin/Strollin/Components/HistoryElement.js","statementMap":{"0":{"start":{"line":10,"column":32},"end":{"line":10,"column":47}},"1":{"start":{"line":12,"column":20},"end":{"line":15,"column":3}},"2":{"start":{"line":17,"column":2},"end":{"line":61,"column":3}},"3":{"start":{"line":18,"column":4},"end":{"line":60,"column":6}},"4":{"start":{"line":27,"column":12},"end":{"line":40,"column":19}},"5":{"start":{"line":48,"column":29},"end":{"line":48,"column":49}},"6":{"start":{"line":62,"column":2},"end":{"line":88,"column":4}},"7":{"start":{"line":76,"column":27},"end":{"line":76,"column":47}},"8":{"start":{"line":83,"column":27},"end":{"line":83,"column":47}},"9":{"start":{"line":90,"column":2},"end":{"line":108,"column":4}},"10":{"start":{"line":99,"column":25},"end":{"line":99,"column":45}}},"fnMap":{"0":{"name":"ElementHistoryNav","decl":{"start":{"line":9,"column":9},"end":{"line":9,"column":26}},"loc":{"start":{"line":9,"column":37},"end":{"line":109,"column":1}},"line":9},"1":{"name":"(anonymous_1)","decl":{"start":{"line":26,"column":22},"end":{"line":26,"column":23}},"loc":{"start":{"line":27,"column":12},"end":{"line":40,"column":19}},"line":27},"2":{"name":"(anonymous_2)","decl":{"start":{"line":48,"column":23},"end":{"line":48,"column":24}},"loc":{"start":{"line":48,"column":29},"end":{"line":48,"column":49}},"line":48},"3":{"name":"(anonymous_3)","decl":{"start":{"line":76,"column":21},"end":{"line":76,"column":22}},"loc":{"start":{"line":76,"column":27},"end":{"line":76,"column":47}},"line":76},"4":{"name":"(anonymous_4)","decl":{"start":{"line":83,"column":21},"end":{"line":83,"column":22}},"loc":{"start":{"line":83,"column":27},"end":{"line":83,"column":47}},"line":83},"5":{"name":"(anonymous_5)","decl":{"start":{"line":99,"column":19},"end":{"line":99,"column":20}},"loc":{"start":{"line":99,"column":25},"end":{"line":99,"column":45}},"line":99}},"branchMap":{"0":{"loc":{"start":{"line":17,"column":2},"end":{"line":61,"column":3}},"type":"if","locations":[{"start":{"line":17,"column":2},"end":{"line":61,"column":3}},{"start":{"line":17,"column":2},"end":{"line":61,"column":3}}],"line":17}},"s":{"0":1,"1":1,"2":1,"3":1,"4":0,"5":0,"6":0,"7":0,"8":0,"9":0,"10":0},"f":{"0":1,"1":0,"2":0,"3":0,"4":0,"5":0},"b":{"0":[1,0]},"_coverageSchema":"1a1c01bbd47fc00a2c39e90264f33305004495a9","hash":"e660438884a70f0c712675e816a905d916ae67cc"}
,"/home/pantoine/EIP/Strollin/Strollin/Components/HistoryNav.js": {"path":"/home/pantoine/EIP/Strollin/Strollin/Components/HistoryNav.js","statementMap":{"0":{"start":{"line":12,"column":2},"end":{"line":25,"column":19}},"1":{"start":{"line":13,"column":4},"end":{"line":13,"column":15}},"2":{"start":{"line":14,"column":4},"end":{"line":24,"column":7}},"3":{"start":{"line":27,"column":2},"end":{"line":114,"column":4}},"4":{"start":{"line":33,"column":25},"end":{"line":33,"column":56}},"5":{"start":{"line":44,"column":25},"end":{"line":44,"column":60}},"6":{"start":{"line":55,"column":25},"end":{"line":55,"column":62}},"7":{"start":{"line":66,"column":25},"end":{"line":66,"column":64}},"8":{"start":{"line":77,"column":25},"end":{"line":77,"column":55}},"9":{"start":{"line":91,"column":12},"end":{"line":101,"column":19}},"10":{"start":{"line":108,"column":25},"end":{"line":108,"column":62}},"11":{"start":{"line":117,"column":24},"end":{"line":117,"column":40}},"12":{"start":{"line":117,"column":35},"end":{"line":117,"column":40}},"13":{"start":{"line":121,"column":15},"end":{"line":170,"column":2}}},"fnMap":{"0":{"name":"HistoryNav","decl":{"start":{"line":11,"column":9},"end":{"line":11,"column":19}},"loc":{"start":{"line":11,"column":41},"end":{"line":115,"column":1}},"line":11},"1":{"name":"(anonymous_1)","decl":{"start":{"line":12,"column":24},"end":{"line":12,"column":25}},"loc":{"start":{"line":12,"column":30},"end":{"line":25,"column":3}},"line":12},"2":{"name":"(anonymous_2)","decl":{"start":{"line":33,"column":19},"end":{"line":33,"column":20}},"loc":{"start":{"line":33,"column":25},"end":{"line":33,"column":56}},"line":33},"3":{"name":"(anonymous_3)","decl":{"start":{"line":44,"column":19},"end":{"line":44,"column":20}},"loc":{"start":{"line":44,"column":25},"end":{"line":44,"column":60}},"line":44},"4":{"name":"(anonymous_4)","decl":{"start":{"line":55,"column":19},"end":{"line":55,"column":20}},"loc":{"start":{"line":55,"column":25},"end":{"line":55,"column":62}},"line":55},"5":{"name":"(anonymous_5)","decl":{"start":{"line":66,"column":19},"end":{"line":66,"column":20}},"loc":{"start":{"line":66,"column":25},"end":{"line":66,"column":64}},"line":66},"6":{"name":"(anonymous_6)","decl":{"start":{"line":77,"column":19},"end":{"line":77,"column":20}},"loc":{"start":{"line":77,"column":25},"end":{"line":77,"column":55}},"line":77},"7":{"name":"(anonymous_7)","decl":{"start":{"line":90,"column":22},"end":{"line":90,"column":23}},"loc":{"start":{"line":91,"column":12},"end":{"line":101,"column":19}},"line":91},"8":{"name":"(anonymous_8)","decl":{"start":{"line":108,"column":19},"end":{"line":108,"column":20}},"loc":{"start":{"line":108,"column":25},"end":{"line":108,"column":62}},"line":108},"9":{"name":"(anonymous_9)","decl":{"start":{"line":117,"column":24},"end":{"line":117,"column":25}},"loc":{"start":{"line":117,"column":35},"end":{"line":117,"column":40}},"line":117}},"branchMap":{},"s":{"0":0,"1":0,"2":0,"3":0,"4":0,"5":0,"6":0,"7":0,"8":0,"9":0,"10":0,"11":1,"12":0,"13":1},"f":{"0":0,"1":0,"2":0,"3":0,"4":0,"5":0,"6":0,"7":0,"8":0,"9":0},"b":{},"_coverageSchema":"1a1c01bbd47fc00a2c39e90264f33305004495a9","hash":"95d12309d58f2a581a86bdefeb1558be94435d53"}
,"/home/pantoine/EIP/Strollin/Strollin/Components/Home.js": {"path":"/home/pantoine/EIP/Strollin/Strollin/Components/Home.js","statementMap":{"0":{"start":{"line":9,"column":2},"end":{"line":32,"column":4}},"1":{"start":{"line":16,"column":25},"end":{"line":16,"column":66}},"2":{"start":{"line":21,"column":25},"end":{"line":21,"column":63}},"3":{"start":{"line":28,"column":25},"end":{"line":28,"column":68}}},"fnMap":{"0":{"name":"Home","decl":{"start":{"line":8,"column":9},"end":{"line":8,"column":13}},"loc":{"start":{"line":8,"column":21},"end":{"line":33,"column":1}},"line":8},"1":{"name":"(anonymous_1)","decl":{"start":{"line":16,"column":19},"end":{"line":16,"column":20}},"loc":{"start":{"line":16,"column":25},"end":{"line":16,"column":66}},"line":16},"2":{"name":"(anonymous_2)","decl":{"start":{"line":21,"column":19},"end":{"line":21,"column":20}},"loc":{"start":{"line":21,"column":25},"end":{"line":21,"column":63}},"line":21},"3":{"name":"(anonymous_3)","decl":{"start":{"line":28,"column":19},"end":{"line":28,"column":20}},"loc":{"start":{"line":28,"column":25},"end":{"line":28,"column":68}},"line":28}},"branchMap":{},"s":{"0":1,"1":0,"2":0,"3":0},"f":{"0":1,"1":0,"2":0,"3":0},"b":{},"_coverageSchema":"1a1c01bbd47fc00a2c39e90264f33305004495a9","hash":"331f1ab779b1057bf34b6df5a5e28e03d3142894"}
,"/home/pantoine/EIP/Strollin/Strollin/Components/HomePage.js": {"path":"/home/pantoine/EIP/Strollin/Strollin/Components/HomePage.js","statementMap":{"0":{"start":{"line":13,"column":20},"end":{"line":13,"column":55}},"1":{"start":{"line":15,"column":21},"end":{"line":15,"column":57}},"2":{"start":{"line":18,"column":16},"end":{"line":18,"column":32}},"3":{"start":{"line":19,"column":19},"end":{"line":19,"column":21}},"4":{"start":{"line":20,"column":10},"end":{"line":20,"column":11}},"5":{"start":{"line":21,"column":10},"end":{"line":21,"column":11}},"6":{"start":{"line":24,"column":2},"end":{"line":31,"column":3}},"7":{"start":{"line":25,"column":4},"end":{"line":30,"column":5}},"8":{"start":{"line":26,"column":6},"end":{"line":29,"column":7}},"9":{"start":{"line":27,"column":8},"end":{"line":27,"column":56}},"10":{"start":{"line":28,"column":8},"end":{"line":28,"column":14}},"11":{"start":{"line":33,"column":17},"end":{"line":36,"column":3}},"12":{"start":{"line":37,"column":2},"end":{"line":37,"column":25}},"13":{"start":{"line":41,"column":16},"end":{"line":41,"column":32}},"14":{"start":{"line":43,"column":2},"end":{"line":47,"column":3}},"15":{"start":{"line":44,"column":4},"end":{"line":44,"column":47}},"16":{"start":{"line":46,"column":4},"end":{"line":46,"column":41}},"17":{"start":{"line":52,"column":2},"end":{"line":174,"column":4}},"18":{"start":{"line":58,"column":25},"end":{"line":58,"column":62}},"19":{"start":{"line":69,"column":25},"end":{"line":69,"column":66}},"20":{"start":{"line":80,"column":25},"end":{"line":80,"column":68}},"21":{"start":{"line":91,"column":25},"end":{"line":91,"column":64}},"22":{"start":{"line":102,"column":25},"end":{"line":102,"column":61}},"23":{"start":{"line":126,"column":12},"end":{"line":130,"column":14}},"24":{"start":{"line":132,"column":34},"end":{"line":132,"column":41}},"25":{"start":{"line":139,"column":27},"end":{"line":139,"column":102}},"26":{"start":{"line":140,"column":12},"end":{"line":140,"column":35}},"27":{"start":{"line":141,"column":12},"end":{"line":141,"column":50}},"28":{"start":{"line":153,"column":12},"end":{"line":153,"column":58}},"29":{"start":{"line":164,"column":25},"end":{"line":164,"column":68}},"30":{"start":{"line":177,"column":15},"end":{"line":222,"column":2}},"31":{"start":{"line":224,"column":24},"end":{"line":224,"column":40}},"32":{"start":{"line":224,"column":35},"end":{"line":224,"column":40}}},"fnMap":{"0":{"name":"setSortedTendanceData","decl":{"start":{"line":17,"column":9},"end":{"line":17,"column":30}},"loc":{"start":{"line":17,"column":36},"end":{"line":38,"column":1}},"line":17},"1":{"name":"getData","decl":{"start":{"line":40,"column":9},"end":{"line":40,"column":16}},"loc":{"start":{"line":40,"column":19},"end":{"line":48,"column":1}},"line":40},"2":{"name":"HomePage","decl":{"start":{"line":50,"column":9},"end":{"line":50,"column":17}},"loc":{"start":{"line":50,"column":25},"end":{"line":175,"column":1}},"line":50},"3":{"name":"(anonymous_3)","decl":{"start":{"line":58,"column":19},"end":{"line":58,"column":20}},"loc":{"start":{"line":58,"column":25},"end":{"line":58,"column":62}},"line":58},"4":{"name":"(anonymous_4)","decl":{"start":{"line":69,"column":19},"end":{"line":69,"column":20}},"loc":{"start":{"line":69,"column":25},"end":{"line":69,"column":66}},"line":69},"5":{"name":"(anonymous_5)","decl":{"start":{"line":80,"column":19},"end":{"line":80,"column":20}},"loc":{"start":{"line":80,"column":25},"end":{"line":80,"column":68}},"line":80},"6":{"name":"(anonymous_6)","decl":{"start":{"line":91,"column":19},"end":{"line":91,"column":20}},"loc":{"start":{"line":91,"column":25},"end":{"line":91,"column":64}},"line":91},"7":{"name":"(anonymous_7)","decl":{"start":{"line":102,"column":19},"end":{"line":102,"column":20}},"loc":{"start":{"line":102,"column":25},"end":{"line":102,"column":61}},"line":102},"8":{"name":"(anonymous_8)","decl":{"start":{"line":125,"column":22},"end":{"line":125,"column":23}},"loc":{"start":{"line":126,"column":12},"end":{"line":130,"column":14}},"line":126},"9":{"name":"(anonymous_9)","decl":{"start":{"line":132,"column":24},"end":{"line":132,"column":25}},"loc":{"start":{"line":132,"column":34},"end":{"line":132,"column":41}},"line":132},"10":{"name":"(anonymous_10)","decl":{"start":{"line":138,"column":19},"end":{"line":138,"column":20}},"loc":{"start":{"line":138,"column":25},"end":{"line":142,"column":11}},"line":138},"11":{"name":"(anonymous_11)","decl":{"start":{"line":152,"column":19},"end":{"line":152,"column":20}},"loc":{"start":{"line":152,"column":25},"end":{"line":154,"column":11}},"line":152},"12":{"name":"(anonymous_12)","decl":{"start":{"line":164,"column":19},"end":{"line":164,"column":20}},"loc":{"start":{"line":164,"column":25},"end":{"line":164,"column":68}},"line":164},"13":{"name":"(anonymous_13)","decl":{"start":{"line":224,"column":24},"end":{"line":224,"column":25}},"loc":{"start":{"line":224,"column":35},"end":{"line":224,"column":40}},"line":224}},"branchMap":{"0":{"loc":{"start":{"line":26,"column":6},"end":{"line":29,"column":7}},"type":"if","locations":[{"start":{"line":26,"column":6},"end":{"line":29,"column":7}},{"start":{"line":26,"column":6},"end":{"line":29,"column":7}}],"line":26},"1":{"loc":{"start":{"line":43,"column":2},"end":{"line":47,"column":3}},"type":"if","locations":[{"start":{"line":43,"column":2},"end":{"line":47,"column":3}},{"start":{"line":43,"column":2},"end":{"line":47,"column":3}}],"line":43}},"s":{"0":1,"1":1,"2":0,"3":0,"4":0,"5":0,"6":0,"7":0,"8":0,"9":0,"10":0,"11":0,"12":0,"13":0,"14":0,"15":0,"16":0,"17":0,"18":0,"19":0,"20":0,"21":0,"22":0,"23":0,"24":0,"25":0,"26":0,"27":0,"28":0,"29":0,"30":1,"31":1,"32":0},"f":{"0":0,"1":0,"2":0,"3":0,"4":0,"5":0,"6":0,"7":0,"8":0,"9":0,"10":0,"11":0,"12":0,"13":0},"b":{"0":[0,0],"1":[0,0]},"_coverageSchema":"1a1c01bbd47fc00a2c39e90264f33305004495a9","hash":"a24f7c41bd5b70f3b6d8507c416156ddc0aded9d"}
,"/home/pantoine/EIP/Strollin/Strollin/Components/LoginPage.js": {"path":"/home/pantoine/EIP/Strollin/Strollin/Components/LoginPage.js","statementMap":{"0":{"start":{"line":13,"column":21},"end":{"line":13,"column":57}},"1":{"start":{"line":14,"column":21},"end":{"line":14,"column":58}},"2":{"start":{"line":15,"column":19},"end":{"line":15,"column":53}},"3":{"start":{"line":16,"column":19},"end":{"line":16,"column":53}},"4":{"start":{"line":21,"column":13},"end":{"line":21,"column":46}},"5":{"start":{"line":22,"column":12},"end":{"line":22,"column":14}},"6":{"start":{"line":24,"column":2},"end":{"line":24,"column":35}},"7":{"start":{"line":24,"column":16},"end":{"line":24,"column":35}},"8":{"start":{"line":25,"column":2},"end":{"line":25,"column":35}},"9":{"start":{"line":25,"column":16},"end":{"line":25,"column":35}},"10":{"start":{"line":26,"column":2},"end":{"line":26,"column":33}},"11":{"start":{"line":26,"column":16},"end":{"line":26,"column":33}},"12":{"start":{"line":27,"column":2},"end":{"line":27,"column":13}},"13":{"start":{"line":30,"column":25},"end":{"line":49,"column":1}},"14":{"start":{"line":31,"column":33},"end":{"line":35,"column":3}},"15":{"start":{"line":36,"column":25},"end":{"line":47,"column":3}},"16":{"start":{"line":40,"column":6},"end":{"line":45,"column":7}},"17":{"start":{"line":43,"column":8},"end":{"line":43,"column":28}},"18":{"start":{"line":48,"column":2},"end":{"line":48,"column":63}},"19":{"start":{"line":52,"column":32},"end":{"line":52,"column":50}},"20":{"start":{"line":53,"column":36},"end":{"line":53,"column":54}},"21":{"start":{"line":54,"column":29},"end":{"line":54,"column":54}},"22":{"start":{"line":55,"column":34},"end":{"line":55,"column":52}},"23":{"start":{"line":59,"column":2},"end":{"line":170,"column":4}},"24":{"start":{"line":76,"column":14},"end":{"line":76,"column":33}},"25":{"start":{"line":89,"column":36},"end":{"line":89,"column":54}},"26":{"start":{"line":100,"column":14},"end":{"line":100,"column":49}},"27":{"start":{"line":116,"column":14},"end":{"line":116,"column":52}},"28":{"start":{"line":131,"column":14},"end":{"line":131,"column":56}},"29":{"start":{"line":146,"column":14},"end":{"line":156,"column":15}},"30":{"start":{"line":148,"column":21},"end":{"line":156,"column":15}},"31":{"start":{"line":151,"column":16},"end":{"line":155,"column":19}},"32":{"start":{"line":152,"column":39},"end":{"line":152,"column":67}},"33":{"start":{"line":153,"column":18},"end":{"line":153,"column":62}},"34":{"start":{"line":154,"column":18},"end":{"line":154,"column":56}},"35":{"start":{"line":158,"column":36},"end":{"line":158,"column":51}},"36":{"start":{"line":173,"column":15},"end":{"line":231,"column":2}},"37":{"start":{"line":233,"column":24},"end":{"line":233,"column":40}},"38":{"start":{"line":233,"column":35},"end":{"line":233,"column":40}}},"fnMap":{"0":{"name":"RandPic","decl":{"start":{"line":20,"column":9},"end":{"line":20,"column":16}},"loc":{"start":{"line":20,"column":19},"end":{"line":28,"column":1}},"line":20},"1":{"name":"(anonymous_1)","decl":{"start":{"line":30,"column":25},"end":{"line":30,"column":26}},"loc":{"start":{"line":30,"column":49},"end":{"line":49,"column":1}},"line":30},"2":{"name":"(anonymous_2)","decl":{"start":{"line":39,"column":4},"end":{"line":39,"column":5}},"loc":{"start":{"line":39,"column":23},"end":{"line":46,"column":5}},"line":39},"3":{"name":"LoginPage","decl":{"start":{"line":51,"column":9},"end":{"line":51,"column":18}},"loc":{"start":{"line":51,"column":26},"end":{"line":171,"column":1}},"line":51},"4":{"name":"(anonymous_4)","decl":{"start":{"line":75,"column":26},"end":{"line":75,"column":27}},"loc":{"start":{"line":75,"column":36},"end":{"line":78,"column":13}},"line":75},"5":{"name":"(anonymous_5)","decl":{"start":{"line":89,"column":26},"end":{"line":89,"column":27}},"loc":{"start":{"line":89,"column":36},"end":{"line":89,"column":54}},"line":89},"6":{"name":"(anonymous_6)","decl":{"start":{"line":99,"column":21},"end":{"line":99,"column":22}},"loc":{"start":{"line":99,"column":27},"end":{"line":102,"column":13}},"line":99},"7":{"name":"(anonymous_7)","decl":{"start":{"line":115,"column":21},"end":{"line":115,"column":22}},"loc":{"start":{"line":115,"column":27},"end":{"line":117,"column":13}},"line":115},"8":{"name":"(anonymous_8)","decl":{"start":{"line":130,"column":21},"end":{"line":130,"column":22}},"loc":{"start":{"line":130,"column":27},"end":{"line":132,"column":13}},"line":130},"9":{"name":"(anonymous_9)","decl":{"start":{"line":145,"column":29},"end":{"line":145,"column":30}},"loc":{"start":{"line":145,"column":48},"end":{"line":157,"column":13}},"line":145},"10":{"name":"(anonymous_10)","decl":{"start":{"line":151,"column":59},"end":{"line":151,"column":60}},"loc":{"start":{"line":151,"column":69},"end":{"line":155,"column":17}},"line":151},"11":{"name":"(anonymous_11)","decl":{"start":{"line":158,"column":30},"end":{"line":158,"column":31}},"loc":{"start":{"line":158,"column":36},"end":{"line":158,"column":51}},"line":158},"12":{"name":"(anonymous_12)","decl":{"start":{"line":233,"column":24},"end":{"line":233,"column":25}},"loc":{"start":{"line":233,"column":35},"end":{"line":233,"column":40}},"line":233}},"branchMap":{"0":{"loc":{"start":{"line":24,"column":2},"end":{"line":24,"column":35}},"type":"if","locations":[{"start":{"line":24,"column":2},"end":{"line":24,"column":35}},{"start":{"line":24,"column":2},"end":{"line":24,"column":35}}],"line":24},"1":{"loc":{"start":{"line":25,"column":2},"end":{"line":25,"column":35}},"type":"if","locations":[{"start":{"line":25,"column":2},"end":{"line":25,"column":35}},{"start":{"line":25,"column":2},"end":{"line":25,"column":35}}],"line":25},"2":{"loc":{"start":{"line":26,"column":2},"end":{"line":26,"column":33}},"type":"if","locations":[{"start":{"line":26,"column":2},"end":{"line":26,"column":33}},{"start":{"line":26,"column":2},"end":{"line":26,"column":33}}],"line":26},"3":{"loc":{"start":{"line":40,"column":6},"end":{"line":45,"column":7}},"type":"if","locations":[{"start":{"line":40,"column":6},"end":{"line":45,"column":7}},{"start":{"line":40,"column":6},"end":{"line":45,"column":7}}],"line":40},"4":{"loc":{"start":{"line":146,"column":14},"end":{"line":156,"column":15}},"type":"if","locations":[{"start":{"line":146,"column":14},"end":{"line":156,"column":15}},{"start":{"line":146,"column":14},"end":{"line":156,"column":15}}],"line":146},"5":{"loc":{"start":{"line":148,"column":21},"end":{"line":156,"column":15}},"type":"if","locations":[{"start":{"line":148,"column":21},"end":{"line":156,"column":15}},{"start":{"line":148,"column":21},"end":{"line":156,"column":15}}],"line":148},"6":{"loc":{"start":{"line":160,"column":11},"end":{"line":166,"column":11}},"type":"binary-expr","locations":[{"start":{"line":160,"column":11},"end":{"line":160,"column":24}},{"start":{"line":161,"column":10},"end":{"line":165,"column":17}}],"line":160}},"s":{"0":1,"1":1,"2":1,"3":1,"4":0,"5":0,"6":0,"7":0,"8":0,"9":0,"10":0,"11":0,"12":0,"13":1,"14":0,"15":0,"16":0,"17":0,"18":0,"19":0,"20":0,"21":0,"22":0,"23":0,"24":0,"25":0,"26":0,"27":0,"28":0,"29":0,"30":0,"31":0,"32":0,"33":0,"34":0,"35":0,"36":1,"37":1,"38":0},"f":{"0":0,"1":0,"2":0,"3":0,"4":0,"5":0,"6":0,"7":0,"8":0,"9":0,"10":0,"11":0,"12":0},"b":{"0":[0,0],"1":[0,0],"2":[0,0],"3":[0,0],"4":[0,0],"5":[0,0],"6":[0,0]},"_coverageSchema":"1a1c01bbd47fc00a2c39e90264f33305004495a9","hash":"1ee1095bbf9edcee5a4cfbd848623cee87036452"}
,"/home/pantoine/EIP/Strollin/Strollin/Components/Notation.js": {"path":"/home/pantoine/EIP/Strollin/Strollin/Components/Notation.js","statementMap":{"0":{"start":{"line":12,"column":33},"end":{"line":12,"column":51}},"1":{"start":{"line":14,"column":2},"end":{"line":42,"column":4}},"2":{"start":{"line":19,"column":34},"end":{"line":19,"column":53}},"3":{"start":{"line":25,"column":12},"end":{"line":25,"column":31}},"4":{"start":{"line":26,"column":12},"end":{"line":26,"column":50}},"5":{"start":{"line":34,"column":14},"end":{"line":34,"column":52}}},"fnMap":{"0":{"name":"sendMessage","decl":{"start":{"line":7,"column":9},"end":{"line":7,"column":20}},"loc":{"start":{"line":7,"column":28},"end":{"line":9,"column":1}},"line":7},"1":{"name":"Notation","decl":{"start":{"line":11,"column":9},"end":{"line":11,"column":17}},"loc":{"start":{"line":11,"column":25},"end":{"line":43,"column":1}},"line":11},"2":{"name":"(anonymous_2)","decl":{"start":{"line":19,"column":24},"end":{"line":19,"column":25}},"loc":{"start":{"line":19,"column":34},"end":{"line":19,"column":53}},"line":19},"3":{"name":"(anonymous_3)","decl":{"start":{"line":24,"column":19},"end":{"line":24,"column":20}},"loc":{"start":{"line":24,"column":25},"end":{"line":27,"column":11}},"line":24},"4":{"name":"(anonymous_4)","decl":{"start":{"line":33,"column":21},"end":{"line":33,"column":22}},"loc":{"start":{"line":33,"column":27},"end":{"line":35,"column":13}},"line":33}},"branchMap":{},"s":{"0":1,"1":1,"2":0,"3":0,"4":0,"5":0},"f":{"0":0,"1":1,"2":0,"3":0,"4":0},"b":{},"_coverageSchema":"1a1c01bbd47fc00a2c39e90264f33305004495a9","hash":"6f7c09a509be52d163faac0ff1382b7503a21b74"}
,"/home/pantoine/EIP/Strollin/Strollin/Components/PopUpForm.js": {"path":"/home/pantoine/EIP/Strollin/Strollin/Components/PopUpForm.js","statementMap":{"0":{"start":{"line":8,"column":4},"end":{"line":34,"column":6}}},"fnMap":{"0":{"name":"(anonymous_0)","decl":{"start":{"line":7,"column":2},"end":{"line":7,"column":3}},"loc":{"start":{"line":7,"column":11},"end":{"line":35,"column":3}},"line":7},"1":{"name":"(anonymous_1)","decl":{"start":{"line":24,"column":19},"end":{"line":24,"column":20}},"loc":{"start":{"line":24,"column":25},"end":{"line":25,"column":11}},"line":24},"2":{"name":"(anonymous_2)","decl":{"start":{"line":29,"column":19},"end":{"line":29,"column":20}},"loc":{"start":{"line":29,"column":25},"end":{"line":30,"column":11}},"line":29}},"branchMap":{},"s":{"0":1},"f":{"0":1,"1":0,"2":0},"b":{},"_coverageSchema":"1a1c01bbd47fc00a2c39e90264f33305004495a9","hash":"96816662279af9eb00ce28ae7b96a708cd7c00d2"}
,"/home/pantoine/EIP/Strollin/Strollin/Components/ProfileScreen.js": {"path":"/home/pantoine/EIP/Strollin/Strollin/Components/ProfileScreen.js","statementMap":{"0":{"start":{"line":10,"column":21},"end":{"line":10,"column":57}},"1":{"start":{"line":13,"column":13},"end":{"line":13,"column":20}},"2":{"start":{"line":15,"column":2},"end":{"line":17,"column":3}},"3":{"start":{"line":15,"column":15},"end":{"line":15,"column":16}},"4":{"start":{"line":16,"column":4},"end":{"line":16,"column":27}},"5":{"start":{"line":18,"column":2},"end":{"line":18,"column":14}},"6":{"start":{"line":23,"column":15},"end":{"line":23,"column":35}},"7":{"start":{"line":25,"column":2},"end":{"line":36,"column":25}},"8":{"start":{"line":26,"column":4},"end":{"line":26,"column":21}},"9":{"start":{"line":27,"column":4},"end":{"line":35,"column":7}},"10":{"start":{"line":29,"column":8},"end":{"line":33,"column":10}},"11":{"start":{"line":32,"column":25},"end":{"line":32,"column":63}},"12":{"start":{"line":38,"column":2},"end":{"line":131,"column":4}},"13":{"start":{"line":44,"column":25},"end":{"line":44,"column":62}},"14":{"start":{"line":55,"column":25},"end":{"line":55,"column":66}},"15":{"start":{"line":66,"column":25},"end":{"line":66,"column":68}},"16":{"start":{"line":77,"column":25},"end":{"line":77,"column":64}},"17":{"start":{"line":88,"column":25},"end":{"line":88,"column":61}},"18":{"start":{"line":127,"column":25},"end":{"line":127,"column":66}},"19":{"start":{"line":134,"column":15},"end":{"line":193,"column":2}},"20":{"start":{"line":195,"column":24},"end":{"line":195,"column":40}},"21":{"start":{"line":195,"column":35},"end":{"line":195,"column":40}}},"fnMap":{"0":{"name":"ParseTags","decl":{"start":{"line":12,"column":9},"end":{"line":12,"column":18}},"loc":{"start":{"line":12,"column":25},"end":{"line":19,"column":1}},"line":12},"1":{"name":"ProfileScreen","decl":{"start":{"line":21,"column":9},"end":{"line":21,"column":22}},"loc":{"start":{"line":21,"column":30},"end":{"line":132,"column":1}},"line":21},"2":{"name":"(anonymous_2)","decl":{"start":{"line":25,"column":24},"end":{"line":25,"column":25}},"loc":{"start":{"line":25,"column":30},"end":{"line":36,"column":3}},"line":25},"3":{"name":"(anonymous_3)","decl":{"start":{"line":28,"column":19},"end":{"line":28,"column":20}},"loc":{"start":{"line":29,"column":8},"end":{"line":33,"column":10}},"line":29},"4":{"name":"(anonymous_4)","decl":{"start":{"line":32,"column":19},"end":{"line":32,"column":20}},"loc":{"start":{"line":32,"column":25},"end":{"line":32,"column":63}},"line":32},"5":{"name":"(anonymous_5)","decl":{"start":{"line":44,"column":19},"end":{"line":44,"column":20}},"loc":{"start":{"line":44,"column":25},"end":{"line":44,"column":62}},"line":44},"6":{"name":"(anonymous_6)","decl":{"start":{"line":55,"column":19},"end":{"line":55,"column":20}},"loc":{"start":{"line":55,"column":25},"end":{"line":55,"column":66}},"line":55},"7":{"name":"(anonymous_7)","decl":{"start":{"line":66,"column":19},"end":{"line":66,"column":20}},"loc":{"start":{"line":66,"column":25},"end":{"line":66,"column":68}},"line":66},"8":{"name":"(anonymous_8)","decl":{"start":{"line":77,"column":19},"end":{"line":77,"column":20}},"loc":{"start":{"line":77,"column":25},"end":{"line":77,"column":64}},"line":77},"9":{"name":"(anonymous_9)","decl":{"start":{"line":88,"column":19},"end":{"line":88,"column":20}},"loc":{"start":{"line":88,"column":25},"end":{"line":88,"column":61}},"line":88},"10":{"name":"(anonymous_10)","decl":{"start":{"line":127,"column":19},"end":{"line":127,"column":20}},"loc":{"start":{"line":127,"column":25},"end":{"line":127,"column":66}},"line":127},"11":{"name":"(anonymous_11)","decl":{"start":{"line":195,"column":24},"end":{"line":195,"column":25}},"loc":{"start":{"line":195,"column":35},"end":{"line":195,"column":40}},"line":195}},"branchMap":{},"s":{"0":1,"1":0,"2":0,"3":0,"4":0,"5":0,"6":0,"7":0,"8":0,"9":0,"10":0,"11":0,"12":0,"13":0,"14":0,"15":0,"16":0,"17":0,"18":0,"19":1,"20":1,"21":0},"f":{"0":0,"1":0,"2":0,"3":0,"4":0,"5":0,"6":0,"7":0,"8":0,"9":0,"10":0,"11":0},"b":{},"_coverageSchema":"1a1c01bbd47fc00a2c39e90264f33305004495a9","hash":"94f200f14d7bf1e5743a96fb0cd147f8c05e56c4"}
,"/home/pantoine/EIP/Strollin/Strollin/Components/Socket.js": {"path":"/home/pantoine/EIP/Strollin/Strollin/Components/Socket.js","statementMap":{"0":{"start":{"line":9,"column":22},"end":{"line":9,"column":37}},"1":{"start":{"line":10,"column":17},"end":{"line":10,"column":45}},"2":{"start":{"line":16,"column":23},"end":{"line":29,"column":1}},"3":{"start":{"line":17,"column":2},"end":{"line":28,"column":3}},"4":{"start":{"line":18,"column":20},"end":{"line":18,"column":63}},"5":{"start":{"line":20,"column":4},"end":{"line":25,"column":5}},"6":{"start":{"line":21,"column":6},"end":{"line":21,"column":40}},"7":{"start":{"line":23,"column":21},"end":{"line":23,"column":59}},"8":{"start":{"line":24,"column":6},"end":{"line":24,"column":23}},"9":{"start":{"line":32,"column":30},"end":{"line":32,"column":44}},"10":{"start":{"line":34,"column":16},"end":{"line":34,"column":32}},"11":{"start":{"line":36,"column":2},"end":{"line":38,"column":3}},"12":{"start":{"line":37,"column":4},"end":{"line":37,"column":40}},"13":{"start":{"line":40,"column":2},"end":{"line":43,"column":3}},"14":{"start":{"line":41,"column":4},"end":{"line":41,"column":29}},"15":{"start":{"line":45,"column":2},"end":{"line":76,"column":15}},"16":{"start":{"line":46,"column":4},"end":{"line":75,"column":5}},"17":{"start":{"line":47,"column":6},"end":{"line":59,"column":9}},"18":{"start":{"line":50,"column":21},"end":{"line":50,"column":57}},"19":{"start":{"line":51,"column":6},"end":{"line":51,"column":29}},"20":{"start":{"line":53,"column":22},"end":{"line":56,"column":7}},"21":{"start":{"line":57,"column":6},"end":{"line":57,"column":30}},"22":{"start":{"line":60,"column":6},"end":{"line":62,"column":9}},"23":{"start":{"line":63,"column":6},"end":{"line":74,"column":9}},"24":{"start":{"line":64,"column":22},"end":{"line":64,"column":38}},"25":{"start":{"line":68,"column":23},"end":{"line":68,"column":64}},"26":{"start":{"line":69,"column":8},"end":{"line":69,"column":31}},"27":{"start":{"line":70,"column":24},"end":{"line":70,"column":68}},"28":{"start":{"line":71,"column":8},"end":{"line":71,"column":32}},"29":{"start":{"line":72,"column":24},"end":{"line":72,"column":67}},"30":{"start":{"line":73,"column":8},"end":{"line":73,"column":32}},"31":{"start":{"line":78,"column":2},"end":{"line":85,"column":27}},"32":{"start":{"line":79,"column":4},"end":{"line":83,"column":5}},"33":{"start":{"line":81,"column":6},"end":{"line":81,"column":66}},"34":{"start":{"line":82,"column":6},"end":{"line":82,"column":48}},"35":{"start":{"line":87,"column":22},"end":{"line":93,"column":3}},"36":{"start":{"line":91,"column":4},"end":{"line":92,"column":96}},"37":{"start":{"line":95,"column":29},"end":{"line":105,"column":3}},"38":{"start":{"line":97,"column":19},"end":{"line":97,"column":38}},"39":{"start":{"line":99,"column":4},"end":{"line":102,"column":5}},"40":{"start":{"line":100,"column":16},"end":{"line":100,"column":74}},"41":{"start":{"line":101,"column":6},"end":{"line":101,"column":22}},"42":{"start":{"line":103,"column":17},"end":{"line":103,"column":106}},"43":{"start":{"line":104,"column":4},"end":{"line":104,"column":46}},"44":{"start":{"line":107,"column":2},"end":{"line":111,"column":4}},"45":{"start":{"line":114,"column":29},"end":{"line":114,"column":60}},"46":{"start":{"line":114,"column":35},"end":{"line":114,"column":60}},"47":{"start":{"line":116,"column":24},"end":{"line":116,"column":40}},"48":{"start":{"line":116,"column":35},"end":{"line":116,"column":40}}},"fnMap":{"0":{"name":"(anonymous_0)","decl":{"start":{"line":16,"column":23},"end":{"line":16,"column":24}},"loc":{"start":{"line":16,"column":43},"end":{"line":29,"column":1}},"line":16},"1":{"name":"Socket","decl":{"start":{"line":31,"column":9},"end":{"line":31,"column":15}},"loc":{"start":{"line":31,"column":46},"end":{"line":112,"column":1}},"line":31},"2":{"name":"(anonymous_2)","decl":{"start":{"line":45,"column":12},"end":{"line":45,"column":13}},"loc":{"start":{"line":45,"column":18},"end":{"line":76,"column":3}},"line":45},"3":{"name":"(anonymous_3)","decl":{"start":{"line":47,"column":34},"end":{"line":47,"column":35}},"loc":{"start":{"line":47,"column":44},"end":{"line":59,"column":7}},"line":47},"4":{"name":"(anonymous_4)","decl":{"start":{"line":60,"column":34},"end":{"line":60,"column":35}},"loc":{"start":{"line":60,"column":44},"end":{"line":62,"column":7}},"line":60},"5":{"name":"(anonymous_5)","decl":{"start":{"line":63,"column":35},"end":{"line":63,"column":36}},"loc":{"start":{"line":63,"column":45},"end":{"line":74,"column":7}},"line":63},"6":{"name":"(anonymous_6)","decl":{"start":{"line":78,"column":12},"end":{"line":78,"column":13}},"loc":{"start":{"line":78,"column":18},"end":{"line":85,"column":3}},"line":78},"7":{"name":"(anonymous_7)","decl":{"start":{"line":87,"column":22},"end":{"line":87,"column":23}},"loc":{"start":{"line":87,"column":35},"end":{"line":93,"column":3}},"line":87},"8":{"name":"(anonymous_8)","decl":{"start":{"line":95,"column":29},"end":{"line":95,"column":30}},"loc":{"start":{"line":95,"column":49},"end":{"line":105,"column":3}},"line":95},"9":{"name":"(anonymous_9)","decl":{"start":{"line":114,"column":29},"end":{"line":114,"column":30}},"loc":{"start":{"line":114,"column":35},"end":{"line":114,"column":60}},"line":114},"10":{"name":"(anonymous_10)","decl":{"start":{"line":116,"column":24},"end":{"line":116,"column":25}},"loc":{"start":{"line":116,"column":35},"end":{"line":116,"column":40}},"line":116}},"branchMap":{"0":{"loc":{"start":{"line":20,"column":4},"end":{"line":25,"column":5}},"type":"if","locations":[{"start":{"line":20,"column":4},"end":{"line":25,"column":5}},{"start":{"line":20,"column":4},"end":{"line":25,"column":5}}],"line":20},"1":{"loc":{"start":{"line":36,"column":2},"end":{"line":38,"column":3}},"type":"if","locations":[{"start":{"line":36,"column":2},"end":{"line":38,"column":3}},{"start":{"line":36,"column":2},"end":{"line":38,"column":3}}],"line":36},"2":{"loc":{"start":{"line":40,"column":2},"end":{"line":43,"column":3}},"type":"if","locations":[{"start":{"line":40,"column":2},"end":{"line":43,"column":3}},{"start":{"line":40,"column":2},"end":{"line":43,"column":3}}],"line":40},"3":{"loc":{"start":{"line":46,"column":4},"end":{"line":75,"column":5}},"type":"if","locations":[{"start":{"line":46,"column":4},"end":{"line":75,"column":5}},{"start":{"line":46,"column":4},"end":{"line":75,"column":5}}],"line":46},"4":{"loc":{"start":{"line":79,"column":4},"end":{"line":83,"column":5}},"type":"if","locations":[{"start":{"line":79,"column":4},"end":{"line":83,"column":5}},{"start":{"line":79,"column":4},"end":{"line":83,"column":5}}],"line":79}},"s":{"0":1,"1":1,"2":1,"3":0,"4":0,"5":0,"6":0,"7":0,"8":0,"9":0,"10":0,"11":0,"12":0,"13":0,"14":0,"15":0,"16":0,"17":0,"18":0,"19":0,"20":0,"21":0,"22":0,"23":0,"24":0,"25":0,"26":0,"27":0,"28":0,"29":0,"30":0,"31":0,"32":0,"33":0,"34":0,"35":0,"36":0,"37":0,"38":0,"39":0,"40":0,"41":0,"42":0,"43":0,"44":0,"45":1,"46":0,"47":1,"48":0},"f":{"0":0,"1":0,"2":0,"3":0,"4":0,"5":0,"6":0,"7":0,"8":0,"9":0,"10":0},"b":{"0":[0,0],"1":[0,0],"2":[0,0],"3":[0,0],"4":[0,0]},"_coverageSchema":"1a1c01bbd47fc00a2c39e90264f33305004495a9","hash":"a9e9e9ec13639029a7bccd9307aaf5c97c8e51f9"}
,"/home/pantoine/EIP/Strollin/Strollin/Components/TagSelection.js": {"path":"/home/pantoine/EIP/Strollin/Strollin/Components/TagSelection.js","statementMap":{"0":{"start":{"line":12,"column":20},"end":{"line":12,"column":52}},"1":{"start":{"line":15,"column":32},"end":{"line":15,"column":47}},"2":{"start":{"line":17,"column":2},"end":{"line":38,"column":4}},"3":{"start":{"line":24,"column":10},"end":{"line":24,"column":31}},"4":{"start":{"line":33,"column":10},"end":{"line":33,"column":31}},"5":{"start":{"line":42,"column":15},"end":{"line":62,"column":3}},"6":{"start":{"line":64,"column":2},"end":{"line":178,"column":4}},"7":{"start":{"line":163,"column":14},"end":{"line":163,"column":61}},"8":{"start":{"line":168,"column":27},"end":{"line":168,"column":57}},"9":{"start":{"line":181,"column":24},"end":{"line":181,"column":40}},"10":{"start":{"line":181,"column":35},"end":{"line":181,"column":40}},"11":{"start":{"line":185,"column":15},"end":{"line":220,"column":2}}},"fnMap":{"0":{"name":"Tag","decl":{"start":{"line":14,"column":9},"end":{"line":14,"column":12}},"loc":{"start":{"line":14,"column":23},"end":{"line":39,"column":1}},"line":14},"1":{"name":"(anonymous_1)","decl":{"start":{"line":23,"column":17},"end":{"line":23,"column":18}},"loc":{"start":{"line":23,"column":23},"end":{"line":25,"column":9}},"line":23},"2":{"name":"(anonymous_2)","decl":{"start":{"line":32,"column":17},"end":{"line":32,"column":18}},"loc":{"start":{"line":32,"column":23},"end":{"line":34,"column":9}},"line":32},"3":{"name":"TageSelection","decl":{"start":{"line":41,"column":9},"end":{"line":41,"column":22}},"loc":{"start":{"line":41,"column":47},"end":{"line":179,"column":1}},"line":41},"4":{"name":"(anonymous_4)","decl":{"start":{"line":162,"column":24},"end":{"line":162,"column":25}},"loc":{"start":{"line":163,"column":14},"end":{"line":163,"column":61}},"line":163},"5":{"name":"(anonymous_5)","decl":{"start":{"line":168,"column":21},"end":{"line":168,"column":22}},"loc":{"start":{"line":168,"column":27},"end":{"line":168,"column":57}},"line":168},"6":{"name":"(anonymous_6)","decl":{"start":{"line":181,"column":24},"end":{"line":181,"column":25}},"loc":{"start":{"line":181,"column":35},"end":{"line":181,"column":40}},"line":181}},"branchMap":{"0":{"loc":{"start":{"line":19,"column":7},"end":{"line":27,"column":7}},"type":"binary-expr","locations":[{"start":{"line":19,"column":7},"end":{"line":19,"column":24}},{"start":{"line":20,"column":6},"end":{"line":26,"column":8}}],"line":19},"1":{"loc":{"start":{"line":28,"column":7},"end":{"line":36,"column":7}},"type":"binary-expr","locations":[{"start":{"line":28,"column":7},"end":{"line":28,"column":23}},{"start":{"line":29,"column":6},"end":{"line":35,"column":8}}],"line":28}},"s":{"0":1,"1":0,"2":0,"3":0,"4":0,"5":0,"6":0,"7":0,"8":0,"9":1,"10":0,"11":1},"f":{"0":0,"1":0,"2":0,"3":0,"4":0,"5":0,"6":0},"b":{"0":[0,0],"1":[0,0]},"_coverageSchema":"1a1c01bbd47fc00a2c39e90264f33305004495a9","hash":"be081c15e0b018c3eeccc34c0108ee47bd7b5f1e"}
,"/home/pantoine/EIP/Strollin/Strollin/Components/TendanceSearchBar.js": {"path":"/home/pantoine/EIP/Strollin/Strollin/Components/TendanceSearchBar.js","statementMap":{"0":{"start":{"line":8,"column":34},"end":{"line":8,"column":46}},"1":{"start":{"line":10,"column":2},"end":{"line":30,"column":4}},"2":{"start":{"line":17,"column":36},"end":{"line":17,"column":53}},"3":{"start":{"line":24,"column":12},"end":{"line":24,"column":36}},"4":{"start":{"line":25,"column":12},"end":{"line":25,"column":28}},"5":{"start":{"line":33,"column":15},"end":{"line":54,"column":2}}},"fnMap":{"0":{"name":"SearchBar","decl":{"start":{"line":7,"column":9},"end":{"line":7,"column":18}},"loc":{"start":{"line":7,"column":26},"end":{"line":31,"column":1}},"line":7},"1":{"name":"(anonymous_1)","decl":{"start":{"line":17,"column":26},"end":{"line":17,"column":27}},"loc":{"start":{"line":17,"column":36},"end":{"line":17,"column":53}},"line":17},"2":{"name":"(anonymous_2)","decl":{"start":{"line":23,"column":19},"end":{"line":23,"column":20}},"loc":{"start":{"line":23,"column":25},"end":{"line":26,"column":11}},"line":23}},"branchMap":{},"s":{"0":1,"1":1,"2":0,"3":0,"4":0,"5":2},"f":{"0":1,"1":0,"2":0},"b":{},"_coverageSchema":"1a1c01bbd47fc00a2c39e90264f33305004495a9","hash":"504d1beca7dd4e3d741824a9e01cc6807a6848f4"}
,"/home/pantoine/EIP/Strollin/Strollin/Components/TripNavigation.js": {"path":"/home/pantoine/EIP/Strollin/Strollin/Components/TripNavigation.js","statementMap":{"0":{"start":{"line":15,"column":38},"end":{"line":15,"column":53}},"1":{"start":{"line":17,"column":2},"end":{"line":30,"column":9}},"2":{"start":{"line":18,"column":23},"end":{"line":22,"column":5}},"3":{"start":{"line":19,"column":6},"end":{"line":19,"column":45}},"4":{"start":{"line":20,"column":6},"end":{"line":20,"column":26}},"5":{"start":{"line":21,"column":6},"end":{"line":21,"column":18}},"6":{"start":{"line":24,"column":24},"end":{"line":27,"column":5}},"7":{"start":{"line":29,"column":4},"end":{"line":29,"column":38}},"8":{"start":{"line":29,"column":17},"end":{"line":29,"column":37}},"9":{"start":{"line":32,"column":2},"end":{"line":47,"column":9}},"10":{"start":{"line":33,"column":33},"end":{"line":40,"column":5}},"11":{"start":{"line":34,"column":6},"end":{"line":39,"column":7}},"12":{"start":{"line":35,"column":8},"end":{"line":35,"column":47}},"13":{"start":{"line":36,"column":8},"end":{"line":36,"column":28}},"14":{"start":{"line":38,"column":8},"end":{"line":38,"column":29}},"15":{"start":{"line":42,"column":4},"end":{"line":42,"column":62}},"16":{"start":{"line":44,"column":4},"end":{"line":46,"column":6}},"17":{"start":{"line":45,"column":6},"end":{"line":45,"column":67}},"18":{"start":{"line":49,"column":24},"end":{"line":49,"column":33}},"19":{"start":{"line":51,"column":20},"end":{"line":54,"column":3}},"20":{"start":{"line":56,"column":30},"end":{"line":59,"column":3}},"21":{"start":{"line":61,"column":2},"end":{"line":151,"column":4}},"22":{"start":{"line":66,"column":25},"end":{"line":66,"column":62}},"23":{"start":{"line":77,"column":25},"end":{"line":77,"column":66}},"24":{"start":{"line":88,"column":25},"end":{"line":88,"column":68}},"25":{"start":{"line":99,"column":25},"end":{"line":99,"column":64}},"26":{"start":{"line":110,"column":25},"end":{"line":110,"column":61}},"27":{"start":{"line":126,"column":31},"end":{"line":126,"column":73}},"28":{"start":{"line":127,"column":16},"end":{"line":127,"column":39}},"29":{"start":{"line":128,"column":16},"end":{"line":128,"column":54}},"30":{"start":{"line":154,"column":24},"end":{"line":154,"column":40}},"31":{"start":{"line":154,"column":35},"end":{"line":154,"column":40}},"32":{"start":{"line":157,"column":15},"end":{"line":187,"column":2}}},"fnMap":{"0":{"name":"TripNavigation","decl":{"start":{"line":14,"column":9},"end":{"line":14,"column":23}},"loc":{"start":{"line":14,"column":31},"end":{"line":152,"column":1}},"line":14},"1":{"name":"(anonymous_1)","decl":{"start":{"line":17,"column":12},"end":{"line":17,"column":13}},"loc":{"start":{"line":17,"column":18},"end":{"line":30,"column":3}},"line":17},"2":{"name":"(anonymous_2)","decl":{"start":{"line":18,"column":23},"end":{"line":18,"column":24}},"loc":{"start":{"line":18,"column":29},"end":{"line":22,"column":5}},"line":18},"3":{"name":"(anonymous_3)","decl":{"start":{"line":29,"column":11},"end":{"line":29,"column":12}},"loc":{"start":{"line":29,"column":17},"end":{"line":29,"column":37}},"line":29},"4":{"name":"(anonymous_4)","decl":{"start":{"line":32,"column":12},"end":{"line":32,"column":13}},"loc":{"start":{"line":32,"column":18},"end":{"line":47,"column":3}},"line":32},"5":{"name":"(anonymous_5)","decl":{"start":{"line":33,"column":33},"end":{"line":33,"column":34}},"loc":{"start":{"line":33,"column":51},"end":{"line":40,"column":5}},"line":33},"6":{"name":"(anonymous_6)","decl":{"start":{"line":44,"column":11},"end":{"line":44,"column":12}},"loc":{"start":{"line":44,"column":17},"end":{"line":46,"column":5}},"line":44},"7":{"name":"(anonymous_7)","decl":{"start":{"line":66,"column":19},"end":{"line":66,"column":20}},"loc":{"start":{"line":66,"column":25},"end":{"line":66,"column":62}},"line":66},"8":{"name":"(anonymous_8)","decl":{"start":{"line":77,"column":19},"end":{"line":77,"column":20}},"loc":{"start":{"line":77,"column":25},"end":{"line":77,"column":66}},"line":77},"9":{"name":"(anonymous_9)","decl":{"start":{"line":88,"column":19},"end":{"line":88,"column":20}},"loc":{"start":{"line":88,"column":25},"end":{"line":88,"column":68}},"line":88},"10":{"name":"(anonymous_10)","decl":{"start":{"line":99,"column":19},"end":{"line":99,"column":20}},"loc":{"start":{"line":99,"column":25},"end":{"line":99,"column":64}},"line":99},"11":{"name":"(anonymous_11)","decl":{"start":{"line":110,"column":19},"end":{"line":110,"column":20}},"loc":{"start":{"line":110,"column":25},"end":{"line":110,"column":61}},"line":110},"12":{"name":"(anonymous_12)","decl":{"start":{"line":125,"column":23},"end":{"line":125,"column":24}},"loc":{"start":{"line":125,"column":29},"end":{"line":129,"column":15}},"line":125},"13":{"name":"(anonymous_13)","decl":{"start":{"line":154,"column":24},"end":{"line":154,"column":25}},"loc":{"start":{"line":154,"column":35},"end":{"line":154,"column":40}},"line":154}},"branchMap":{"0":{"loc":{"start":{"line":34,"column":6},"end":{"line":39,"column":7}},"type":"if","locations":[{"start":{"line":34,"column":6},"end":{"line":39,"column":7}},{"start":{"line":34,"column":6},"end":{"line":39,"column":7}}],"line":34}},"s":{"0":0,"1":0,"2":0,"3":0,"4":0,"5":0,"6":0,"7":0,"8":0,"9":0,"10":0,"11":0,"12":0,"13":0,"14":0,"15":0,"16":0,"17":0,"18":0,"19":0,"20":0,"21":0,"22":0,"23":0,"24":0,"25":0,"26":0,"27":0,"28":0,"29":0,"30":1,"31":0,"32":1},"f":{"0":0,"1":0,"2":0,"3":0,"4":0,"5":0,"6":0,"7":0,"8":0,"9":0,"10":0,"11":0,"12":0,"13":0},"b":{"0":[0,0]},"_coverageSchema":"1a1c01bbd47fc00a2c39e90264f33305004495a9","hash":"d19c450266fb0e273090e7df5a02f17a22777b7b"}
,"/home/pantoine/EIP/Strollin/Strollin/Components/TripSuggestion.js": {"path":"/home/pantoine/EIP/Strollin/Strollin/Components/TripSuggestion.js","statementMap":{"0":{"start":{"line":14,"column":23},"end":{"line":35,"column":3}},"1":{"start":{"line":37,"column":23},"end":{"line":58,"column":3}},"2":{"start":{"line":60,"column":23},"end":{"line":81,"column":3}},"3":{"start":{"line":83,"column":25},"end":{"line":87,"column":3}},"4":{"start":{"line":89,"column":15},"end":{"line":89,"column":56}},"5":{"start":{"line":91,"column":2},"end":{"line":91,"column":30}},"6":{"start":{"line":95,"column":2},"end":{"line":107,"column":25}},"7":{"start":{"line":96,"column":4},"end":{"line":106,"column":7}},"8":{"start":{"line":109,"column":36},"end":{"line":109,"column":61}},"9":{"start":{"line":111,"column":2},"end":{"line":118,"column":18}},"10":{"start":{"line":112,"column":4},"end":{"line":112,"column":36}},"11":{"start":{"line":114,"column":4},"end":{"line":117,"column":5}},"12":{"start":{"line":114,"column":17},"end":{"line":114,"column":18}},"13":{"start":{"line":115,"column":6},"end":{"line":115,"column":33}},"14":{"start":{"line":116,"column":6},"end":{"line":116,"column":35}},"15":{"start":{"line":120,"column":20},"end":{"line":123,"column":3}},"16":{"start":{"line":125,"column":2},"end":{"line":250,"column":4}},"17":{"start":{"line":131,"column":25},"end":{"line":131,"column":62}},"18":{"start":{"line":142,"column":25},"end":{"line":142,"column":66}},"19":{"start":{"line":153,"column":25},"end":{"line":153,"column":68}},"20":{"start":{"line":164,"column":25},"end":{"line":164,"column":64}},"21":{"start":{"line":175,"column":25},"end":{"line":175,"column":61}},"22":{"start":{"line":233,"column":29},"end":{"line":233,"column":58}},"23":{"start":{"line":241,"column":31},"end":{"line":241,"column":74}},"24":{"start":{"line":242,"column":16},"end":{"line":242,"column":39}},"25":{"start":{"line":243,"column":16},"end":{"line":243,"column":60}},"26":{"start":{"line":253,"column":24},"end":{"line":253,"column":40}},"27":{"start":{"line":253,"column":35},"end":{"line":253,"column":40}},"28":{"start":{"line":257,"column":15},"end":{"line":292,"column":2}}},"fnMap":{"0":{"name":"getNavigation","decl":{"start":{"line":13,"column":9},"end":{"line":13,"column":22}},"loc":{"start":{"line":13,"column":25},"end":{"line":92,"column":1}},"line":13},"1":{"name":"TripSuggestion","decl":{"start":{"line":94,"column":9},"end":{"line":94,"column":23}},"loc":{"start":{"line":94,"column":31},"end":{"line":251,"column":1}},"line":94},"2":{"name":"(anonymous_2)","decl":{"start":{"line":95,"column":24},"end":{"line":95,"column":25}},"loc":{"start":{"line":95,"column":30},"end":{"line":107,"column":3}},"line":95},"3":{"name":"(anonymous_3)","decl":{"start":{"line":111,"column":12},"end":{"line":111,"column":13}},"loc":{"start":{"line":111,"column":18},"end":{"line":118,"column":3}},"line":111},"4":{"name":"(anonymous_4)","decl":{"start":{"line":131,"column":19},"end":{"line":131,"column":20}},"loc":{"start":{"line":131,"column":25},"end":{"line":131,"column":62}},"line":131},"5":{"name":"(anonymous_5)","decl":{"start":{"line":142,"column":19},"end":{"line":142,"column":20}},"loc":{"start":{"line":142,"column":25},"end":{"line":142,"column":66}},"line":142},"6":{"name":"(anonymous_6)","decl":{"start":{"line":153,"column":19},"end":{"line":153,"column":20}},"loc":{"start":{"line":153,"column":25},"end":{"line":153,"column":68}},"line":153},"7":{"name":"(anonymous_7)","decl":{"start":{"line":164,"column":19},"end":{"line":164,"column":20}},"loc":{"start":{"line":164,"column":25},"end":{"line":164,"column":64}},"line":164},"8":{"name":"(anonymous_8)","decl":{"start":{"line":175,"column":19},"end":{"line":175,"column":20}},"loc":{"start":{"line":175,"column":25},"end":{"line":175,"column":61}},"line":175},"9":{"name":"(anonymous_9)","decl":{"start":{"line":233,"column":23},"end":{"line":233,"column":24}},"loc":{"start":{"line":233,"column":29},"end":{"line":233,"column":58}},"line":233},"10":{"name":"(anonymous_10)","decl":{"start":{"line":240,"column":23},"end":{"line":240,"column":24}},"loc":{"start":{"line":240,"column":29},"end":{"line":244,"column":15}},"line":240},"11":{"name":"(anonymous_11)","decl":{"start":{"line":253,"column":24},"end":{"line":253,"column":25}},"loc":{"start":{"line":253,"column":35},"end":{"line":253,"column":40}},"line":253}},"branchMap":{},"s":{"0":0,"1":0,"2":0,"3":0,"4":0,"5":0,"6":0,"7":0,"8":0,"9":0,"10":0,"11":0,"12":0,"13":0,"14":0,"15":0,"16":0,"17":0,"18":0,"19":0,"20":0,"21":0,"22":0,"23":0,"24":0,"25":0,"26":1,"27":0,"28":1},"f":{"0":0,"1":0,"2":0,"3":0,"4":0,"5":0,"6":0,"7":0,"8":0,"9":0,"10":0,"11":0},"b":{},"_coverageSchema":"1a1c01bbd47fc00a2c39e90264f33305004495a9","hash":"34cb3c720576d8f2fcc66ab6d4f53bcc9826cff6"}
,"/home/pantoine/EIP/Strollin/Strollin/Components/UserRegister.js": {"path":"/home/pantoine/EIP/Strollin/Strollin/Components/UserRegister.js","statementMap":{"0":{"start":{"line":19,"column":25},"end":{"line":38,"column":1}},"1":{"start":{"line":20,"column":33},"end":{"line":24,"column":3}},"2":{"start":{"line":25,"column":25},"end":{"line":36,"column":3}},"3":{"start":{"line":29,"column":6},"end":{"line":34,"column":7}},"4":{"start":{"line":32,"column":8},"end":{"line":32,"column":28}},"5":{"start":{"line":37,"column":2},"end":{"line":37,"column":63}},"6":{"start":{"line":41,"column":36},"end":{"line":41,"column":48}},"7":{"start":{"line":42,"column":42},"end":{"line":42,"column":54}},"8":{"start":{"line":43,"column":56},"end":{"line":43,"column":68}},"9":{"start":{"line":44,"column":30},"end":{"line":44,"column":42}},"10":{"start":{"line":45,"column":42},"end":{"line":45,"column":54}},"11":{"start":{"line":46,"column":34},"end":{"line":46,"column":52}},"12":{"start":{"line":48,"column":32},"end":{"line":48,"column":47}},"13":{"start":{"line":56,"column":2},"end":{"line":67,"column":3}},"14":{"start":{"line":57,"column":4},"end":{"line":66,"column":6}},"15":{"start":{"line":68,"column":2},"end":{"line":188,"column":4}},"16":{"start":{"line":89,"column":14},"end":{"line":89,"column":35}},"17":{"start":{"line":102,"column":14},"end":{"line":102,"column":38}},"18":{"start":{"line":116,"column":14},"end":{"line":116,"column":41}},"19":{"start":{"line":130,"column":14},"end":{"line":130,"column":48}},"20":{"start":{"line":137,"column":14},"end":{"line":139,"column":15}},"21":{"start":{"line":138,"column":16},"end":{"line":138,"column":69}},"22":{"start":{"line":155,"column":14},"end":{"line":165,"column":15}},"23":{"start":{"line":157,"column":21},"end":{"line":165,"column":15}},"24":{"start":{"line":160,"column":16},"end":{"line":164,"column":19}},"25":{"start":{"line":161,"column":39},"end":{"line":161,"column":67}},"26":{"start":{"line":162,"column":18},"end":{"line":162,"column":62}},"27":{"start":{"line":163,"column":18},"end":{"line":163,"column":60}},"28":{"start":{"line":167,"column":36},"end":{"line":167,"column":51}},"29":{"start":{"line":183,"column":27},"end":{"line":183,"column":65}},"30":{"start":{"line":191,"column":15},"end":{"line":234,"column":2}},"31":{"start":{"line":237,"column":24},"end":{"line":237,"column":40}},"32":{"start":{"line":237,"column":35},"end":{"line":237,"column":40}}},"fnMap":{"0":{"name":"(anonymous_0)","decl":{"start":{"line":19,"column":25},"end":{"line":19,"column":26}},"loc":{"start":{"line":19,"column":49},"end":{"line":38,"column":1}},"line":19},"1":{"name":"(anonymous_1)","decl":{"start":{"line":28,"column":4},"end":{"line":28,"column":5}},"loc":{"start":{"line":28,"column":23},"end":{"line":35,"column":5}},"line":28},"2":{"name":"UserRegister","decl":{"start":{"line":40,"column":9},"end":{"line":40,"column":21}},"loc":{"start":{"line":40,"column":29},"end":{"line":189,"column":1}},"line":40},"3":{"name":"(anonymous_3)","decl":{"start":{"line":87,"column":26},"end":{"line":87,"column":27}},"loc":{"start":{"line":87,"column":41},"end":{"line":90,"column":13}},"line":87},"4":{"name":"(anonymous_4)","decl":{"start":{"line":100,"column":26},"end":{"line":100,"column":27}},"loc":{"start":{"line":100,"column":41},"end":{"line":103,"column":13}},"line":100},"5":{"name":"(anonymous_5)","decl":{"start":{"line":114,"column":26},"end":{"line":114,"column":27}},"loc":{"start":{"line":114,"column":41},"end":{"line":117,"column":13}},"line":114},"6":{"name":"(anonymous_6)","decl":{"start":{"line":128,"column":26},"end":{"line":128,"column":27}},"loc":{"start":{"line":128,"column":41},"end":{"line":131,"column":13}},"line":128},"7":{"name":"(anonymous_7)","decl":{"start":{"line":136,"column":21},"end":{"line":136,"column":22}},"loc":{"start":{"line":136,"column":27},"end":{"line":141,"column":13}},"line":136},"8":{"name":"(anonymous_8)","decl":{"start":{"line":154,"column":29},"end":{"line":154,"column":30}},"loc":{"start":{"line":154,"column":48},"end":{"line":166,"column":13}},"line":154},"9":{"name":"(anonymous_9)","decl":{"start":{"line":160,"column":59},"end":{"line":160,"column":60}},"loc":{"start":{"line":160,"column":69},"end":{"line":164,"column":17}},"line":160},"10":{"name":"(anonymous_10)","decl":{"start":{"line":167,"column":30},"end":{"line":167,"column":31}},"loc":{"start":{"line":167,"column":36},"end":{"line":167,"column":51}},"line":167},"11":{"name":"(anonymous_11)","decl":{"start":{"line":183,"column":21},"end":{"line":183,"column":22}},"loc":{"start":{"line":183,"column":27},"end":{"line":183,"column":65}},"line":183},"12":{"name":"(anonymous_12)","decl":{"start":{"line":237,"column":24},"end":{"line":237,"column":25}},"loc":{"start":{"line":237,"column":35},"end":{"line":237,"column":40}},"line":237}},"branchMap":{"0":{"loc":{"start":{"line":29,"column":6},"end":{"line":34,"column":7}},"type":"if","locations":[{"start":{"line":29,"column":6},"end":{"line":34,"column":7}},{"start":{"line":29,"column":6},"end":{"line":34,"column":7}}],"line":29},"1":{"loc":{"start":{"line":56,"column":2},"end":{"line":67,"column":3}},"type":"if","locations":[{"start":{"line":56,"column":2},"end":{"line":67,"column":3}},{"start":{"line":56,"column":2},"end":{"line":67,"column":3}}],"line":56},"2":{"loc":{"start":{"line":137,"column":14},"end":{"line":139,"column":15}},"type":"if","locations":[{"start":{"line":137,"column":14},"end":{"line":139,"column":15}},{"start":{"line":137,"column":14},"end":{"line":139,"column":15}}],"line":137},"3":{"loc":{"start":{"line":155,"column":14},"end":{"line":165,"column":15}},"type":"if","locations":[{"start":{"line":155,"column":14},"end":{"line":165,"column":15}},{"start":{"line":155,"column":14},"end":{"line":165,"column":15}}],"line":155},"4":{"loc":{"start":{"line":157,"column":21},"end":{"line":165,"column":15}},"type":"if","locations":[{"start":{"line":157,"column":21},"end":{"line":165,"column":15}},{"start":{"line":157,"column":21},"end":{"line":165,"column":15}}],"line":157},"5":{"loc":{"start":{"line":169,"column":11},"end":{"line":175,"column":11}},"type":"binary-expr","locations":[{"start":{"line":169,"column":11},"end":{"line":169,"column":24}},{"start":{"line":170,"column":10},"end":{"line":174,"column":17}}],"line":169}},"s":{"0":1,"1":0,"2":0,"3":0,"4":0,"5":0,"6":0,"7":0,"8":0,"9":0,"10":0,"11":0,"12":0,"13":0,"14":0,"15":0,"16":0,"17":0,"18":0,"19":0,"20":0,"21":0,"22":0,"23":0,"24":0,"25":0,"26":0,"27":0,"28":0,"29":0,"30":1,"31":1,"32":0},"f":{"0":0,"1":0,"2":0,"3":0,"4":0,"5":0,"6":0,"7":0,"8":0,"9":0,"10":0,"11":0,"12":0},"b":{"0":[0,0],"1":[0,0],"2":[0,0],"3":[0,0],"4":[0,0],"5":[0,0]},"_coverageSchema":"1a1c01bbd47fc00a2c39e90264f33305004495a9","hash":"e594b0e4669bcd436c1c7d16263f9580725d3160"}
,"/home/pantoine/EIP/Strollin/Strollin/Components/backgroundImage.js": {"path":"/home/pantoine/EIP/Strollin/Strollin/Components/backgroundImage.js","statementMap":{"0":{"start":{"line":5,"column":13},"end":{"line":5,"column":46}},"1":{"start":{"line":6,"column":12},"end":{"line":6,"column":14}},"2":{"start":{"line":8,"column":2},"end":{"line":8,"column":58}},"3":{"start":{"line":8,"column":15},"end":{"line":8,"column":58}},"4":{"start":{"line":9,"column":2},"end":{"line":9,"column":59}},"5":{"start":{"line":9,"column":15},"end":{"line":9,"column":59}},"6":{"start":{"line":10,"column":2},"end":{"line":10,"column":56}},"7":{"start":{"line":10,"column":15},"end":{"line":10,"column":56}},"8":{"start":{"line":11,"column":2},"end":{"line":11,"column":13}},"9":{"start":{"line":15,"column":29},"end":{"line":15,"column":48}},"10":{"start":{"line":17,"column":2},"end":{"line":24,"column":4}}},"fnMap":{"0":{"name":"RandPic","decl":{"start":{"line":4,"column":9},"end":{"line":4,"column":16}},"loc":{"start":{"line":4,"column":19},"end":{"line":12,"column":1}},"line":4},"1":{"name":"BackgroundImage","decl":{"start":{"line":14,"column":9},"end":{"line":14,"column":24}},"loc":{"start":{"line":14,"column":32},"end":{"line":25,"column":1}},"line":14}},"branchMap":{"0":{"loc":{"start":{"line":8,"column":2},"end":{"line":8,"column":58}},"type":"if","locations":[{"start":{"line":8,"column":2},"end":{"line":8,"column":58}},{"start":{"line":8,"column":2},"end":{"line":8,"column":58}}],"line":8},"1":{"loc":{"start":{"line":9,"column":2},"end":{"line":9,"column":59}},"type":"if","locations":[{"start":{"line":9,"column":2},"end":{"line":9,"column":59}},{"start":{"line":9,"column":2},"end":{"line":9,"column":59}}],"line":9},"2":{"loc":{"start":{"line":10,"column":2},"end":{"line":10,"column":56}},"type":"if","locations":[{"start":{"line":10,"column":2},"end":{"line":10,"column":56}},{"start":{"line":10,"column":2},"end":{"line":10,"column":56}}],"line":10}},"s":{"0":0,"1":0,"2":0,"3":0,"4":0,"5":0,"6":0,"7":0,"8":0,"9":0,"10":0},"f":{"0":0,"1":0},"b":{"0":[0,0],"1":[0,0],"2":[0,0]},"_coverageSchema":"1a1c01bbd47fc00a2c39e90264f33305004495a9","hash":"8ab5085f6622e6148deca5a1b4430747e4f2c3b4"}
,"/home/pantoine/EIP/Strollin/Strollin/Components/box.js": {"path":"/home/pantoine/EIP/Strollin/Strollin/Components/box.js","statementMap":{"0":{"start":{"line":7,"column":2},"end":{"line":7,"column":51}},"1":{"start":{"line":8,"column":2},"end":{"line":8,"column":45}},"2":{"start":{"line":13,"column":2},"end":{"line":49,"column":4}},"3":{"start":{"line":46,"column":23},"end":{"line":46,"column":41}},"4":{"start":{"line":69,"column":15},"end":{"line":99,"column":2}}},"fnMap":{"0":{"name":"GotoComment","decl":{"start":{"line":6,"column":9},"end":{"line":6,"column":20}},"loc":{"start":{"line":6,"column":28},"end":{"line":9,"column":1}},"line":6},"1":{"name":"Box","decl":{"start":{"line":11,"column":9},"end":{"line":11,"column":12}},"loc":{"start":{"line":11,"column":20},"end":{"line":50,"column":1}},"line":11},"2":{"name":"(anonymous_2)","decl":{"start":{"line":46,"column":17},"end":{"line":46,"column":18}},"loc":{"start":{"line":46,"column":23},"end":{"line":46,"column":41}},"line":46}},"branchMap":{},"s":{"0":0,"1":0,"2":1,"3":0,"4":3},"f":{"0":0,"1":1,"2":0},"b":{},"_coverageSchema":"1a1c01bbd47fc00a2c39e90264f33305004495a9","hash":"26e30d75965f49cdfd59560e3e07aedc91b4243a"}
,"/home/pantoine/EIP/Strollin/Strollin/Components/map.js": {"path":"/home/pantoine/EIP/Strollin/Strollin/Components/map.js","statementMap":{"0":{"start":{"line":17,"column":2},"end":{"line":30,"column":4}},"1":{"start":{"line":19,"column":19},"end":{"line":22,"column":7}},"2":{"start":{"line":24,"column":6},"end":{"line":24,"column":28}},"3":{"start":{"line":34,"column":2},"end":{"line":56,"column":3}},"4":{"start":{"line":35,"column":20},"end":{"line":44,"column":5}},"5":{"start":{"line":45,"column":4},"end":{"line":53,"column":5}},"6":{"start":{"line":46,"column":21},"end":{"line":46,"column":60}},"7":{"start":{"line":47,"column":6},"end":{"line":47,"column":29}},"8":{"start":{"line":50,"column":21},"end":{"line":50,"column":61}},"9":{"start":{"line":51,"column":6},"end":{"line":51,"column":29}},"10":{"start":{"line":55,"column":4},"end":{"line":55,"column":22}},"11":{"start":{"line":60,"column":17},"end":{"line":60,"column":23}},"12":{"start":{"line":62,"column":2},"end":{"line":66,"column":3}},"13":{"start":{"line":63,"column":4},"end":{"line":65,"column":5}},"14":{"start":{"line":64,"column":6},"end":{"line":64,"column":18}},"15":{"start":{"line":67,"column":2},"end":{"line":67,"column":15}},"16":{"start":{"line":71,"column":42},"end":{"line":71,"column":56}},"17":{"start":{"line":74,"column":2},"end":{"line":79,"column":21}},"18":{"start":{"line":75,"column":4},"end":{"line":78,"column":7}},"19":{"start":{"line":81,"column":40},"end":{"line":84,"column":4}},"20":{"start":{"line":86,"column":34},"end":{"line":86,"column":59}},"21":{"start":{"line":88,"column":2},"end":{"line":100,"column":17}},"22":{"start":{"line":89,"column":4},"end":{"line":99,"column":5}},"23":{"start":{"line":90,"column":6},"end":{"line":90,"column":38}},"24":{"start":{"line":91,"column":6},"end":{"line":91,"column":49}},"25":{"start":{"line":92,"column":21},"end":{"line":92,"column":69}},"26":{"start":{"line":93,"column":6},"end":{"line":93,"column":29}},"27":{"start":{"line":95,"column":6},"end":{"line":95,"column":44}},"28":{"start":{"line":97,"column":6},"end":{"line":97,"column":38}},"29":{"start":{"line":98,"column":6},"end":{"line":98,"column":50}},"30":{"start":{"line":102,"column":28},"end":{"line":102,"column":39}},"31":{"start":{"line":104,"column":21},"end":{"line":106,"column":3}},"32":{"start":{"line":105,"column":4},"end":{"line":105,"column":16}},"33":{"start":{"line":108,"column":38},"end":{"line":108,"column":65}},"34":{"start":{"line":110,"column":31},"end":{"line":122,"column":3}},"35":{"start":{"line":111,"column":21},"end":{"line":114,"column":5}},"36":{"start":{"line":115,"column":4},"end":{"line":117,"column":5}},"37":{"start":{"line":116,"column":6},"end":{"line":116,"column":54}},"38":{"start":{"line":121,"column":4},"end":{"line":121,"column":30}},"39":{"start":{"line":124,"column":2},"end":{"line":126,"column":3}},"40":{"start":{"line":125,"column":4},"end":{"line":125,"column":44}},"41":{"start":{"line":128,"column":2},"end":{"line":130,"column":3}},"42":{"start":{"line":129,"column":4},"end":{"line":129,"column":39}},"43":{"start":{"line":132,"column":2},"end":{"line":175,"column":3}},"44":{"start":{"line":133,"column":31},"end":{"line":133,"column":72}},"45":{"start":{"line":135,"column":4},"end":{"line":174,"column":6}},"46":{"start":{"line":145,"column":10},"end":{"line":145,"column":49}},"47":{"start":{"line":166,"column":10},"end":{"line":171,"column":12}},"48":{"start":{"line":176,"column":2},"end":{"line":180,"column":4}},"49":{"start":{"line":183,"column":24},"end":{"line":183,"column":40}},"50":{"start":{"line":183,"column":35},"end":{"line":183,"column":40}}},"fnMap":{"0":{"name":"updateCoordinates","decl":{"start":{"line":16,"column":15},"end":{"line":16,"column":32}},"loc":{"start":{"line":16,"column":50},"end":{"line":31,"column":1}},"line":16},"1":{"name":"(anonymous_1)","decl":{"start":{"line":18,"column":4},"end":{"line":18,"column":5}},"loc":{"start":{"line":18,"column":18},"end":{"line":25,"column":5}},"line":18},"2":{"name":"(anonymous_2)","decl":{"start":{"line":26,"column":4},"end":{"line":26,"column":5}},"loc":{"start":{"line":26,"column":15},"end":{"line":28,"column":5}},"line":26},"3":{"name":"requestGeolocalisationPermission","decl":{"start":{"line":33,"column":15},"end":{"line":33,"column":47}},"loc":{"start":{"line":33,"column":55},"end":{"line":57,"column":1}},"line":33},"4":{"name":"isNear","decl":{"start":{"line":59,"column":9},"end":{"line":59,"column":15}},"loc":{"start":{"line":59,"column":47},"end":{"line":68,"column":1}},"line":59},"5":{"name":"Map","decl":{"start":{"line":70,"column":9},"end":{"line":70,"column":12}},"loc":{"start":{"line":70,"column":20},"end":{"line":181,"column":1}},"line":70},"6":{"name":"(anonymous_6)","decl":{"start":{"line":74,"column":12},"end":{"line":74,"column":13}},"loc":{"start":{"line":74,"column":18},"end":{"line":79,"column":3}},"line":74},"7":{"name":"(anonymous_7)","decl":{"start":{"line":88,"column":12},"end":{"line":88,"column":13}},"loc":{"start":{"line":88,"column":18},"end":{"line":100,"column":3}},"line":88},"8":{"name":"(anonymous_8)","decl":{"start":{"line":104,"column":21},"end":{"line":104,"column":22}},"loc":{"start":{"line":104,"column":27},"end":{"line":106,"column":3}},"line":104},"9":{"name":"(anonymous_9)","decl":{"start":{"line":110,"column":31},"end":{"line":110,"column":32}},"loc":{"start":{"line":110,"column":41},"end":{"line":122,"column":3}},"line":110},"10":{"name":"(anonymous_10)","decl":{"start":{"line":144,"column":30},"end":{"line":144,"column":31}},"loc":{"start":{"line":144,"column":40},"end":{"line":146,"column":9}},"line":144},"11":{"name":"(anonymous_11)","decl":{"start":{"line":147,"column":24},"end":{"line":147,"column":25}},"loc":{"start":{"line":147,"column":36},"end":{"line":147,"column":38}},"line":147},"12":{"name":"(anonymous_12)","decl":{"start":{"line":159,"column":19},"end":{"line":159,"column":20}},"loc":{"start":{"line":161,"column":16},"end":{"line":163,"column":11}},"line":161},"13":{"name":"(anonymous_13)","decl":{"start":{"line":165,"column":22},"end":{"line":165,"column":23}},"loc":{"start":{"line":166,"column":10},"end":{"line":171,"column":12}},"line":166},"14":{"name":"(anonymous_14)","decl":{"start":{"line":183,"column":24},"end":{"line":183,"column":25}},"loc":{"start":{"line":183,"column":35},"end":{"line":183,"column":40}},"line":183}},"branchMap":{"0":{"loc":{"start":{"line":45,"column":4},"end":{"line":53,"column":5}},"type":"if","locations":[{"start":{"line":45,"column":4},"end":{"line":53,"column":5}},{"start":{"line":45,"column":4},"end":{"line":53,"column":5}}],"line":45},"1":{"loc":{"start":{"line":6
[...]
,"/home/pantoine/EIP/Strollin/Strollin/Translation/configureTrans.js": {"path":"/home/pantoine/EIP/Strollin/Strollin/Translation/configureTrans.js","statementMap":{"0":{"start":{"line":7,"column":16},"end":{"line":7,"column":39}},"1":{"start":{"line":9,"column":0},"end":{"line":11,"column":1}},"2":{"start":{"line":10,"column":2},"end":{"line":10,"column":39}},"3":{"start":{"line":13,"column":0},"end":{"line":13,"column":22}},"4":{"start":{"line":14,"column":0},"end":{"line":17,"column":2}}},"fnMap":{},"branchMap":{"0":{"loc":{"start":{"line":9,"column":0},"end":{"line":11,"column":1}},"type":"if","locations":[{"start":{"line":9,"column":0},"end":{"line":11,"column":1}},{"start":{"line":9,"column":0},"end":{"line":11,"column":1}}],"line":9}},"s":{"0":13,"1":13,"2":13,"3":13,"4":13},"f":{},"b":{"0":[13,0]},"_coverageSchema":"1a1c01bbd47fc00a2c39e90264f33305004495a9","hash":"477b86c0354b5ed66b197becc1a488082726c872"}
,"/home/pantoine/EIP/Strollin/Strollin/Translation/en.js": {"path":"/home/pantoine/EIP/Strollin/Strollin/Translation/en.js","statementMap":{},"fnMap":{},"branchMap":{},"s":{},"f":{},"b":{},"_coverageSchema":"1a1c01bbd47fc00a2c39e90264f33305004495a9","hash":"e15108d195d4bc194232898258fe2b0e40810ac3"}
,"/home/pantoine/EIP/Strollin/Strollin/Translation/fr.js": {"path":"/home/pantoine/EIP/Strollin/Strollin/Translation/fr.js","statementMap":{},"fnMap":{},"branchMap":{},"s":{},"f":{},"b":{},"_coverageSchema":"1a1c01bbd47fc00a2c39e90264f33305004495a9","hash":"38bcec58922c79ac3cbb809279a026738141ccac"}
,"/home/pantoine/EIP/Strollin/Strollin/apiServer/user.js": {"path":"/home/pantoine/EIP/Strollin/Strollin/apiServer/user.js","statementMap":{"0":{"start":{"line":4,"column":2},"end":{"line":26,"column":7}},"1":{"start":{"line":13,"column":24},"end":{"line":13,"column":39}},"2":{"start":{"line":15,"column":6},"end":{"line":22,"column":7}},"3":{"start":{"line":16,"column":8},"end":{"line":16,"column":54}},"4":{"start":{"line":17,"column":8},"end":{"line":17,"column":59}},"5":{"start":{"line":18,"column":23},"end":{"line":18,"column":73}},"6":{"start":{"line":19,"column":8},"end":{"line":19,"column":31}},"7":{"start":{"line":25,"column":6},"end":{"line":25,"column":38}},"8":{"start":{"line":29,"column":0},"end":{"line":29,"column":30}},"9":{"start":{"line":32,"column":2},"end":{"line":52,"column":7}},"10":{"start":{"line":40,"column":24},"end":{"line":40,"column":39}},"11":{"start":{"line":42,"column":6},"end":{"line":48,"column":7}},"12":{"start":{"line":43,"column":23},"end":{"line":43,"column":66}},"13":{"start":{"line":44,"column":8},"end":{"line":44,"column":31}},"14":{"start":{"line":45,"column":8},"end":{"line":45,"column":61}},"15":{"start":{"line":51,"column":6},"end":{"line":51,"column":38}},"16":{"start":{"line":55,"column":0},"end":{"line":55,"column":34}},"17":{"start":{"line":59,"column":2},"end":{"line":85,"column":3}},"18":{"start":{"line":61,"column":4},"end":{"line":84,"column":9}},"19":{"start":{"line":70,"column":26},"end":{"line":70,"column":41}},"20":{"start":{"line":73,"column":8},"end":{"line":80,"column":9}},"21":{"start":{"line":74,"column":25},"end":{"line":74,"column":132}},"22":{"start":{"line":75,"column":10},"end":{"line":75,"column":33}},"23":{"start":{"line":76,"column":26},"end":{"line":76,"column":141}},"24":{"start":{"line":77,"column":10},"end":{"line":77,"column":34}},"25":{"start":{"line":83,"column":8},"end":{"line":83,"column":40}},"26":{"start":{"line":88,"column":0},"end":{"line":88,"column":38}},"27":{"start":{"line":91,"column":2},"end":{"line":107,"column":4}},"28":{"start":{"line":99,"column":22},"end":{"line":99,"column":35}},"29":{"start":{"line":102,"column":19},"end":{"line":102,"column":57}},"30":{"start":{"line":103,"column":4},"end":{"line":103,"column":27}},"31":{"start":{"line":105,"column":4},"end":{"line":105,"column":18}},"32":{"start":{"line":110,"column":0},"end":{"line":110,"column":34}},"33":{"start":{"line":113,"column":2},"end":{"line":140,"column":7}},"34":{"start":{"line":121,"column":22},"end":{"line":121,"column":35}},"35":{"start":{"line":123,"column":6},"end":{"line":136,"column":7}},"36":{"start":{"line":126,"column":8},"end":{"line":133,"column":9}},"37":{"start":{"line":127,"column":10},"end":{"line":127,"column":66}},"38":{"start":{"line":129,"column":10},"end":{"line":131,"column":11}},"39":{"start":{"line":130,"column":13},"end":{"line":130,"column":80}},"40":{"start":{"line":132,"column":10},"end":{"line":132,"column":33}},"41":{"start":{"line":139,"column":6},"end":{"line":139,"column":38}},"42":{"start":{"line":143,"column":0},"end":{"line":143,"column":39}},"43":{"start":{"line":147,"column":22},"end":{"line":151,"column":4}},"44":{"start":{"line":153,"column":2},"end":{"line":172,"column":7}},"45":{"start":{"line":161,"column":24},"end":{"line":161,"column":39}},"46":{"start":{"line":164,"column":6},"end":{"line":168,"column":7}},"47":{"start":{"line":165,"column":8},"end":{"line":165,"column":54}},"48":{"start":{"line":166,"column":23},"end":{"line":166,"column":73}},"49":{"start":{"line":167,"column":8},"end":{"line":167,"column":31}},"50":{"start":{"line":171,"column":6},"end":{"line":171,"column":38}},"51":{"start":{"line":175,"column":0},"end":{"line":175,"column":36}},"52":{"start":{"line":178,"column":22},"end":{"line":182,"column":4}},"53":{"start":{"line":184,"column":2},"end":{"line":202,"column":7}},"54":{"start":{"line":192,"column":24},"end":{"line":192,"column":39}},"55":{"start":{"line":194,"column":6},"end":{"line":198,"column":7}},"56":{"start":{"line":195,"column":8},"end":{"line":195,"column":54}},"57":{"start":{"line":196,"column":23},"end":{"line":196,"column":73}},"58":{"start":{"line":197,"column":8},"end":{"line":197,"column":31}},"59":{"start":{"line":201,"column":6},"end":{"line":201,"column":38}},"60":{"start":{"line":205,"column":0},"end":{"line":205,"column":42}}},"fnMap":{"0":{"name":"loginUser","decl":{"start":{"line":3,"column":15},"end":{"line":3,"column":24}},"loc":{"start":{"line":3,"column":54},"end":{"line":27,"column":1}},"line":3},"1":{"name":"(anonymous_1)","decl":{"start":{"line":13,"column":10},"end":{"line":13,"column":11}},"loc":{"start":{"line":13,"column":24},"end":{"line":13,"column":39}},"line":13},"2":{"name":"(anonymous_2)","decl":{"start":{"line":14,"column":10},"end":{"line":14,"column":11}},"loc":{"start":{"line":14,"column":28},"end":{"line":23,"column":5}},"line":14},"3":{"name":"(anonymous_3)","decl":{"start":{"line":24,"column":11},"end":{"line":24,"column":12}},"loc":{"start":{"line":24,"column":22},"end":{"line":26,"column":5}},"line":24},"4":{"name":"profileUser","decl":{"start":{"line":31,"column":15},"end":{"line":31,"column":26}},"loc":{"start":{"line":31,"column":48},"end":{"line":53,"column":1}},"line":31},"5":{"name":"(anonymous_5)","decl":{"start":{"line":40,"column":10},"end":{"line":40,"column":11}},"loc":{"start":{"line":40,"column":24},"end":{"line":40,"column":39}},"line":40},"6":{"name":"(anonymous_6)","decl":{"start":{"line":41,"column":10},"end":{"line":41,"column":11}},"loc":{"start":{"line":41,"column":28},"end":{"line":49,"column":5}},"line":41},"7":{"name":"(anonymous_7)","decl":{"start":{"line":50,"column":11},"end":{"line":50,"column":12}},"loc":{"start":{"line":50,"column":22},"end":{"line":52,"column":5}},"line":50},"8":{"name":"setFriendPseudo","decl":{"start":{"line":57,"column":15},"end":{"line":57,"column":30}},"loc":{"start":{"line":57,"column":61},"end":{"line":86,"column":1}},"line":57},"9":{"name":"(anonymous_9)","decl":{"start":{"line":70,"column":12},"end":{"line":70,"column":13}},"loc":{"start":{"line":70,"column":26},"end":{"line":70,"column":41}},"line":70},"10":{"name":"(anonymous_10)","decl":{"start":{"line":71,"column":12},"end":{"line":71,"column":13}},"loc":{"start":{"line":71,"column":30},"end":{"line":81,"column":7}},"line":71},"11":{"name":"(anonymous_11)","decl":{"start":{"line":82,"column":13},"end":{"line":82,"column":14}},"loc":{"start":{"line":82,"column":24},"end":{"line":84,"column":7}},"line":82},"12":{"name":"messageUser","decl":{"start":{"line":90,"column":15},"end":{"line":90,"column":26}},"loc":{"start":{"line":90,"column":60},"end":{"line":108,"column":1}},"line":90},"13":{"name":"(anonymous_13)","decl":{"start":{"line":99,"column":10},"end":{"line":99,"column":11}},"loc":{"start":{"line":99,"column":22},"end":{"line":99,"column":35}},"line":99},"14":{"name":"(anonymous_14)","decl":{"start":{"line":100,"column":8},"end":{"line":100,"column":9}},"loc":{"start":{"line":100,"column":32},"end":{"line":107,"column":3}},"line":100},"15":{"name":"conversationUser","decl":{"start":{"line":112,"column":15},"end":{"line":112,"column":31}},"loc":{"start":{"line":112,"column":53},"end":{"line":141,"column":1}},"line":112},"16":{"name":"(anonymous_16)","decl":{"start":{"line":121,"column":10},"end":{"line":121,"column":11}},"loc":{"start":{"line":121,"column":22},"end":{"line":121,"column":35}},"line":121},"17":{"name":"(anonymous_17)","decl":{"start":{"line":122,"column":10},"end":{"line":122,"column":11}},"loc":{"start":{"line":122,"column":28},"end":{"line":137,"column":5}},"line":122},"18":{"name":"(anonymous_18)","decl":{"start":{"line":138,"column":11},"end":{"line":138,"column":12}},"loc":{"start":{"line":138,"column":22},"end":{"line":140,"column":5}},"line":138},"19":{"name":"registerUser","decl":{"start":{"line":145,"column":15},"end":{"line":145,"column":27}},"loc":{"start":{"line":145,"column":68},"end":{"line":173,"column":1}},"line":145},"20":{"name":"(anonymous_20)","decl":{"start":{"line":161,"column":10},"end":{"line":161,"column":11}},"loc":{"start":{"line":161,"column":24},"end":{"line":161,"column":39}},"line":161},"21":{"name":"(anonymous_21)","decl":{"start":{"line":162,"column":10},"end":{"line":162,"column":11}},"loc":{"start":{"line":162,"column":28},"end":{"line":169,"column":5}},"line":162},"22":{"name":"(anonymous_22)","decl":{"start":{"line":170,"column":11},"end":{"line":170,"column":12}},"loc":{"start":{"line":170,"column":22},"end":{"line":172,"column":5}},"line":170},"23":{"name":"registerUserTag","decl":{"start":{"line":177,"column":15},"end":{"line":177,"column":30}},"loc":{"start":{"line":177,"column":71},"end":{"line":203,"column":1}},"line":177},"24":{"name":"(anonymous_24)","decl":{"start":{"line":192,"column":10},"end":{"line":192,"column":11}},"loc":{"start":{"line":192,"column":24},"end":{"line":192,"column":39}},"line":192},"25":{"name":"(anonymous_25)","decl":{"start":{"line":193,"column":10},"end":{"line":193,"column":11}},"loc":{"start":{"line":193,"column":28},"end":{"line":199,"column":5}},"line":193},"26":{"name":"(anonymous_26)","decl":{"start":{"line":200,"column":11},"end":{"line":200,"column":12}},"loc":{"start":{"line":200,"column":22},"end":{"line":202,"column":5}},"line":200}},"branchMap":{"0":{"loc":{"start":{"line":15,"column":6},"end":{"line":22,"column":7}},"type":"if","locations":[{"start":{"line":15,"column":6},"end":{"line":22,"column":7}},{"start":{"line":15,"column":6},"end":{"line":22,"column":7}}],"line":15},"1":{"loc":{"start":{"line":42,"column":6},"end":{"line":48,"column":7}},"type":"if","locations":[{"start":{"line":42,"column":6},"end":{"line":48,"column":7}},{"start":{"line":42,"column":6},"end":{"line":48,"column":7}}],"line":42},"2":{"loc":{"start":{"line":73,"column":8},"end":{"line":80,"column":9}},"type":"if","locations":[{"start":{"line":73,"column":8},"end":{"line":80,"column":9}},{"start":{"line":73,"column":8},"end":{"line":80,"column":9}}],"line":73},"3":{"loc":{"start":{"line":123,"column":6},"end":{"line":136,"column":7}},"type":"if","locations":[{"start":{"line":123,"column":6},"end":{"line":136,"column":7}},{"start":{"line":123,"column":6},"end":{"line":136,"column":7}}],"line":123},"4":{"loc":{"start":{"line":164,"column":6},"end":{"line":168,"column":7}},"type":"if","locations":[{"start":{"line":164,"column":6},"end":{"line":168,"column":7}},{"start":{"line":164,"column":6},"end":{"line":168,"column":7}}],"line":164},"5":{"loc":{"start":{"line":194,"column":6},"end":{"line":198,"column":7}},"type":"if","locations":[{"start":{"line":194,"column":6},"end":{"line":198,"column":7}},{"start":{"line":194,"column":6},"end":{"line":198,"column":7}}],"line":194}},"s":{"0":0,"1":0,"2":0,"3":0,"4":0,"5":0,"6":0,"7":0,"8":2,"9":0,"10":0,"11":0,"12":0,"13":0,"14":0,"15":0,"16":2,"17":0,"18":0,"19":0,"20":0,"21":0,"22":0,"23":0,"24":0,"25":0,"26":2,"27":0,"28":0,"29":0,"30":0,"31":0,"32":2,"33":0,"34":0,"35":0,"36":0,"37":0,"38":0,"39":0,"40":0,"41":0,"42":2,"43":0,"44":0,"45":0,"46":0,"47":0,"48":0,"49":0,"50":0,"51":2,"52":0,"53":0,"54":0,"55":0,"56":0,"57":0,"58":0,"59":0,"60":2},"f":{"0":0,"1":0,"2":0,"3":0,"4":0,"5":0,"6":0,"7":0,"8":0,"9":0,"10":0,"11":0,"12":0,"13":0,"14":0,"15":0,"16":0,"17":0,"18":0,"19":0,"20":0,"21":0,"22":0,"23":0,"24":0,"25":0,"26":0},"b":{"0":[0,0],"1":[0,0],"2":[0,0],"3":[0,0],"4":[0,0],"5":[0,0]},"_coverageSchema":"1a1c01bbd47fc00a2c39e90264f33305004495a9","hash":"e04d3c17c18d07ba9002ad6c9ab59966a2fe959a"}
,"/home/pantoine/EIP/Strollin/Strollin/env/Environement.js": {"path":"/home/pantoine/EIP/Strollin/Strollin/env/Environement.js","statementMap":{"0":{"start":{"line":1,"column":21},"end":{"line":4,"column":3}},"1":{"start":{"line":6,"column":2},"end":{"line":6,"column":38}},"2":{"start":{"line":8,"column":20},"end":{"line":8,"column":61}},"3":{"start":{"line":10,"column":2},"end":{"line":10,"column":32}},"4":{"start":{"line":12,"column":22},"end":{"line":12,"column":55}},"5":{"start":{"line":14,"column":2},"end":{"line":14,"column":36}}},"fnMap":{},"branchMap":{"0":{"loc":{"start":{"line":8,"column":20},"end":{"line":8,"column":61}},"type":"binary-expr","locations":[{"start":{"line":8,"column":20},"end":{"line":8,"column":41}},{"start":{"line":8,"column":45},"end":{"line":8,"column":61}}],"line":8},"1":{"loc":{"start":{"line":12,"column":22},"end":{"line":12,"column":55}},"type":"binary-expr","locations":[{"start":{"line":12,"column":22},"end":{"line":12,"column":45}},{"start":{"line":12,"column":49},"end":{"line":12,"column":55}}],"line":12}},"s":{"0":3,"1":3,"2":3,"3":3,"4":3,"5":3},"f":{},"b":{"0":[3,3],"1":[3,3]},"_coverageSchema":"1a1c01bbd47fc00a2c39e90264f33305004495a9","hash":"c737a9a1208b432925e131aa54d68216ee29cede"}
,"/home/pantoine/EIP/Strollin/Strollin/images/empty_star.png": {"path":"/home/pantoine/EIP/Strollin/Strollin/images/empty_star.png","statementMap":{"0":{"start":{"line":1,"column":0},"end":{"line":4,"column":6}}},"fnMap":{},"branchMap":{},"s":{"0":1},"f":{},"b":{},"inputSourceMap":null,"_coverageSchema":"1a1c01bbd47fc00a2c39e90264f33305004495a9","hash":"8476da5a4b9f0ceabceb680c4e6079cd5c0e1cfa"}
,"/home/pantoine/EIP/Strollin/Strollin/images/half_star.png": {"path":"/home/pantoine/EIP/Strollin/Strollin/images/half_star.png","statementMap":{"0":{"start":{"line":1,"column":0},"end":{"line":4,"column":6}}},"fnMap":{},"branchMap":{},"s":{"0":1},"f":{},"b":{},"inputSourceMap":null,"_coverageSchema":"1a1c01bbd47fc00a2c39e90264f33305004495a9","hash":"5be0d4206acdbc6331c77e8ee9552c8b4f44dbf7"}
,"/home/pantoine/EIP/Strollin/Strollin/images/left_arrow.png": {"path":"/home/pantoine/EIP/Strollin/Strollin/images/left_arrow.png","statementMap":{"0":{"start":{"line":1,"column":0},"end":{"line":4,"column":6}}},"fnMap":{},"branchMap":{},"s":{"0":1},"f":{},"b":{},"inputSourceMap":null,"_coverageSchema":"1a1c01bbd47fc00a2c39e90264f33305004495a9","hash":"fd604fa9ab9f483bc21d0e962b31de3b59037796"}
,"/home/pantoine/EIP/Strollin/Strollin/images/london2.jpg": {"path":"/home/pantoine/EIP/Strollin/Strollin/images/london2.jpg","statementMap":{"0":{"start":{"line":1,"column":0},"end":{"line":4,"column":6}}},"fnMap":{},"branchMap":{},"s":{"0":1},"f":{},"b":{},"inputSourceMap":null,"_coverageSchema":"1a1c01bbd47fc00a2c39e90264f33305004495a9","hash":"f7fb4f326def81504511cf7fed389bab4df7a2d0"}
,"/home/pantoine/EIP/Strollin/Strollin/images/search.png": {"path":"/home/pantoine/EIP/Strollin/Strollin/images/search.png","statementMap":{"0":{"start":{"line":1,"column":0},"end":{"line":4,"column":6}}},"fnMap":{},"branchMap":{},"s":{"0":1},"f":{},"b":{},"inputSourceMap":null,"_coverageSchema":"1a1c01bbd47fc00a2c39e90264f33305004495a9","hash":"0afeae743a13c00cab8a3d658bab165d9d7e5aa8"}
,"/home/pantoine/EIP/Strollin/Strollin/images/star.png": {"path":"/home/pantoine/EIP/Strollin/Strollin/images/star.png","statementMap":{"0":{"start":{"line":1,"column":0},"end":{"line":4,"column":6}}},"fnMap":{},"branchMap":{},"s":{"0":1},"f":{},"b":{},"inputSourceMap":null,"_coverageSchema":"1a1c01bbd47fc00a2c39e90264f33305004495a9","hash":"0b18cb15adb4d675c136a1dc51ae47b5c5a22d43"}
,"/home/pantoine/EIP/Strollin/Strollin/ressources/friend.png": {"path":"/home/pantoine/EIP/Strollin/Strollin/ressources/friend.png","statementMap":{"0":{"start":{"line":1,"column":0},"end":{"line":4,"column":6}}},"fnMap":{},"branchMap":{},"s":{"0":1},"f":{},"b":{},"inputSourceMap":null,"_coverageSchema":"1a1c01bbd47fc00a2c39e90264f33305004495a9","hash":"4ef11caf9c6c8e98641227281fd7f77520972e4a"}
,"/home/pantoine/EIP/Strollin/Strollin/ressources/logo3.png": {"path":"/home/pantoine/EIP/Strollin/Strollin/ressources/logo3.png","statementMap":{"0":{"start":{"line":1,"column":0},"end":{"line":4,"column":6}}},"fnMap":{},"branchMap":{},"s":{"0":1},"f":{},"b":{},"inputSourceMap":null,"_coverageSchema":"1a1c01bbd47fc00a2c39e90264f33305004495a9","hash":"4edf0e404276819d446fb04a38f545b1b352bd00"}
,"/home/pantoine/EIP/Strollin/Strollin/ressources/plum2.jpg": {"path":"/home/pantoine/EIP/Strollin/Strollin/ressources/plum2.jpg","statementMap":{"0":{"start":{"line":1,"column":0},"end":{"line":4,"column":6}}},"fnMap":{},"branchMap":{},"s":{"0":1},"f":{},"b":{},"inputSourceMap":null,"_coverageSchema":"1a1c01bbd47fc00a2c39e90264f33305004495a9","hash":"91692e88c47c58c9c826d38219ebdc3e7a66a77a"}
,"/home/pantoine/EIP/Strollin/Strollin/ressources/profile.png": {"path":"/home/pantoine/EIP/Strollin/Strollin/ressources/profile.png","statementMap":{"0":{"start":{"line":1,"column":0},"end":{"line":4,"column":6}}},"fnMap":{},"branchMap":{},"s":{"0":2},"f":{},"b":{},"inputSourceMap":null,"_coverageSchema":"1a1c01bbd47fc00a2c39e90264f33305004495a9","hash":"39bcaa5395f2231bc7fa84c199cd5c1f60de5bf9"}
,"/home/pantoine/EIP/Strollin/Strollin/ressources/street1.jpg": {"path":"/home/pantoine/EIP/Strollin/Strollin/ressources/street1.jpg","statementMap":{"0":{"start":{"line":1,"column":0},"end":{"line":4,"column":6}}},"fnMap":{},"branchMap":{},"s":{"0":1},"f":{},"b":{},"inputSourceMap":null,"_coverageSchema":"1a1c01bbd47fc00a2c39e90264f33305004495a9","hash":"8080c8a38def6f5135085b305557052a7de6b296"}
,"/home/pantoine/EIP/Strollin/Strollin/ressources/street2.jpeg": {"path":"/home/pantoine/EIP/Strollin/Strollin/ressources/street2.jpeg","statementMap":{"0":{"start":{"line":1,"column":0},"end":{"line":4,"column":6}}},"fnMap":{},"branchMap":{},"s":{"0":1},"f":{},"b":{},"inputSourceMap":null,"_coverageSchema":"1a1c01bbd47fc00a2c39e90264f33305004495a9","hash":"d28100afc865dc51064a36e3a4996a74d9fa7186"}
}
