TN:
SF:Components/ButtonIcon.js
FN:5,ButtonIcon
FNF:1
FNH:1
FNDA:3,ButtonIcon
DA:6,3
DA:13,3
LF:2
LH:2
BRF:0
BRH:0
end_of_record
TN:
SF:Components/Comment.js
FN:6,Comment
FNF:1
FNH:1
FNDA:4,Comment
DA:8,4
DA:26,2
LF:2
LH:2
BRF:0
BRH:0
end_of_record
TN:
SF:Components/CommentScreen.js
FN:7,CommentScreen
FN:17,(anonymous_1)
FN:18,(anonymous_2)
FNF:3
FNH:3
FNDA:2,CommentScreen
FNDA:3,(anonymous_1)
FNDA:3,(anonymous_2)
DA:9,2
DA:10,2
DA:17,3
DA:18,3
DA:27,1
LF:5
LH:5
BRF:0
BRH:0
end_of_record
TN:
SF:Components/CourseEvaluation.js
FN:10,ratingCompleted
FN:43,CourseEvaluation
FN:57,(anonymous_2)
FN:71,(anonymous_3)
FN:82,(anonymous_4)
FN:95,(anonymous_5)
FNF:6
FNH:6
FNDA:1,ratingCompleted
FNDA:6,CourseEvaluation
FNDA:1,(anonymous_2)
FNDA:1,(anonymous_3)
FNDA:1,(anonymous_4)
FNDA:1,(anonymous_5)
DA:13,1
DA:15,1
DA:44,6
DA:45,6
DA:47,6
DA:57,1
DA:71,1
DA:83,1
DA:95,1
DA:98,1
LF:10
LH:10
BRF:0
BRH:0
end_of_record
TN:
SF:Components/Form.js
FN:9,Form
FN:21,(anonymous_1)
FNF:2
FNH:2
FNDA:3,Form
FNDA:1,(anonymous_1)
DA:12,3
DA:22,1
LF:2
LH:2
BRF:0
BRH:0
end_of_record
TN:
SF:Components/FriendList.js
FN:63,getFriend
FN:121,(anonymous_1)
FN:129,(anonymous_2)
FN:130,(anonymous_3)
FN:135,(anonymous_4)
FN:141,(anonymous_5)
FN:148,deleteFriend
FN:149,(anonymous_7)
FN:156,addFriend
FN:157,(anonymous_9)
FN:166,FriendList
FN:178,(anonymous_11)
FN:189,(anonymous_12)
FN:204,(anonymous_13)
FN:205,(anonymous_14)
FN:209,(anonymous_15)
FN:215,(anonymous_16)
FNF:17
FNH:14
FNDA:5,getFriend
FNDA:4,(anonymous_1)
FNDA:0,(anonymous_2)
FNDA:0,(anonymous_3)
FNDA:1,(anonymous_4)
FNDA:0,(anonymous_5)
FNDA:1,deleteFriend
FNDA:1,(anonymous_7)
FNDA:2,addFriend
FNDA:12,(anonymous_9)
FNDA:7,FriendList
FNDA:1,(anonymous_11)
FNDA:1,(anonymous_12)
FNDA:1,(anonymous_13)
FNDA:1,(anonymous_14)
FNDA:4,(anonymous_15)
FNDA:4,(anonymous_16)
DA:11,1
DA:13,1
DA:40,1
DA:64,5
DA:65,5
DA:66,12
DA:67,2
DA:68,0
DA:77,5
DA:121,1
DA:122,4
DA:129,0
DA:130,0
DA:135,1
DA:136,1
DA:142,0
DA:149,1
DA:153,1
DA:157,12
DA:161,2
DA:162,1
DA:167,7
DA:168,7
DA:170,7
DA:179,1
DA:180,1
DA:190,1
DA:204,1
DA:205,1
DA:210,4
DA:215,4
DA:224,1
LF:32
LH:28
BRDA:67,0,0,0
BRDA:67,0,1,2
BRDA:161,1,0,1
BRDA:161,1,1,1
BRDA:232,2,0,1
BRDA:232,2,1,1
BRF:6
BRH:5
end_of_record
TN:
SF:Components/HistoryElement.js
FN:10,ElementHistoryNav
FN:28,(anonymous_1)
FN:51,(anonymous_2)
FN:58,(anonymous_3)
FN:80,(anonymous_4)
FN:96,(anonymous_5)
FN:131,(anonymous_6)
FN:144,(anonymous_7)
FN:160,(anonymous_8)
FNF:9
FNH:9
FNDA:11,ElementHistoryNav
FNDA:3,(anonymous_1)
FNDA:1,(anonymous_2)
FNDA:3,(anonymous_3)
FNDA:1,(anonymous_4)
FNDA:1,(anonymous_5)
FNDA:1,(anonymous_6)
FNDA:1,(anonymous_7)
FNDA:1,(anonymous_8)
DA:11,11
DA:12,11
DA:14,11
DA:19,11
DA:20,7
DA:29,3
DA:51,1
DA:59,3
DA:81,1
DA:97,1
DA:119,4
DA:131,1
LF:12
LH:12
BRDA:10,0,0,7
BRDA:19,1,0,7
BRDA:19,1,1,4
BRF:3
BRH:3
end_of_record
TN:
SF:Components/HistoryNav.js
FN:11,HistoryNav
FN:33,(anonymous_1)
FN:44,(anonymous_2)
FN:55,(anonymous_3)
FN:66,(anonymous_4)
FN:77,(anonymous_5)
FN:90,(anonymous_6)
FN:108,(anonymous_7)
FN:117,(anonymous_8)
FNF:9
FNH:9
FNDA:2,HistoryNav
FNDA:1,(anonymous_1)
FNDA:1,(anonymous_2)
FNDA:1,(anonymous_3)
FNDA:1,(anonymous_4)
FNDA:1,(anonymous_5)
FNDA:1,(anonymous_6)
FNDA:1,(anonymous_7)
FNDA:1,(anonymous_8)
DA:27,2
DA:33,1
DA:44,1
DA:55,1
DA:66,1
DA:77,1
DA:91,1
DA:108,1
DA:117,1
DA:121,1
LF:10
LH:10
BRF:0
BRH:0
end_of_record
TN:
SF:Components/Home.js
FN:8,Home
FN:16,(anonymous_1)
FN:21,(anonymous_2)
FN:28,(anonymous_3)
FNF:4
FNH:4
FNDA:3,Home
FNDA:1,(anonymous_1)
FNDA:1,(anonymous_2)
FNDA:1,(anonymous_3)
DA:9,3
DA:16,1
DA:21,1
DA:28,1
LF:4
LH:4
BRF:0
BRH:0
end_of_record
TN:
SF:Components/HomePage.js
FN:17,setSortedTendanceData
FN:40,getData
FN:50,HomePage
FN:58,(anonymous_3)
FN:69,(anonymous_4)
FN:80,(anonymous_5)
FN:91,(anonymous_6)
FN:102,(anonymous_7)
FN:125,(anonymous_8)
FN:134,(anonymous_9)
FN:140,(anonymous_10)
FN:152,(anonymous_11)
FN:164,(anonymous_12)
FN:176,(anonymous_13)
FN:240,(anonymous_14)
FNF:15
FNH:15
FNDA:1,setSortedTendanceData
FNDA:4,getData
FNDA:2,HomePage
FNDA:1,(anonymous_3)
FNDA:1,(anonymous_4)
FNDA:1,(anonymous_5)
FNDA:1,(anonymous_6)
FNDA:1,(anonymous_7)
FNDA:2,(anonymous_8)
FNDA:2,(anonymous_9)
FNDA:1,(anonymous_10)
FNDA:1,(anonymous_11)
FNDA:1,(anonymous_12)
FNDA:1,(anonymous_13)
FNDA:1,(anonymous_14)
DA:13,1
DA:15,1
DA:18,1
DA:19,1
DA:20,1
DA:21,1
DA:24,1
DA:25,3
DA:26,7
DA:27,2
DA:28,2
DA:33,1
DA:37,1
DA:41,4
DA:43,4
DA:44,3
DA:46,1
DA:52,2
DA:58,1
DA:69,1
DA:80,1
DA:91,1
DA:102,1
DA:126,2
DA:134,2
DA:141,1
DA:142,1
DA:143,1
DA:153,1
DA:165,1
DA:176,1
DA:189,1
DA:240,1
LF:33
LH:33
BRDA:26,0,0,2
BRDA:26,0,1,5
BRDA:43,1,0,3
BRDA:43,1,1,1
BRF:4
BRH:4
end_of_record
TN:
SF:Components/LoginPage.js
FN:22,RandPic
FN:32,(anonymous_1)
FN:41,(anonymous_2)
FN:54,LoginPage
FN:78,(anonymous_4)
FN:92,(anonymous_5)
FN:102,(anonymous_6)
FN:118,(anonymous_7)
FN:133,(anonymous_8)
FN:139,(anonymous_9)
FN:145,(anonymous_10)
FN:223,(anonymous_11)
FNF:12
FNH:7
FNDA:4,RandPic
FNDA:0,(anonymous_1)
FNDA:0,(anonymous_2)
FNDA:4,LoginPage
FNDA:1,(anonymous_4)
FNDA:1,(anonymous_5)
FNDA:1,(anonymous_6)
FNDA:1,(anonymous_7)
FNDA:0,(anonymous_8)
FNDA:0,(anonymous_9)
FNDA:0,(anonymous_10)
FNDA:1,(anonymous_11)
DA:15,1
DA:16,1
DA:17,1
DA:18,1
DA:23,4
DA:24,4
DA:26,4
DA:27,4
DA:28,4
DA:29,4
DA:32,1
DA:33,0
DA:38,0
DA:42,0
DA:46,0
DA:47,0
DA:51,0
DA:55,4
DA:56,4
DA:57,4
DA:58,4
DA:62,4
DA:79,1
DA:92,1
DA:103,1
DA:119,1
DA:134,0
DA:136,0
DA:139,0
DA:140,0
DA:141,0
DA:145,0
DA:160,1
DA:223,1
LF:34
LH:22
BRDA:26,0,0,0
BRDA:26,0,1,4
BRDA:27,1,0,1
BRDA:27,1,1,3
BRDA:28,2,0,3
BRDA:28,2,1,1
BRDA:42,3,0,0
BRDA:42,3,1,0
BRDA:134,4,0,0
BRDA:134,4,1,0
BRDA:136,5,0,0
BRDA:136,5,1,0
BRDA:147,6,0,4
BRDA:147,6,1,0
BRF:14
BRH:6
end_of_record
TN:
SF:Components/Notation.js
FN:54,Notation
FN:60,sendMessage
FN:69,(anonymous_2)
FN:70,(anonymous_3)
FN:73,(anonymous_4)
FN:76,(anonymous_5)
FN:79,(anonymous_6)
FN:97,(anonymous_7)
FN:102,(anonymous_8)
FN:114,(anonymous_9)
FN:115,(anonymous_10)
FN:120,(anonymous_11)
FN:121,(anonymous_12)
FNF:13
FNH:12
FNDA:7,Notation
FNDA:1,sendMessage
FNDA:1,(anonymous_2)
FNDA:1,(anonymous_3)
FNDA:1,(anonymous_4)
FNDA:0,(anonymous_5)
FNDA:1,(anonymous_6)
FNDA:1,(anonymous_7)
FNDA:1,(anonymous_8)
FNDA:1,(anonymous_9)
FNDA:1,(anonymous_10)
FNDA:1,(anonymous_11)
FNDA:1,(anonymous_12)
DA:10,1
DA:55,7
DA:56,7
DA:57,7
DA:62,1
DA:63,1
DA:69,1
DA:71,1
DA:77,0
DA:79,1
DA:92,7
DA:97,1
DA:103,1
DA:114,1
DA:115,1
DA:120,1
DA:121,1
LF:17
LH:16
BRDA:109,0,0,3
BRDA:109,0,1,4
BRF:2
BRH:2
end_of_record
TN:
SF:Components/PopUpForm.js
FN:7,(anonymous_0)
FN:24,(anonymous_1)
FN:29,(anonymous_2)
FNF:3
FNH:1
FNDA:2,(anonymous_0)
FNDA:0,(anonymous_1)
FNDA:0,(anonymous_2)
DA:8,2
LF:1
LH:1
BRF:0
BRH:0
end_of_record
TN:
SF:Components/ProfileScreen.js
FN:13,ParseTags
FN:22,ProfileScreen
FN:32,(anonymous_2)
FN:43,(anonymous_3)
FN:54,(anonymous_4)
FN:65,(anonymous_5)
FN:76,(anonymous_6)
FN:125,(anonymous_7)
FN:216,(anonymous_8)
FNF:9
FNH:9
FNDA:2,ParseTags
FNDA:2,ProfileScreen
FNDA:1,(anonymous_2)
FNDA:1,(anonymous_3)
FNDA:1,(anonymous_4)
FNDA:1,(anonymous_5)
FNDA:1,(anonymous_6)
FNDA:1,(anonymous_7)
FNDA:1,(anonymous_8)
DA:11,1
DA:14,2
DA:16,2
DA:17,6
DA:19,2
DA:24,2
DA:26,2
DA:32,1
DA:43,1
DA:54,1
DA:65,1
DA:76,1
DA:125,1
DA:134,1
DA:216,1
LF:15
LH:15
BRF:0
BRH:0
end_of_record
TN:
SF:Components/TagSelection.js
FN:11,Tag
FN:20,(anonymous_1)
FN:29,(anonymous_2)
FN:38,TagSelection
FN:162,(anonymous_4)
FN:168,(anonymous_5)
FN:181,(anonymous_6)
FNF:7
FNH:7
FNDA:9,Tag
FNDA:1,(anonymous_1)
FNDA:1,(anonymous_2)
FNDA:2,TagSelection
FNDA:5,(anonymous_4)
FNDA:1,(anonymous_5)
FNDA:1,(anonymous_6)
DA:12,9
DA:14,9
DA:21,1
DA:30,1
DA:39,2
DA:61,2
DA:163,5
DA:168,1
DA:181,1
DA:185,1
LF:10
LH:10
BRDA:11,0,0,7
BRDA:16,1,0,9
BRDA:16,1,1,7
BRDA:25,2,0,9
BRDA:25,2,1,2
BRF:5
BRH:5
end_of_record
TN:
SF:Components/TendanceSearchBar.js
FN:7,SearchBar
FN:17,(anonymous_1)
FN:23,(anonymous_2)
FNF:3
FNH:3
FNDA:6,SearchBar
FNDA:1,(anonymous_1)
FNDA:1,(anonymous_2)
DA:8,6
DA:10,6
DA:17,1
DA:24,1
DA:25,1
DA:33,2
LF:6
LH:6
BRF:0
BRH:0
end_of_record
TN:
SF:Components/TripNavigation.js
FN:14,TripNavigation
FN:46,(anonymous_1)
FN:50,setTime
FN:78,(anonymous_3)
FN:89,(anonymous_4)
FN:100,(anonymous_5)
FN:111,(anonymous_6)
FN:122,(anonymous_7)
FN:137,(anonymous_8)
FN:167,(anonymous_9)
FNF:10
FNH:8
FNDA:2,TripNavigation
FNDA:0,(anonymous_1)
FNDA:1,setTime
FNDA:1,(anonymous_3)
FNDA:1,(anonymous_4)
FNDA:1,(anonymous_5)
FNDA:1,(anonymous_6)
FNDA:1,(anonymous_7)
FNDA:1,(anonymous_8)
FNDA:0,(anonymous_9)
DA:46,2
DA:47,0
DA:51,1
DA:52,1
DA:53,1
DA:55,1
DA:56,1
DA:58,1
DA:61,2
DA:63,2
DA:68,2
DA:73,2
DA:78,1
DA:89,1
DA:100,1
DA:111,1
DA:122,1
DA:138,1
DA:139,1
DA:140,1
DA:141,1
DA:167,1
DA:170,1
LF:23
LH:22
BRF:0
BRH:0
end_of_record
TN:
SF:Components/TripSuggestion.js
FN:13,getNavigation
FN:94,TripSuggestion
FN:111,(anonymous_2)
FN:131,(anonymous_3)
FN:142,(anonymous_4)
FN:153,(anonymous_5)
FN:164,(anonymous_6)
FN:175,(anonymous_7)
FN:233,(anonymous_8)
FN:240,(anonymous_9)
FN:253,(anonymous_10)
FNF:11
FNH:9
FNDA:3,getNavigation
FNDA:2,TripSuggestion
FNDA:0,(anonymous_2)
FNDA:1,(anonymous_3)
FNDA:1,(anonymous_4)
FNDA:1,(anonymous_5)
FNDA:1,(anonymous_6)
FNDA:1,(anonymous_7)
FNDA:1,(anonymous_8)
FNDA:1,(anonymous_9)
FNDA:0,(anonymous_10)
DA:14,3
DA:37,3
DA:60,3
DA:83,3
DA:89,3
DA:91,3
DA:109,2
DA:111,2
DA:112,0
DA:114,0
DA:115,0
DA:116,0
DA:120,2
DA:125,2
DA:131,1
DA:142,1
DA:153,1
DA:164,1
DA:175,1
DA:233,1
DA:241,1
DA:242,1
DA:243,1
DA:253,1
DA:257,1
LF:25
LH:21
BRF:0
BRH:0
end_of_record
TN:
SF:Components/UserRegister.js
FN:19,(anonymous_0)
FN:28,(anonymous_1)
FN:41,UserRegister
FN:92,(anonymous_3)
FN:105,(anonymous_4)
FN:119,(anonymous_5)
FN:133,(anonymous_6)
FN:141,(anonymous_7)
FN:161,(anonymous_8)
FN:167,(anonymous_9)
FN:173,(anonymous_10)
FN:194,(anonymous_11)
FN:252,(anonymous_12)
FNF:13
FNH:8
FNDA:0,(anonymous_0)
FNDA:0,(anonymous_1)
FNDA:6,UserRegister
FNDA:1,(anonymous_3)
FNDA:1,(anonymous_4)
FNDA:1,(anonymous_5)
FNDA:1,(anonymous_6)
FNDA:1,(anonymous_7)
FNDA:0,(anonymous_8)
FNDA:0,(anonymous_9)
FNDA:0,(anonymous_10)
FNDA:1,(anonymous_11)
FNDA:1,(anonymous_12)
DA:19,1
DA:20,0
DA:25,0
DA:29,0
DA:33,0
DA:34,0
DA:38,0
DA:42,6
DA:43,6
DA:44,6
DA:45,6
DA:46,6
DA:47,6
DA:69,6
DA:94,1
DA:107,1
DA:121,1
DA:135,1
DA:142,1
DA:143,1
DA:162,0
DA:164,0
DA:167,0
DA:168,0
DA:169,0
DA:173,0
DA:194,1
DA:202,1
DA:252,1
LF:29
LH:17
BRDA:29,0,0,0
BRDA:29,0,1,0
BRDA:142,1,0,1
BRDA:142,1,1,0
BRDA:162,2,0,0
BRDA:162,2,1,0
BRDA:164,3,0,0
BRDA:164,3,1,0
BRDA:175,4,0,6
BRDA:175,4,1,0
BRF:10
BRH:2
end_of_record
TN:
SF:Components/backgroundImage.js
FN:4,RandPic
FN:14,BackgroundImage
FNF:2
FNH:2
FNDA:5,RandPic
FNDA:5,BackgroundImage
DA:5,5
DA:6,5
DA:8,5
DA:9,5
DA:10,5
DA:11,5
DA:15,5
DA:17,5
LF:8
LH:8
BRDA:8,0,0,2
BRDA:8,0,1,3
BRDA:9,1,0,2
BRDA:9,1,1,3
BRDA:10,2,0,1
BRDA:10,2,1,4
BRF:6
BRH:6
end_of_record
TN:
SF:Components/box.js
FN:6,GotoComment
FN:11,Box
FN:46,(anonymous_2)
FNF:3
FNH:3
FNDA:1,GotoComment
FNDA:4,Box
FNDA:1,(anonymous_2)
DA:7,1
DA:8,1
DA:13,4
DA:46,1
DA:69,3
LF:5
LH:5
BRF:0
BRH:0
end_of_record
TN:
SF:Components/rondForm.js
FN:7,(anonymous_0)
FNF:1
FNH:1
FNDA:2,(anonymous_0)
DA:8,2
LF:1
LH:1
BRF:0
BRH:0
end_of_record
TN:
SF:Components/sugest.js
FN:10,(anonymous_0)
FNF:1
FNH:1
FNDA:2,(anonymous_0)
DA:7,1
DA:11,2
DA:17,1
LF:3
LH:3
BRF:0
BRH:0
end_of_record
TN:
SF:env/Environement.js
FNF:0
FNH:0
DA:1,11
DA:6,11
DA:8,11
DA:10,11
DA:12,11
DA:14,11
LF:6
LH:6
BRDA:8,0,0,11
BRDA:8,0,1,11
BRDA:12,1,0,11
BRDA:12,1,1,11
BRF:4
BRH:4
end_of_record
TN:
SF:images/Logo.png
FNF:0
FNH:0
DA:1,2
LF:1
LH:1
BRF:0
BRH:0
end_of_record
TN:
SF:images/empty_star.png
FNF:0
FNH:0
DA:1,1
LF:1
LH:1
BRF:0
BRH:0
end_of_record
TN:
SF:images/half_star.png
FNF:0
FNH:0
DA:1,1
LF:1
LH:1
BRF:0
BRH:0
end_of_record
TN:
SF:images/left_arrow.png
FNF:0
FNH:0
DA:1,1
LF:1
LH:1
BRF:0
BRH:0
end_of_record
TN:
SF:images/search.png
FNF:0
FNH:0
DA:1,2
LF:1
LH:1
BRF:0
BRH:0
end_of_record
TN:
SF:images/star.png
FNF:0
FNH:0
DA:1,1
LF:1
LH:1
BRF:0
BRH:0
end_of_record
TN:
SF:ressources/end.png
FNF:0
FNH:0
DA:1,1
LF:1
LH:1
BRF:0
BRH:0
end_of_record
TN:
SF:ressources/friend.png
FNF:0
FNH:0
DA:1,5
LF:1
LH:1
BRF:0
BRH:0
end_of_record
TN:
SF:ressources/home.png
FNF:0
FNH:0
DA:1,5
LF:1
LH:1
BRF:0
BRH:0
end_of_record
TN:
SF:ressources/logo3.png
FNF:0
FNH:0
DA:1,1
LF:1
LH:1
BRF:0
BRH:0
end_of_record
TN:
SF:ressources/partenaire.png
FNF:0
FNH:0
DA:1,1
LF:1
LH:1
BRF:0
BRH:0
end_of_record
TN:
SF:ressources/plum2.jpg
FNF:0
FNH:0
DA:1,2
LF:1
LH:1
BRF:0
BRH:0
end_of_record
TN:
SF:ressources/plus.png
FNF:0
FNH:0
DA:1,5
LF:1
LH:1
BRF:0
BRH:0
end_of_record
TN:
SF:ressources/profile.png
FNF:0
FNH:0
DA:1,5
LF:1
LH:1
BRF:0
BRH:0
end_of_record
TN:
SF:ressources/street1.jpg
FNF:0
FNH:0
DA:1,3
LF:1
LH:1
BRF:0
BRH:0
end_of_record
TN:
SF:ressources/street2.jpeg
FNF:0
FNH:0
DA:1,3
LF:1
LH:1
BRF:0
BRH:0
end_of_record
TN:
SF:ressources/trip.png
FNF:0
FNH:0
DA:1,4
LF:1
LH:1
BRF:0
BRH:0
end_of_record
